{"C:\\Users\\windows11\\ZXP\\byesmoke-v0\\byesmoke-v00\\src\\hooks\\useInterstitialAd.ts": {"path":"C:\\Users\\windows11\\ZXP\\byesmoke-v0\\byesmoke-v00\\src\\hooks\\useInterstitialAd.ts","statementMap":{"0":{"start":{"line":1,"column":0},"end":{"line":1,"column":57}},"1":{"start":{"line":2,"column":0},"end":{"line":2,"column":79}},"2":{"start":{"line":23,"column":33},"end":{"line":69,"column":1}},"3":{"start":{"line":24,"column":34},"end":{"line":24,"column":57}},"4":{"start":{"line":27,"column":2},"end":{"line":33,"column":9}},"5":{"start":{"line":28,"column":21},"end":{"line":30,"column":12}},"6":{"start":{"line":29,"column":6},"end":{"line":29,"column":33}},"7":{"start":{"line":32,"column":4},"end":{"line":32,"column":41}},"8":{"start":{"line":32,"column":17},"end":{"line":32,"column":40}},"9":{"start":{"line":38,"column":17},"end":{"line":56,"column":12}},"10":{"start":{"line":39,"column":4},"end":{"line":42,"column":5}},"11":{"start":{"line":40,"column":6},"end":{"line":40,"column":55}},"12":{"start":{"line":41,"column":6},"end":{"line":41,"column":19}},"13":{"start":{"line":44,"column":4},"end":{"line":55,"column":5}},"14":{"start":{"line":46,"column":23},"end":{"line":46,"column":63}},"15":{"start":{"line":49,"column":6},"end":{"line":49,"column":33}},"16":{"start":{"line":51,"column":6},"end":{"line":51,"column":22}},"17":{"start":{"line":53,"column":6},"end":{"line":53,"column":61}},"18":{"start":{"line":54,"column":6},"end":{"line":54,"column":19}},"19":{"start":{"line":61,"column":18},"end":{"line":61,"column":49}},"20":{"start":{"line":63,"column":2},"end":{"line":68,"column":4}},"21":{"start":{"line":23,"column":13},"end":{"line":23,"column":33}},"22":{"start":{"line":74,"column":40},"end":{"line":87,"column":1}},"23":{"start":{"line":78,"column":21},"end":{"line":78,"column":44}},"24":{"start":{"line":80,"column":27},"end":{"line":84,"column":21}},"25":{"start":{"line":81,"column":4},"end":{"line":83,"column":14}},"26":{"start":{"line":82,"column":6},"end":{"line":82,"column":22}},"27":{"start":{"line":86,"column":2},"end":{"line":86,"column":30}},"28":{"start":{"line":74,"column":13},"end":{"line":74,"column":40}},"29":{"start":{"line":89,"column":0},"end":{"line":89,"column":33}}},"fnMap":{"0":{"name":"(anonymous_0)","decl":{"start":{"line":23,"column":33},"end":{"line":23,"column":34}},"loc":{"start":{"line":23,"column":80},"end":{"line":69,"column":1}}},"1":{"name":"(anonymous_1)","decl":{"start":{"line":27,"column":12},"end":{"line":27,"column":15}},"loc":{"start":{"line":27,"column":17},"end":{"line":33,"column":3}}},"2":{"name":"(anonymous_2)","decl":{"start":{"line":28,"column":33},"end":{"line":28,"column":36}},"loc":{"start":{"line":28,"column":38},"end":{"line":30,"column":5}}},"3":{"name":"(anonymous_3)","decl":{"start":{"line":32,"column":11},"end":{"line":32,"column":14}},"loc":{"start":{"line":32,"column":17},"end":{"line":32,"column":40}}},"4":{"name":"(anonymous_4)","decl":{"start":{"line":38,"column":29},"end":{"line":38,"column":34}},"loc":{"start":{"line":38,"column":85},"end":{"line":56,"column":3}}},"5":{"name":"(anonymous_5)","decl":{"start":{"line":74,"column":40},"end":{"line":74,"column":null}},"loc":{"start":{"line":77,"column":4},"end":{"line":87,"column":1}}},"6":{"name":"(anonymous_6)","decl":{"start":{"line":80,"column":39},"end":{"line":80,"column":40}},"loc":{"start":{"line":80,"column":60},"end":{"line":84,"column":3}}},"7":{"name":"(anonymous_7)","decl":{"start":{"line":81,"column":15},"end":{"line":81,"column":18}},"loc":{"start":{"line":81,"column":20},"end":{"line":83,"column":5}}}},"branchMap":{"0":{"loc":{"start":{"line":38,"column":36},"end":{"line":38,"column":63}},"type":"default-arg","locations":[{"start":{"line":38,"column":54},"end":{"line":38,"column":63}}]},"1":{"loc":{"start":{"line":39,"column":4},"end":{"line":42,"column":5}},"type":"if","locations":[{"start":{"line":39,"column":4},"end":{"line":42,"column":5}},{"start":{},"end":{}}]},"2":{"loc":{"start":{"line":61,"column":18},"end":{"line":61,"column":49}},"type":"cond-expr","locations":[{"start":{"line":61,"column":25},"end":{"line":61,"column":41}},{"start":{"line":61,"column":44},"end":{"line":61,"column":49}}]},"3":{"loc":{"start":{"line":76,"column":2},"end":{"line":76,"column":22}},"type":"default-arg","locations":[{"start":{"line":76,"column":18},"end":{"line":76,"column":22}}]}},"s":{"0":0,"1":0,"2":0,"3":0,"4":0,"5":0,"6":0,"7":0,"8":0,"9":0,"10":0,"11":0,"12":0,"13":0,"14":0,"15":0,"16":0,"17":0,"18":0,"19":0,"20":0,"21":0,"22":0,"23":0,"24":0,"25":0,"26":0,"27":0,"28":0,"29":0},"f":{"0":0,"1":0,"2":0,"3":0,"4":0,"5":0,"6":0,"7":0},"b":{"0":[0],"1":[0,0],"2":[0,0],"3":[0]}}
,"C:\\Users\\windows11\\ZXP\\byesmoke-v0\\byesmoke-v00\\src\\hooks\\useInterstitialAd.web.ts": {"path":"C:\\Users\\windows11\\ZXP\\byesmoke-v0\\byesmoke-v00\\src\\hooks\\useInterstitialAd.web.ts","statementMap":{"0":{"start":{"line":1,"column":0},"end":{"line":1,"column":36}},"1":{"start":{"line":18,"column":33},"end":{"line":36,"column":1}},"2":{"start":{"line":19,"column":17},"end":{"line":22,"column":8}},"3":{"start":{"line":20,"column":4},"end":{"line":20,"column":58}},"4":{"start":{"line":21,"column":4},"end":{"line":21,"column":17}},"5":{"start":{"line":24,"column":2},"end":{"line":35,"column":4}},"6":{"start":{"line":18,"column":13},"end":{"line":18,"column":33}},"7":{"start":{"line":38,"column":40},"end":{"line":47,"column":1}},"8":{"start":{"line":42,"column":27},"end":{"line":44,"column":8}},"9":{"start":{"line":43,"column":4},"end":{"line":43,"column":58}},"10":{"start":{"line":46,"column":2},"end":{"line":46,"column":30}},"11":{"start":{"line":38,"column":13},"end":{"line":38,"column":40}},"12":{"start":{"line":49,"column":0},"end":{"line":49,"column":33}}},"fnMap":{"0":{"name":"(anonymous_0)","decl":{"start":{"line":18,"column":33},"end":{"line":18,"column":34}},"loc":{"start":{"line":18,"column":80},"end":{"line":36,"column":1}}},"1":{"name":"(anonymous_1)","decl":{"start":{"line":19,"column":29},"end":{"line":19,"column":34}},"loc":{"start":{"line":19,"column":85},"end":{"line":22,"column":3}}},"2":{"name":"(anonymous_2)","decl":{"start":{"line":38,"column":40},"end":{"line":38,"column":null}},"loc":{"start":{"line":41,"column":4},"end":{"line":47,"column":1}}},"3":{"name":"(anonymous_3)","decl":{"start":{"line":42,"column":39},"end":{"line":42,"column":40}},"loc":{"start":{"line":42,"column":60},"end":{"line":44,"column":3}}}},"branchMap":{"0":{"loc":{"start":{"line":19,"column":36},"end":{"line":19,"column":63}},"type":"default-arg","locations":[{"start":{"line":19,"column":54},"end":{"line":19,"column":63}}]},"1":{"loc":{"start":{"line":40,"column":2},"end":{"line":40,"column":22}},"type":"default-arg","locations":[{"start":{"line":40,"column":18},"end":{"line":40,"column":22}}]}},"s":{"0":0,"1":0,"2":0,"3":0,"4":0,"5":0,"6":0,"7":0,"8":0,"9":0,"10":0,"11":0,"12":0},"f":{"0":0,"1":0,"2":0,"3":0},"b":{"0":[0],"1":[0]}}
,"C:\\Users\\windows11\\ZXP\\byesmoke-v0\\byesmoke-v00\\src\\hooks\\useTranslation.ts": {"path":"C:\\Users\\windows11\\ZXP\\byesmoke-v0\\byesmoke-v00\\src\\hooks\\useTranslation.ts","statementMap":{"0":{"start":{"line":4,"column":0},"end":{"line":4,"column":16}},"1":{"start":{"line":46,"column":0},"end":{"line":46,"column":16}},"2":{"start":{"line":1,"column":0},"end":{"line":1,"column":52}},"3":{"start":{"line":2,"column":0},"end":{"line":2,"column":79}},"4":{"start":{"line":5,"column":23},"end":{"line":5,"column":33}},"5":{"start":{"line":7,"column":12},"end":{"line":7,"column":48}},"6":{"start":{"line":10,"column":20},"end":{"line":36,"column":3}},"7":{"start":{"line":12,"column":17},"end":{"line":12,"column":31}},"8":{"start":{"line":13,"column":21},"end":{"line":13,"column":22}},"9":{"start":{"line":15,"column":4},"end":{"line":22,"column":5}},"10":{"start":{"line":16,"column":6},"end":{"line":21,"column":7}},"11":{"start":{"line":17,"column":8},"end":{"line":17,"column":25}},"12":{"start":{"line":20,"column":8},"end":{"line":20,"column":19}},"13":{"start":{"line":24,"column":4},"end":{"line":26,"column":5}},"14":{"start":{"line":25,"column":6},"end":{"line":25,"column":17}},"15":{"start":{"line":29,"column":4},"end":{"line":33,"column":5}},"16":{"start":{"line":30,"column":6},"end":{"line":32,"column":16}},"17":{"start":{"line":31,"column":8},"end":{"line":31,"column":75}},"18":{"start":{"line":35,"column":4},"end":{"line":35,"column":17}},"19":{"start":{"line":38,"column":2},"end":{"line":42,"column":4}},"20":{"start":{"line":47,"column":26},"end":{"line":47,"column":42}},"21":{"start":{"line":48,"column":2},"end":{"line":51,"column":4}}},"fnMap":{"0":{"name":"useTranslation","decl":{"start":{"line":4,"column":16},"end":{"line":4,"column":30}},"loc":{"start":{"line":4,"column":30},"end":{"line":43,"column":1}}},"1":{"name":"(anonymous_1)","decl":{"start":{"line":10,"column":20},"end":{"line":10,"column":21}},"loc":{"start":{"line":10,"column":86},"end":{"line":36,"column":3}}},"2":{"name":"(anonymous_2)","decl":{"start":{"line":30,"column":43},"end":{"line":30,"column":44}},"loc":{"start":{"line":30,"column":65},"end":{"line":32,"column":7}}},"3":{"name":"useTranslationFor","decl":{"start":{"line":46,"column":16},"end":{"line":46,"column":33}},"loc":{"start":{"line":46,"column":61},"end":{"line":52,"column":1}}}},"branchMap":{"0":{"loc":{"start":{"line":16,"column":6},"end":{"line":21,"column":7}},"type":"if","locations":[{"start":{"line":16,"column":6},"end":{"line":21,"column":7}},{"start":{"line":18,"column":13},"end":{"line":21,"column":7}}]},"1":{"loc":{"start":{"line":16,"column":10},"end":{"line":16,"column":58}},"type":"binary-expr","locations":[{"start":{"line":16,"column":10},"end":{"line":16,"column":15}},{"start":{"line":16,"column":19},"end":{"line":16,"column":44}},{"start":{"line":16,"column":48},"end":{"line":16,"column":58}}]},"2":{"loc":{"start":{"line":24,"column":4},"end":{"line":26,"column":5}},"type":"if","locations":[{"start":{"line":24,"column":4},"end":{"line":26,"column":5}},{"start":{},"end":{}}]},"3":{"loc":{"start":{"line":29,"column":4},"end":{"line":33,"column":5}},"type":"if","locations":[{"start":{"line":29,"column":4},"end":{"line":33,"column":5}},{"start":{},"end":{}}]}},"s":{"0":0,"1":0,"2":0,"3":0,"4":0,"5":0,"6":0,"7":0,"8":0,"9":0,"10":0,"11":0,"12":0,"13":0,"14":0,"15":0,"16":0,"17":0,"18":0,"19":0,"20":0,"21":0},"f":{"0":0,"1":0,"2":0,"3":0},"b":{"0":[0,0],"1":[0,0,0],"2":[0,0],"3":[0,0]}}
,"C:\\Users\\windows11\\ZXP\\byesmoke-v0\\byesmoke-v00\\src\\services\\adMob.web.ts": {"path":"C:\\Users\\windows11\\ZXP\\byesmoke-v0\\byesmoke-v00\\src\\services\\adMob.web.ts","statementMap":{"0":{"start":{"line":3,"column":0},"end":{"line":3,"column":44}},"1":{"start":{"line":7,"column":4},"end":{"line":7,"column":55}},"2":{"start":{"line":14,"column":4},"end":{"line":14,"column":55}},"3":{"start":{"line":15,"column":4},"end":{"line":15,"column":17}},"4":{"start":{"line":19,"column":4},"end":{"line":19,"column":17}},"5":{"start":{"line":23,"column":24},"end":{"line":23,"column":45}},"6":{"start":{"line":25,"column":34},"end":{"line":26,"column":60}},"7":{"start":{"line":26,"column":2},"end":{"line":26,"column":60}},"8":{"start":{"line":25,"column":13},"end":{"line":25,"column":34}},"9":{"start":{"line":28,"column":0},"end":{"line":28,"column":31}}},"fnMap":{"0":{"name":"(anonymous_0)","decl":{"start":{"line":6,"column":2},"end":{"line":6,"column":7}},"loc":{"start":{"line":6,"column":18},"end":{"line":8,"column":3}}},"1":{"name":"(anonymous_1)","decl":{"start":{"line":10,"column":2},"end":{"line":10,"column":7}},"loc":{"start":{"line":12,"column":31},"end":{"line":16,"column":3}}},"2":{"name":"(anonymous_2)","decl":{"start":{"line":18,"column":2},"end":{"line":18,"column":12}},"loc":{"start":{"line":18,"column":12},"end":{"line":20,"column":3}}},"3":{"name":"(anonymous_3)","decl":{"start":{"line":25,"column":34},"end":{"line":25,"column":35}},"loc":{"start":{"line":26,"column":2},"end":{"line":26,"column":60}}}},"branchMap":{"0":{"loc":{"start":{"line":12,"column":4},"end":{"line":12,"column":31}},"type":"default-arg","locations":[{"start":{"line":12,"column":22},"end":{"line":12,"column":31}}]}},"s":{"0":0,"1":0,"2":0,"3":0,"4":0,"5":0,"6":0,"7":0,"8":0,"9":0},"f":{"0":0,"1":0,"2":0,"3":0},"b":{"0":[0]}}
,"C:\\Users\\windows11\\ZXP\\byesmoke-v0\\byesmoke-v00\\src\\services\\analytics.ts": {"path":"C:\\Users\\windows11\\ZXP\\byesmoke-v0\\byesmoke-v00\\src\\services\\analytics.ts","statementMap":{"0":{"start":{"line":1,"column":0},"end":{"line":1,"column":103}},"1":{"start":{"line":2,"column":0},"end":{"line":2,"column":29}},"2":{"start":{"line":3,"column":0},"end":{"line":3,"column":61}},"3":{"start":{"line":6,"column":21},"end":{"line":6,"column":25}},"4":{"start":{"line":9,"column":0},"end":{"line":15,"column":3}},"5":{"start":{"line":10,"column":2},"end":{"line":12,"column":3}},"6":{"start":{"line":11,"column":4},"end":{"line":11,"column":34}},"7":{"start":{"line":14,"column":2},"end":{"line":14,"column":70}},"8":{"start":{"line":25,"column":33},"end":{"line":37,"column":1}},"9":{"start":{"line":26,"column":2},"end":{"line":36,"column":3}},"10":{"start":{"line":27,"column":4},"end":{"line":30,"column":5}},"11":{"start":{"line":28,"column":6},"end":{"line":28,"column":62}},"12":{"start":{"line":29,"column":6},"end":{"line":29,"column":13}},"13":{"start":{"line":32,"column":4},"end":{"line":32,"column":47}},"14":{"start":{"line":33,"column":4},"end":{"line":33,"column":67}},"15":{"start":{"line":35,"column":4},"end":{"line":35,"column":55}},"16":{"start":{"line":25,"column":13},"end":{"line":25,"column":33}},"17":{"start":{"line":42,"column":34},"end":{"line":54,"column":1}},"18":{"start":{"line":43,"column":2},"end":{"line":53,"column":3}},"19":{"start":{"line":44,"column":4},"end":{"line":47,"column":5}},"20":{"start":{"line":45,"column":6},"end":{"line":45,"column":53}},"21":{"start":{"line":46,"column":6},"end":{"line":46,"column":13}},"22":{"start":{"line":49,"column":4},"end":{"line":49,"column":33}},"23":{"start":{"line":50,"column":4},"end":{"line":50,"column":51}},"24":{"start":{"line":52,"column":4},"end":{"line":52,"column":57}},"25":{"start":{"line":42,"column":13},"end":{"line":42,"column":34}},"26":{"start":{"line":59,"column":42},"end":{"line":71,"column":1}},"27":{"start":{"line":60,"column":2},"end":{"line":70,"column":3}},"28":{"start":{"line":61,"column":4},"end":{"line":64,"column":5}},"29":{"start":{"line":62,"column":6},"end":{"line":62,"column":65}},"30":{"start":{"line":63,"column":6},"end":{"line":63,"column":13}},"31":{"start":{"line":66,"column":4},"end":{"line":66,"column":45}},"32":{"start":{"line":67,"column":4},"end":{"line":67,"column":63}},"33":{"start":{"line":69,"column":4},"end":{"line":69,"column":65}},"34":{"start":{"line":59,"column":13},"end":{"line":59,"column":42}},"35":{"start":{"line":75,"column":30},"end":{"line":79,"column":1}},"36":{"start":{"line":76,"column":2},"end":{"line":78,"column":5}},"37":{"start":{"line":75,"column":13},"end":{"line":75,"column":30}},"38":{"start":{"line":81,"column":31},"end":{"line":85,"column":1}},"39":{"start":{"line":82,"column":2},"end":{"line":84,"column":5}},"40":{"start":{"line":81,"column":13},"end":{"line":81,"column":31}},"41":{"start":{"line":87,"column":33},"end":{"line":92,"column":1}},"42":{"start":{"line":88,"column":2},"end":{"line":91,"column":5}},"43":{"start":{"line":87,"column":13},"end":{"line":87,"column":33}},"44":{"start":{"line":94,"column":37},"end":{"line":100,"column":1}},"45":{"start":{"line":95,"column":2},"end":{"line":99,"column":5}},"46":{"start":{"line":94,"column":13},"end":{"line":94,"column":37}},"47":{"start":{"line":102,"column":34},"end":{"line":107,"column":1}},"48":{"start":{"line":103,"column":2},"end":{"line":106,"column":5}},"49":{"start":{"line":102,"column":13},"end":{"line":102,"column":34}},"50":{"start":{"line":109,"column":35},"end":{"line":114,"column":1}},"51":{"start":{"line":110,"column":2},"end":{"line":113,"column":5}},"52":{"start":{"line":109,"column":13},"end":{"line":109,"column":35}},"53":{"start":{"line":116,"column":39},"end":{"line":118,"column":1}},"54":{"start":{"line":117,"column":2},"end":{"line":117,"column":39}},"55":{"start":{"line":116,"column":13},"end":{"line":116,"column":39}},"56":{"start":{"line":120,"column":36},"end":{"line":124,"column":1}},"57":{"start":{"line":121,"column":2},"end":{"line":123,"column":5}},"58":{"start":{"line":120,"column":13},"end":{"line":120,"column":36}},"59":{"start":{"line":126,"column":31},"end":{"line":130,"column":1}},"60":{"start":{"line":127,"column":2},"end":{"line":129,"column":5}},"61":{"start":{"line":126,"column":13},"end":{"line":126,"column":31}},"62":{"start":{"line":132,"column":32},"end":{"line":137,"column":1}},"63":{"start":{"line":133,"column":2},"end":{"line":136,"column":5}},"64":{"start":{"line":132,"column":13},"end":{"line":132,"column":32}},"65":{"start":{"line":139,"column":26},"end":{"line":145,"column":1}},"66":{"start":{"line":140,"column":2},"end":{"line":144,"column":5}},"67":{"start":{"line":139,"column":13},"end":{"line":139,"column":26}},"68":{"start":{"line":147,"column":40},"end":{"line":151,"column":1}},"69":{"start":{"line":148,"column":2},"end":{"line":150,"column":5}},"70":{"start":{"line":147,"column":13},"end":{"line":147,"column":40}},"71":{"start":{"line":153,"column":36},"end":{"line":158,"column":1}},"72":{"start":{"line":154,"column":2},"end":{"line":157,"column":5}},"73":{"start":{"line":153,"column":13},"end":{"line":153,"column":36}},"74":{"start":{"line":161,"column":36},"end":{"line":166,"column":1}},"75":{"start":{"line":162,"column":2},"end":{"line":165,"column":5}},"76":{"start":{"line":161,"column":13},"end":{"line":161,"column":36}},"77":{"start":{"line":168,"column":37},"end":{"line":173,"column":1}},"78":{"start":{"line":169,"column":2},"end":{"line":172,"column":5}},"79":{"start":{"line":168,"column":13},"end":{"line":168,"column":37}},"80":{"start":{"line":175,"column":34},"end":{"line":180,"column":1}},"81":{"start":{"line":176,"column":2},"end":{"line":179,"column":5}},"82":{"start":{"line":175,"column":13},"end":{"line":175,"column":34}},"83":{"start":{"line":182,"column":0},"end":{"line":202,"column":2}}},"fnMap":{"0":{"name":"(anonymous_1)","decl":{"start":{"line":9,"column":19},"end":{"line":9,"column":20}},"loc":{"start":{"line":9,"column":33},"end":{"line":13,"column":1}}},"1":{"name":"(anonymous_2)","decl":{"start":{"line":13,"column":9},"end":{"line":13,"column":12}},"loc":{"start":{"line":13,"column":14},"end":{"line":15,"column":1}}},"2":{"name":"(anonymous_3)","decl":{"start":{"line":25,"column":33},"end":{"line":25,"column":34}},"loc":{"start":{"line":25,"column":89},"end":{"line":37,"column":1}}},"3":{"name":"(anonymous_4)","decl":{"start":{"line":42,"column":34},"end":{"line":42,"column":35}},"loc":{"start":{"line":42,"column":53},"end":{"line":54,"column":1}}},"4":{"name":"(anonymous_5)","decl":{"start":{"line":59,"column":42},"end":{"line":59,"column":43}},"loc":{"start":{"line":59,"column":81},"end":{"line":71,"column":1}}},"5":{"name":"(anonymous_6)","decl":{"start":{"line":75,"column":30},"end":{"line":75,"column":31}},"loc":{"start":{"line":75,"column":59},"end":{"line":79,"column":1}}},"6":{"name":"(anonymous_7)","decl":{"start":{"line":81,"column":31},"end":{"line":81,"column":32}},"loc":{"start":{"line":81,"column":51},"end":{"line":85,"column":1}}},"7":{"name":"(anonymous_8)","decl":{"start":{"line":87,"column":33},"end":{"line":87,"column":34}},"loc":{"start":{"line":87,"column":70},"end":{"line":92,"column":1}}},"8":{"name":"(anonymous_9)","decl":{"start":{"line":94,"column":37},"end":{"line":94,"column":38}},"loc":{"start":{"line":94,"column":97},"end":{"line":100,"column":1}}},"9":{"name":"(anonymous_10)","decl":{"start":{"line":102,"column":34},"end":{"line":102,"column":35}},"loc":{"start":{"line":102,"column":73},"end":{"line":107,"column":1}}},"10":{"name":"(anonymous_11)","decl":{"start":{"line":109,"column":35},"end":{"line":109,"column":36}},"loc":{"start":{"line":109,"column":95},"end":{"line":114,"column":1}}},"11":{"name":"(anonymous_12)","decl":{"start":{"line":116,"column":39},"end":{"line":116,"column":42}},"loc":{"start":{"line":116,"column":44},"end":{"line":118,"column":1}}},"12":{"name":"(anonymous_13)","decl":{"start":{"line":120,"column":36},"end":{"line":120,"column":37}},"loc":{"start":{"line":120,"column":61},"end":{"line":124,"column":1}}},"13":{"name":"(anonymous_14)","decl":{"start":{"line":126,"column":31},"end":{"line":126,"column":32}},"loc":{"start":{"line":126,"column":54},"end":{"line":130,"column":1}}},"14":{"name":"(anonymous_15)","decl":{"start":{"line":132,"column":32},"end":{"line":132,"column":33}},"loc":{"start":{"line":132,"column":74},"end":{"line":137,"column":1}}},"15":{"name":"(anonymous_16)","decl":{"start":{"line":139,"column":26},"end":{"line":139,"column":27}},"loc":{"start":{"line":139,"column":88},"end":{"line":145,"column":1}}},"16":{"name":"(anonymous_17)","decl":{"start":{"line":147,"column":40},"end":{"line":147,"column":41}},"loc":{"start":{"line":147,"column":62},"end":{"line":151,"column":1}}},"17":{"name":"(anonymous_18)","decl":{"start":{"line":153,"column":36},"end":{"line":153,"column":37}},"loc":{"start":{"line":153,"column":75},"end":{"line":158,"column":1}}},"18":{"name":"(anonymous_19)","decl":{"start":{"line":161,"column":36},"end":{"line":161,"column":37}},"loc":{"start":{"line":161,"column":89},"end":{"line":166,"column":1}}},"19":{"name":"(anonymous_20)","decl":{"start":{"line":168,"column":37},"end":{"line":168,"column":38}},"loc":{"start":{"line":168,"column":86},"end":{"line":173,"column":1}}},"20":{"name":"(anonymous_21)","decl":{"start":{"line":175,"column":34},"end":{"line":175,"column":35}},"loc":{"start":{"line":175,"column":77},"end":{"line":180,"column":1}}}},"branchMap":{"0":{"loc":{"start":{"line":10,"column":2},"end":{"line":12,"column":3}},"type":"if","locations":[{"start":{"line":10,"column":2},"end":{"line":12,"column":3}},{"start":{},"end":{}}]},"1":{"loc":{"start":{"line":27,"column":4},"end":{"line":30,"column":5}},"type":"if","locations":[{"start":{"line":27,"column":4},"end":{"line":30,"column":5}},{"start":{},"end":{}}]},"2":{"loc":{"start":{"line":27,"column":8},"end":{"line":27,"column":38}},"type":"binary-expr","locations":[{"start":{"line":27,"column":8},"end":{"line":27,"column":24}},{"start":{"line":27,"column":28},"end":{"line":27,"column":38}}]},"3":{"loc":{"start":{"line":44,"column":4},"end":{"line":47,"column":5}},"type":"if","locations":[{"start":{"line":44,"column":4},"end":{"line":47,"column":5}},{"start":{},"end":{}}]},"4":{"loc":{"start":{"line":44,"column":8},"end":{"line":44,"column":38}},"type":"binary-expr","locations":[{"start":{"line":44,"column":8},"end":{"line":44,"column":24}},{"start":{"line":44,"column":28},"end":{"line":44,"column":38}}]},"5":{"loc":{"start":{"line":61,"column":4},"end":{"line":64,"column":5}},"type":"if","locations":[{"start":{"line":61,"column":4},"end":{"line":64,"column":5}},{"start":{},"end":{}}]},"6":{"loc":{"start":{"line":61,"column":8},"end":{"line":61,"column":38}},"type":"binary-expr","locations":[{"start":{"line":61,"column":8},"end":{"line":61,"column":24}},{"start":{"line":61,"column":28},"end":{"line":61,"column":38}}]},"7":{"loc":{"start":{"line":112,"column":14},"end":{"line":112,"column":35}},"type":"binary-expr","locations":[{"start":{"line":112,"column":14},"end":{"line":112,"column":22}},{"start":{"line":112,"column":26},"end":{"line":112,"column":35}}]}},"s":{"0":0,"1":0,"2":0,"3":0,"4":0,"5":0,"6":0,"7":0,"8":0,"9":0,"10":0,"11":0,"12":0,"13":0,"14":0,"15":0,"16":0,"17":0,"18":0,"19":0,"20":0,"21":0,"22":0,"23":0,"24":0,"25":0,"26":0,"27":0,"28":0,"29":0,"30":0,"31":0,"32":0,"33":0,"34":0,"35":0,"36":0,"37":0,"38":0,"39":0,"40":0,"41":0,"42":0,"43":0,"44":0,"45":0,"46":0,"47":0,"48":0,"49":0,"50":0,"51":0,"52":0,"53":0,"54":0,"55":0,"56":0,"57":0,"58":0,"59":0,"60":0,"61":0,"62":0,"63":0,"64":0,"65":0,"66":0,"67":0,"68":0,"69":0,"70":0,"71":0,"72":0,"73":0,"74":0,"75":0,"76":0,"77":0,"78":0,"79":0,"80":0,"81":0,"82":0,"83":0},"f":{"0":0,"1":0,"2":0,"3":0,"4":0,"5":0,"6":0,"7":0,"8":0,"9":0,"10":0,"11":0,"12":0,"13":0,"14":0,"15":0,"16":0,"17":0,"18":0,"19":0,"20":0},"b":{"0":[0,0],"1":[0,0],"2":[0,0],"3":[0,0],"4":[0,0],"5":[0,0],"6":[0,0],"7":[0,0]}}
,"C:\\Users\\windows11\\ZXP\\byesmoke-v0\\byesmoke-v00\\src\\services\\auth.ts": {"path":"C:\\Users\\windows11\\ZXP\\byesmoke-v0\\byesmoke-v00\\src\\services\\auth.ts","statementMap":{"0":{"start":{"line":1,"column":0},"end":{"line":1,"column":38}},"1":{"start":{"line":2,"column":0},"end":{"line":2,"column":null}},"2":{"start":{"line":9,"column":0},"end":{"line":9,"column":79}},"3":{"start":{"line":11,"column":0},"end":{"line":11,"column":53}},"4":{"start":{"line":12,"column":0},"end":{"line":12,"column":69}},"5":{"start":{"line":13,"column":0},"end":{"line":13,"column":null}},"6":{"start":{"line":20,"column":0},"end":{"line":20,"column":44}},"7":{"start":{"line":23,"column":29},"end":{"line":52,"column":1}},"8":{"start":{"line":25,"column":48},"end":{"line":36,"column":4}},"9":{"start":{"line":39,"column":29},"end":{"line":39,"column":63}},"10":{"start":{"line":40,"column":2},"end":{"line":43,"column":3}},"11":{"start":{"line":41,"column":22},"end":{"line":41,"column":43}},"12":{"start":{"line":42,"column":4},"end":{"line":42,"column":77}},"13":{"start":{"line":46,"column":2},"end":{"line":48,"column":3}},"14":{"start":{"line":47,"column":4},"end":{"line":47,"column":24}},"15":{"start":{"line":51,"column":2},"end":{"line":51,"column":47}},"16":{"start":{"line":54,"column":22},"end":{"line":100,"column":1}},"17":{"start":{"line":61,"column":2},"end":{"line":99,"column":3}},"18":{"start":{"line":63,"column":27},"end":{"line":63,"column":47}},"19":{"start":{"line":64,"column":33},"end":{"line":64,"column":65}},"20":{"start":{"line":66,"column":30},"end":{"line":66,"column":108}},"21":{"start":{"line":69,"column":23},"end":{"line":74,"column":null}},"22":{"start":{"line":77,"column":4},"end":{"line":81,"column":5}},"23":{"start":{"line":78,"column":27},"end":{"line":78,"column":55}},"24":{"start":{"line":79,"column":6},"end":{"line":79,"column":62}},"25":{"start":{"line":80,"column":6},"end":{"line":80,"column":36}},"26":{"start":{"line":84,"column":27},"end":{"line":84,"column":95}},"27":{"start":{"line":85,"column":17},"end":{"line":85,"column":36}},"28":{"start":{"line":88,"column":4},"end":{"line":88,"column":69}},"29":{"start":{"line":91,"column":4},"end":{"line":91,"column":76}},"30":{"start":{"line":93,"column":4},"end":{"line":93,"column":57}},"31":{"start":{"line":94,"column":4},"end":{"line":94,"column":16}},"32":{"start":{"line":96,"column":4},"end":{"line":96,"column":49}},"33":{"start":{"line":98,"column":4},"end":{"line":98,"column":57}},"34":{"start":{"line":54,"column":13},"end":{"line":54,"column":22}},"35":{"start":{"line":102,"column":22},"end":{"line":125,"column":1}},"36":{"start":{"line":103,"column":2},"end":{"line":124,"column":3}},"37":{"start":{"line":105,"column":27},"end":{"line":105,"column":47}},"38":{"start":{"line":108,"column":23},"end":{"line":108,"column":63}},"39":{"start":{"line":110,"column":4},"end":{"line":114,"column":5}},"40":{"start":{"line":111,"column":27},"end":{"line":111,"column":55}},"41":{"start":{"line":112,"column":6},"end":{"line":112,"column":62}},"42":{"start":{"line":113,"column":6},"end":{"line":113,"column":36}},"43":{"start":{"line":117,"column":27},"end":{"line":117,"column":91}},"44":{"start":{"line":118,"column":4},"end":{"line":118,"column":72}},"45":{"start":{"line":119,"column":4},"end":{"line":119,"column":31}},"46":{"start":{"line":121,"column":4},"end":{"line":121,"column":49}},"47":{"start":{"line":123,"column":4},"end":{"line":123,"column":57}},"48":{"start":{"line":102,"column":13},"end":{"line":102,"column":22}},"49":{"start":{"line":127,"column":22},"end":{"line":140,"column":1}},"50":{"start":{"line":128,"column":2},"end":{"line":139,"column":3}},"51":{"start":{"line":130,"column":4},"end":{"line":130,"column":70}},"52":{"start":{"line":131,"column":4},"end":{"line":131,"column":38}},"53":{"start":{"line":134,"column":4},"end":{"line":134,"column":24}},"54":{"start":{"line":135,"column":4},"end":{"line":135,"column":50}},"55":{"start":{"line":137,"column":4},"end":{"line":137,"column":49}},"56":{"start":{"line":138,"column":4},"end":{"line":138,"column":16}},"57":{"start":{"line":127,"column":13},"end":{"line":127,"column":22}},"58":{"start":{"line":142,"column":34},"end":{"line":190,"column":1}},"59":{"start":{"line":143,"column":18},"end":{"line":143,"column":44}},"60":{"start":{"line":145,"column":34},"end":{"line":171,"column":4}},"61":{"start":{"line":173,"column":2},"end":{"line":173,"column":34}},"62":{"start":{"line":176,"column":2},"end":{"line":187,"column":3}},"63":{"start":{"line":177,"column":22},"end":{"line":177,"column":75}},"64":{"start":{"line":178,"column":4},"end":{"line":184,"column":5}},"65":{"start":{"line":179,"column":6},"end":{"line":179,"column":115}},"66":{"start":{"line":179,"column":95},"end":{"line":179,"column":99}},"67":{"start":{"line":181,"column":6},"end":{"line":181,"column":67}},"68":{"start":{"line":183,"column":6},"end":{"line":183,"column":60}},"69":{"start":{"line":186,"column":4},"end":{"line":186,"column":68}},"70":{"start":{"line":189,"column":2},"end":{"line":189,"column":18}},"71":{"start":{"line":142,"column":13},"end":{"line":142,"column":34}},"72":{"start":{"line":193,"column":31},"end":{"line":206,"column":1}},"73":{"start":{"line":194,"column":2},"end":{"line":205,"column":3}},"74":{"start":{"line":195,"column":20},"end":{"line":195,"column":41}},"75":{"start":{"line":196,"column":20},"end":{"line":196,"column":41}},"76":{"start":{"line":198,"column":4},"end":{"line":200,"column":5}},"77":{"start":{"line":199,"column":6},"end":{"line":199,"column":52}},"78":{"start":{"line":201,"column":4},"end":{"line":201,"column":16}},"79":{"start":{"line":203,"column":4},"end":{"line":203,"column":57}},"80":{"start":{"line":204,"column":4},"end":{"line":204,"column":16}},"81":{"start":{"line":193,"column":13},"end":{"line":193,"column":31}},"82":{"start":{"line":208,"column":34},"end":{"line":226,"column":1}},"83":{"start":{"line":209,"column":2},"end":{"line":225,"column":3}},"84":{"start":{"line":210,"column":20},"end":{"line":210,"column":41}},"85":{"start":{"line":211,"column":4},"end":{"line":211,"column":35}},"86":{"start":{"line":214,"column":27},"end":{"line":218,"column":65}},"87":{"start":{"line":220,"column":4},"end":{"line":223,"column":5}},"88":{"start":{"line":222,"column":6},"end":{"line":222,"column":60}},"89":{"start":{"line":224,"column":4},"end":{"line":224,"column":16}},"90":{"start":{"line":208,"column":13},"end":{"line":208,"column":34}},"91":{"start":{"line":228,"column":36},"end":{"line":242,"column":1}},"92":{"start":{"line":229,"column":2},"end":{"line":241,"column":3}},"93":{"start":{"line":230,"column":24},"end":{"line":230,"column":40}},"94":{"start":{"line":231,"column":4},"end":{"line":236,"column":5}},"95":{"start":{"line":232,"column":22},"end":{"line":232,"column":55}},"96":{"start":{"line":233,"column":6},"end":{"line":233,"column":52}},"97":{"start":{"line":234,"column":6},"end":{"line":234,"column":57}},"98":{"start":{"line":235,"column":6},"end":{"line":235,"column":18}},"99":{"start":{"line":237,"column":4},"end":{"line":237,"column":17}},"100":{"start":{"line":239,"column":4},"end":{"line":239,"column":61}},"101":{"start":{"line":240,"column":4},"end":{"line":240,"column":16}},"102":{"start":{"line":228,"column":13},"end":{"line":228,"column":36}}},"fnMap":{"0":{"name":"(anonymous_0)","decl":{"start":{"line":23,"column":29},"end":{"line":23,"column":30}},"loc":{"start":{"line":23,"column":62},"end":{"line":52,"column":1}}},"1":{"name":"(anonymous_1)","decl":{"start":{"line":54,"column":22},"end":{"line":54,"column":27}},"loc":{"start":{"line":60,"column":4},"end":{"line":100,"column":1}}},"2":{"name":"(anonymous_2)","decl":{"start":{"line":102,"column":22},"end":{"line":102,"column":27}},"loc":{"start":{"line":102,"column":64},"end":{"line":125,"column":1}}},"3":{"name":"(anonymous_3)","decl":{"start":{"line":127,"column":22},"end":{"line":127,"column":27}},"loc":{"start":{"line":127,"column":33},"end":{"line":140,"column":1}}},"4":{"name":"(anonymous_4)","decl":{"start":{"line":142,"column":34},"end":{"line":142,"column":39}},"loc":{"start":{"line":142,"column":102},"end":{"line":190,"column":1}}},"5":{"name":"(anonymous_5)","decl":{"start":{"line":179,"column":90},"end":{"line":179,"column":91}},"loc":{"start":{"line":179,"column":95},"end":{"line":179,"column":99}}},"6":{"name":"(anonymous_6)","decl":{"start":{"line":193,"column":31},"end":{"line":193,"column":36}},"loc":{"start":{"line":193,"column":75},"end":{"line":206,"column":1}}},"7":{"name":"(anonymous_7)","decl":{"start":{"line":208,"column":34},"end":{"line":208,"column":39}},"loc":{"start":{"line":208,"column":77},"end":{"line":226,"column":1}}},"8":{"name":"(anonymous_8)","decl":{"start":{"line":228,"column":36},"end":{"line":228,"column":41}},"loc":{"start":{"line":228,"column":60},"end":{"line":242,"column":1}}}},"branchMap":{"0":{"loc":{"start":{"line":40,"column":2},"end":{"line":43,"column":3}},"type":"if","locations":[{"start":{"line":40,"column":2},"end":{"line":43,"column":3}},{"start":{},"end":{}}]},"1":{"loc":{"start":{"line":42,"column":11},"end":{"line":42,"column":76}},"type":"binary-expr","locations":[{"start":{"line":42,"column":11},"end":{"line":42,"column":35}},{"start":{"line":42,"column":39},"end":{"line":42,"column":76}}]},"2":{"loc":{"start":{"line":46,"column":2},"end":{"line":48,"column":3}},"type":"if","locations":[{"start":{"line":46,"column":2},"end":{"line":48,"column":3}},{"start":{},"end":{}}]},"3":{"loc":{"start":{"line":46,"column":6},"end":{"line":46,"column":76}},"type":"binary-expr","locations":[{"start":{"line":46,"column":6},"end":{"line":46,"column":40}},{"start":{"line":46,"column":44},"end":{"line":46,"column":76}}]},"4":{"loc":{"start":{"line":66,"column":30},"end":{"line":66,"column":108}},"type":"cond-expr","locations":[{"start":{"line":66,"column":41},"end":{"line":66,"column":67}},{"start":{"line":66,"column":70},"end":{"line":66,"column":108}}]},"5":{"loc":{"start":{"line":77,"column":4},"end":{"line":81,"column":5}},"type":"if","locations":[{"start":{"line":77,"column":4},"end":{"line":81,"column":5}},{"start":{},"end":{}}]},"6":{"loc":{"start":{"line":110,"column":4},"end":{"line":114,"column":5}},"type":"if","locations":[{"start":{"line":110,"column":4},"end":{"line":114,"column":5}},{"start":{},"end":{}}]},"7":{"loc":{"start":{"line":178,"column":4},"end":{"line":184,"column":5}},"type":"if","locations":[{"start":{"line":178,"column":4},"end":{"line":184,"column":5}},{"start":{},"end":{}}]},"8":{"loc":{"start":{"line":181,"column":29},"end":{"line":181,"column":50}},"type":"binary-expr","locations":[{"start":{"line":181,"column":29},"end":{"line":181,"column":44}},{"start":{"line":181,"column":48},"end":{"line":181,"column":50}}]},"9":{"loc":{"start":{"line":198,"column":4},"end":{"line":200,"column":5}},"type":"if","locations":[{"start":{"line":198,"column":4},"end":{"line":200,"column":5}},{"start":{},"end":{}}]},"10":{"loc":{"start":{"line":214,"column":27},"end":{"line":218,"column":65}},"type":"binary-expr","locations":[{"start":{"line":214,"column":27},"end":{"line":214,"column":75}},{"start":{"line":215,"column":26},"end":{"line":215,"column":74}},{"start":{"line":216,"column":26},"end":{"line":216,"column":86}},{"start":{"line":217,"column":26},"end":{"line":217,"column":54}},{"start":{"line":218,"column":26},"end":{"line":218,"column":65}}]},"11":{"loc":{"start":{"line":220,"column":4},"end":{"line":223,"column":5}},"type":"if","locations":[{"start":{"line":220,"column":4},"end":{"line":223,"column":5}},{"start":{},"end":{}}]},"12":{"loc":{"start":{"line":231,"column":4},"end":{"line":236,"column":5}},"type":"if","locations":[{"start":{"line":231,"column":4},"end":{"line":236,"column":5}},{"start":{},"end":{}}]},"13":{"loc":{"start":{"line":231,"column":8},"end":{"line":231,"column":50}},"type":"binary-expr","locations":[{"start":{"line":231,"column":8},"end":{"line":231,"column":19}},{"start":{"line":231,"column":23},"end":{"line":231,"column":50}}]}},"s":{"0":0,"1":0,"2":0,"3":0,"4":0,"5":0,"6":0,"7":0,"8":0,"9":0,"10":0,"11":0,"12":0,"13":0,"14":0,"15":0,"16":0,"17":0,"18":0,"19":0,"20":0,"21":0,"22":0,"23":0,"24":0,"25":0,"26":0,"27":0,"28":0,"29":0,"30":0,"31":0,"32":0,"33":0,"34":0,"35":0,"36":0,"37":0,"38":0,"39":0,"40":0,"41":0,"42":0,"43":0,"44":0,"45":0,"46":0,"47":0,"48":0,"49":0,"50":0,"51":0,"52":0,"53":0,"54":0,"55":0,"56":0,"57":0,"58":0,"59":0,"60":0,"61":0,"62":0,"63":0,"64":0,"65":0,"66":0,"67":0,"68":0,"69":0,"70":0,"71":0,"72":0,"73":0,"74":0,"75":0,"76":0,"77":0,"78":0,"79":0,"80":0,"81":0,"82":0,"83":0,"84":0,"85":0,"86":0,"87":0,"88":0,"89":0,"90":0,"91":0,"92":0,"93":0,"94":0,"95":0,"96":0,"97":0,"98":0,"99":0,"100":0,"101":0,"102":0},"f":{"0":0,"1":0,"2":0,"3":0,"4":0,"5":0,"6":0,"7":0,"8":0},"b":{"0":[0,0],"1":[0,0],"2":[0,0],"3":[0,0],"4":[0,0],"5":[0,0],"6":[0,0],"7":[0,0],"8":[0,0],"9":[0,0],"10":[0,0,0,0,0],"11":[0,0],"12":[0,0],"13":[0,0]}}
,"C:\\Users\\windows11\\ZXP\\byesmoke-v0\\byesmoke-v00\\src\\services\\subscription.ts": {"path":"C:\\Users\\windows11\\ZXP\\byesmoke-v0\\byesmoke-v00\\src\\services\\subscription.ts","statementMap":{"0":{"start":{"line":1,"column":0},"end":{"line":1,"column":47}},"1":{"start":{"line":2,"column":0},"end":{"line":2,"column":52}},"2":{"start":{"line":3,"column":0},"end":{"line":3,"column":32}},"3":{"start":{"line":9,"column":26},"end":{"line":18,"column":2}},"4":{"start":{"line":29,"column":13},"end":{"line":75,"column":2}},"5":{"start":{"line":77,"column":13},"end":{"line":86,"column":2}},"6":{"start":{"line":88,"column":35},"end":{"line":95,"column":1}},"7":{"start":{"line":90,"column":20},"end":{"line":90,"column":69}},"8":{"start":{"line":91,"column":2},"end":{"line":91,"column":31}},"9":{"start":{"line":91,"column":18},"end":{"line":91,"column":31}},"10":{"start":{"line":94,"column":2},"end":{"line":94,"column":59}},"11":{"start":{"line":88,"column":13},"end":{"line":88,"column":35}},"12":{"start":{"line":97,"column":33},"end":{"line":106,"column":1}},"13":{"start":{"line":98,"column":2},"end":{"line":105,"column":4}},"14":{"start":{"line":103,"column":40},"end":{"line":103,"column":65}},"15":{"start":{"line":97,"column":13},"end":{"line":97,"column":33}},"16":{"start":{"line":109,"column":25},"end":{"line":109,"column":29}},"17":{"start":{"line":111,"column":41},"end":{"line":113,"column":1}},"18":{"start":{"line":112,"column":2},"end":{"line":112,"column":25}},"19":{"start":{"line":111,"column":13},"end":{"line":111,"column":41}},"20":{"start":{"line":115,"column":39},"end":{"line":137,"column":1}},"21":{"start":{"line":116,"column":2},"end":{"line":136,"column":3}},"22":{"start":{"line":118,"column":4},"end":{"line":118,"column":55}},"23":{"start":{"line":121,"column":20},"end":{"line":122,"column":null}},"24":{"start":{"line":122,"column":6},"end":{"line":122,"column":53}},"25":{"start":{"line":125,"column":4},"end":{"line":135,"column":6}},"26":{"start":{"line":130,"column":43},"end":{"line":133,"column":10}},"27":{"start":{"line":132,"column":25},"end":{"line":132,"column":52}},"28":{"start":{"line":115,"column":13},"end":{"line":115,"column":39}},"29":{"start":{"line":139,"column":34},"end":{"line":174,"column":1}},"30":{"start":{"line":140,"column":2},"end":{"line":173,"column":3}},"31":{"start":{"line":141,"column":4},"end":{"line":153,"column":5}},"32":{"start":{"line":143,"column":6},"end":{"line":151,"column":7}},"33":{"start":{"line":144,"column":8},"end":{"line":144,"column":37}},"34":{"start":{"line":146,"column":8},"end":{"line":150,"column":10}},"35":{"start":{"line":152,"column":6},"end":{"line":152,"column":13}},"36":{"start":{"line":161,"column":4},"end":{"line":165,"column":6}},"37":{"start":{"line":171,"column":4},"end":{"line":171,"column":57}},"38":{"start":{"line":172,"column":4},"end":{"line":172,"column":92}},"39":{"start":{"line":139,"column":13},"end":{"line":139,"column":34}},"40":{"start":{"line":176,"column":43},"end":{"line":201,"column":1}},"41":{"start":{"line":180,"column":2},"end":{"line":200,"column":3}},"42":{"start":{"line":181,"column":29},"end":{"line":187,"column":6}},"43":{"start":{"line":189,"column":20},"end":{"line":189,"column":44}},"44":{"start":{"line":190,"column":4},"end":{"line":190,"column":47}},"45":{"start":{"line":192,"column":4},"end":{"line":196,"column":6}},"46":{"start":{"line":198,"column":4},"end":{"line":198,"column":67}},"47":{"start":{"line":199,"column":4},"end":{"line":199,"column":16}},"48":{"start":{"line":176,"column":13},"end":{"line":176,"column":43}},"49":{"start":{"line":203,"column":34},"end":{"line":220,"column":1}},"50":{"start":{"line":204,"column":2},"end":{"line":219,"column":3}},"51":{"start":{"line":205,"column":20},"end":{"line":205,"column":44}},"52":{"start":{"line":206,"column":4},"end":{"line":209,"column":7}},"53":{"start":{"line":211,"column":4},"end":{"line":215,"column":6}},"54":{"start":{"line":217,"column":4},"end":{"line":217,"column":59}},"55":{"start":{"line":218,"column":4},"end":{"line":218,"column":16}},"56":{"start":{"line":203,"column":13},"end":{"line":203,"column":34}},"57":{"start":{"line":222,"column":39},"end":{"line":257,"column":1}},"58":{"start":{"line":223,"column":2},"end":{"line":256,"column":3}},"59":{"start":{"line":224,"column":4},"end":{"line":224,"column":38}},"60":{"start":{"line":224,"column":25},"end":{"line":224,"column":38}},"61":{"start":{"line":227,"column":4},"end":{"line":250,"column":5}},"62":{"start":{"line":228,"column":22},"end":{"line":228,"column":56}},"63":{"start":{"line":229,"column":18},"end":{"line":229,"column":28}},"64":{"start":{"line":231,"column":6},"end":{"line":249,"column":7}},"65":{"start":{"line":233,"column":24},"end":{"line":233,"column":49}},"66":{"start":{"line":234,"column":8},"end":{"line":237,"column":11}},"67":{"start":{"line":239,"column":8},"end":{"line":246,"column":10}},"68":{"start":{"line":244,"column":46},"end":{"line":244,"column":71}},"69":{"start":{"line":248,"column":8},"end":{"line":248,"column":21}},"70":{"start":{"line":252,"column":4},"end":{"line":252,"column":16}},"71":{"start":{"line":254,"column":4},"end":{"line":254,"column":64}},"72":{"start":{"line":255,"column":4},"end":{"line":255,"column":35}},"73":{"start":{"line":222,"column":13},"end":{"line":222,"column":39}},"74":{"start":{"line":259,"column":31},"end":{"line":277,"column":1}},"75":{"start":{"line":260,"column":14},"end":{"line":260,"column":24}},"76":{"start":{"line":262,"column":2},"end":{"line":274,"column":3}},"77":{"start":{"line":264,"column":6},"end":{"line":264,"column":37}},"78":{"start":{"line":265,"column":6},"end":{"line":265,"column":12}},"79":{"start":{"line":267,"column":6},"end":{"line":267,"column":39}},"80":{"start":{"line":268,"column":6},"end":{"line":268,"column":12}},"81":{"start":{"line":270,"column":6},"end":{"line":270,"column":45}},"82":{"start":{"line":271,"column":6},"end":{"line":271,"column":12}},"83":{"start":{"line":273,"column":6},"end":{"line":273,"column":39}},"84":{"start":{"line":276,"column":2},"end":{"line":276,"column":27}},"85":{"start":{"line":279,"column":44},"end":{"line":286,"column":1}},"86":{"start":{"line":280,"column":14},"end":{"line":280,"column":31}},"87":{"start":{"line":281,"column":14},"end":{"line":281,"column":24}},"88":{"start":{"line":282,"column":19},"end":{"line":282,"column":48}},"89":{"start":{"line":283,"column":19},"end":{"line":283,"column":62}},"90":{"start":{"line":285,"column":2},"end":{"line":285,"column":31}},"91":{"start":{"line":279,"column":13},"end":{"line":279,"column":44}},"92":{"start":{"line":288,"column":40},"end":{"line":311,"column":1}},"93":{"start":{"line":289,"column":2},"end":{"line":296,"column":3}},"94":{"start":{"line":290,"column":26},"end":{"line":290,"column":97}},"95":{"start":{"line":291,"column":4},"end":{"line":295,"column":5}},"96":{"start":{"line":292,"column":6},"end":{"line":292,"column":61}},"97":{"start":{"line":294,"column":6},"end":{"line":294,"column":30}},"98":{"start":{"line":298,"column":2},"end":{"line":298,"column":37}},"99":{"start":{"line":298,"column":23},"end":{"line":298,"column":37}},"100":{"start":{"line":300,"column":2},"end":{"line":308,"column":3}},"101":{"start":{"line":301,"column":26},"end":{"line":301,"column":80}},"102":{"start":{"line":303,"column":4},"end":{"line":307,"column":5}},"103":{"start":{"line":304,"column":6},"end":{"line":304,"column":55}},"104":{"start":{"line":306,"column":6},"end":{"line":306,"column":34}},"105":{"start":{"line":310,"column":2},"end":{"line":310,"column":19}},"106":{"start":{"line":288,"column":13},"end":{"line":288,"column":40}},"107":{"start":{"line":314,"column":30},"end":{"line":343,"column":1}},"108":{"start":{"line":315,"column":2},"end":{"line":342,"column":3}},"109":{"start":{"line":316,"column":16},"end":{"line":316,"column":26}},"110":{"start":{"line":317,"column":25},"end":{"line":317,"column":35}},"111":{"start":{"line":318,"column":4},"end":{"line":318,"column":44}},"112":{"start":{"line":320,"column":22},"end":{"line":328,"column":6}},"113":{"start":{"line":330,"column":20},"end":{"line":330,"column":44}},"114":{"start":{"line":331,"column":4},"end":{"line":331,"column":40}},"115":{"start":{"line":333,"column":4},"end":{"line":337,"column":6}},"116":{"start":{"line":339,"column":4},"end":{"line":339,"column":55}},"117":{"start":{"line":340,"column":4},"end":{"line":340,"column":73}},"118":{"start":{"line":341,"column":4},"end":{"line":341,"column":16}},"119":{"start":{"line":314,"column":13},"end":{"line":314,"column":30}},"120":{"start":{"line":345,"column":37},"end":{"line":355,"column":1}},"121":{"start":{"line":346,"column":2},"end":{"line":348,"column":3}},"122":{"start":{"line":347,"column":4},"end":{"line":347,"column":95}},"123":{"start":{"line":350,"column":2},"end":{"line":352,"column":3}},"124":{"start":{"line":351,"column":4},"end":{"line":351,"column":75}},"125":{"start":{"line":354,"column":2},"end":{"line":354,"column":28}},"126":{"start":{"line":345,"column":13},"end":{"line":345,"column":37}},"127":{"start":{"line":357,"column":32},"end":{"line":393,"column":1}},"128":{"start":{"line":358,"column":2},"end":{"line":392,"column":3}},"129":{"start":{"line":359,"column":4},"end":{"line":359,"column":38}},"130":{"start":{"line":359,"column":25},"end":{"line":359,"column":38}},"131":{"start":{"line":362,"column":4},"end":{"line":386,"column":5}},"132":{"start":{"line":363,"column":22},"end":{"line":363,"column":49}},"133":{"start":{"line":364,"column":18},"end":{"line":364,"column":28}},"134":{"start":{"line":366,"column":6},"end":{"line":385,"column":7}},"135":{"start":{"line":368,"column":24},"end":{"line":368,"column":49}},"136":{"start":{"line":369,"column":8},"end":{"line":373,"column":11}},"137":{"start":{"line":375,"column":8},"end":{"line":382,"column":10}},"138":{"start":{"line":380,"column":55},"end":{"line":380,"column":87}},"139":{"start":{"line":384,"column":8},"end":{"line":384,"column":21}},"140":{"start":{"line":388,"column":4},"end":{"line":388,"column":16}},"141":{"start":{"line":390,"column":4},"end":{"line":390,"column":57}},"142":{"start":{"line":391,"column":4},"end":{"line":391,"column":35}},"143":{"start":{"line":357,"column":13},"end":{"line":357,"column":32}},"144":{"start":{"line":395,"column":37},"end":{"line":398,"column":1}},"145":{"start":{"line":396,"column":2},"end":{"line":396,"column":54}},"146":{"start":{"line":396,"column":45},"end":{"line":396,"column":54}},"147":{"start":{"line":397,"column":2},"end":{"line":397,"column":57}},"148":{"start":{"line":395,"column":13},"end":{"line":395,"column":37}},"149":{"start":{"line":401,"column":13},"end":{"line":438,"column":2}},"150":{"start":{"line":440,"column":30},"end":{"line":518,"column":1}},"151":{"start":{"line":445,"column":2},"end":{"line":517,"column":3}},"152":{"start":{"line":446,"column":17},"end":{"line":446,"column":62}},"153":{"start":{"line":446,"column":46},"end":{"line":446,"column":61}},"154":{"start":{"line":447,"column":4},"end":{"line":449,"column":5}},"155":{"start":{"line":448,"column":6},"end":{"line":448,"column":51}},"156":{"start":{"line":452,"column":4},"end":{"line":458,"column":5}},"157":{"start":{"line":453,"column":6},"end":{"line":453,"column":35}},"158":{"start":{"line":454,"column":6},"end":{"line":457,"column":8}},"159":{"start":{"line":461,"column":4},"end":{"line":461,"column":60}},"160":{"start":{"line":461,"column":33},"end":{"line":461,"column":58}},"161":{"start":{"line":464,"column":4},"end":{"line":491,"column":5}},"162":{"start":{"line":468,"column":8},"end":{"line":468,"column":64}},"163":{"start":{"line":469,"column":8},"end":{"line":469,"column":14}},"164":{"start":{"line":473,"column":8},"end":{"line":473,"column":57}},"165":{"start":{"line":475,"column":8},"end":{"line":475,"column":14}},"166":{"start":{"line":479,"column":8},"end":{"line":479,"column":51}},"167":{"start":{"line":480,"column":8},"end":{"line":480,"column":14}},"168":{"start":{"line":485,"column":8},"end":{"line":485,"column":64}},"169":{"start":{"line":487,"column":8},"end":{"line":487,"column":14}},"170":{"start":{"line":490,"column":8},"end":{"line":490,"column":54}},"171":{"start":{"line":495,"column":27},"end":{"line":495,"column":31}},"172":{"start":{"line":497,"column":4},"end":{"line":510,"column":5}},"173":{"start":{"line":499,"column":6},"end":{"line":499,"column":56}},"174":{"start":{"line":501,"column":6},"end":{"line":504,"column":8}},"175":{"start":{"line":503,"column":118},"end":{"line":503,"column":142}},"176":{"start":{"line":506,"column":6},"end":{"line":509,"column":8}},"177":{"start":{"line":512,"column":4},"end":{"line":512,"column":54}},"178":{"start":{"line":513,"column":4},"end":{"line":516,"column":6}},"179":{"start":{"line":440,"column":13},"end":{"line":440,"column":30}},"180":{"start":{"line":521,"column":38},"end":{"line":531,"column":1}},"181":{"start":{"line":523,"column":2},"end":{"line":523,"column":52}},"182":{"start":{"line":521,"column":13},"end":{"line":521,"column":38}},"183":{"start":{"line":533,"column":41},"end":{"line":540,"column":1}},"184":{"start":{"line":536,"column":2},"end":{"line":539,"column":5}},"185":{"start":{"line":538,"column":4},"end":{"line":538,"column":16}},"186":{"start":{"line":533,"column":13},"end":{"line":533,"column":41}}},"fnMap":{"0":{"name":"(anonymous_0)","decl":{"start":{"line":88,"column":35},"end":{"line":88,"column":36}},"loc":{"start":{"line":88,"column":96},"end":{"line":95,"column":1}}},"1":{"name":"(anonymous_1)","decl":{"start":{"line":97,"column":33},"end":{"line":97,"column":34}},"loc":{"start":{"line":97,"column":63},"end":{"line":106,"column":1}}},"2":{"name":"(anonymous_2)","decl":{"start":{"line":103,"column":34},"end":{"line":103,"column":37}},"loc":{"start":{"line":103,"column":40},"end":{"line":103,"column":65}}},"3":{"name":"(anonymous_3)","decl":{"start":{"line":111,"column":41},"end":{"line":111,"column":42}},"loc":{"start":{"line":111,"column":57},"end":{"line":113,"column":1}}},"4":{"name":"(anonymous_4)","decl":{"start":{"line":115,"column":39},"end":{"line":115,"column":40}},"loc":{"start":{"line":115,"column":65},"end":{"line":137,"column":1}}},"5":{"name":"(anonymous_5)","decl":{"start":{"line":121,"column":43},"end":{"line":121,"column":47}},"loc":{"start":{"line":122,"column":6},"end":{"line":122,"column":53}}},"6":{"name":"(anonymous_6)","decl":{"start":{"line":130,"column":34},"end":{"line":130,"column":38}},"loc":{"start":{"line":130,"column":43},"end":{"line":133,"column":10}}},"7":{"name":"(anonymous_7)","decl":{"start":{"line":132,"column":19},"end":{"line":132,"column":22}},"loc":{"start":{"line":132,"column":25},"end":{"line":132,"column":52}}},"8":{"name":"(anonymous_8)","decl":{"start":{"line":139,"column":34},"end":{"line":139,"column":39}},"loc":{"start":{"line":139,"column":91},"end":{"line":174,"column":1}}},"9":{"name":"(anonymous_9)","decl":{"start":{"line":176,"column":43},"end":{"line":176,"column":48}},"loc":{"start":{"line":179,"column":19},"end":{"line":201,"column":1}}},"10":{"name":"(anonymous_10)","decl":{"start":{"line":203,"column":34},"end":{"line":203,"column":39}},"loc":{"start":{"line":203,"column":74},"end":{"line":220,"column":1}}},"11":{"name":"(anonymous_11)","decl":{"start":{"line":222,"column":39},"end":{"line":222,"column":44}},"loc":{"start":{"line":222,"column":77},"end":{"line":257,"column":1}}},"12":{"name":"(anonymous_12)","decl":{"start":{"line":244,"column":40},"end":{"line":244,"column":43}},"loc":{"start":{"line":244,"column":46},"end":{"line":244,"column":71}}},"13":{"name":"(anonymous_13)","decl":{"start":{"line":259,"column":31},"end":{"line":259,"column":32}},"loc":{"start":{"line":259,"column":58},"end":{"line":277,"column":1}}},"14":{"name":"(anonymous_14)","decl":{"start":{"line":279,"column":44},"end":{"line":279,"column":45}},"loc":{"start":{"line":279,"column":72},"end":{"line":286,"column":1}}},"15":{"name":"(anonymous_15)","decl":{"start":{"line":288,"column":40},"end":{"line":288,"column":41}},"loc":{"start":{"line":288,"column":62},"end":{"line":311,"column":1}}},"16":{"name":"(anonymous_16)","decl":{"start":{"line":314,"column":30},"end":{"line":314,"column":35}},"loc":{"start":{"line":314,"column":70},"end":{"line":343,"column":1}}},"17":{"name":"(anonymous_17)","decl":{"start":{"line":345,"column":37},"end":{"line":345,"column":38}},"loc":{"start":{"line":345,"column":91},"end":{"line":355,"column":1}}},"18":{"name":"(anonymous_18)","decl":{"start":{"line":357,"column":32},"end":{"line":357,"column":37}},"loc":{"start":{"line":357,"column":70},"end":{"line":393,"column":1}}},"19":{"name":"(anonymous_19)","decl":{"start":{"line":380,"column":49},"end":{"line":380,"column":52}},"loc":{"start":{"line":380,"column":55},"end":{"line":380,"column":87}}},"20":{"name":"(anonymous_20)","decl":{"start":{"line":395,"column":37},"end":{"line":395,"column":38}},"loc":{"start":{"line":395,"column":59},"end":{"line":398,"column":1}}},"21":{"name":"(anonymous_21)","decl":{"start":{"line":440,"column":30},"end":{"line":440,"column":35}},"loc":{"start":{"line":444,"column":52},"end":{"line":518,"column":1}}},"22":{"name":"(anonymous_22)","decl":{"start":{"line":446,"column":41},"end":{"line":446,"column":42}},"loc":{"start":{"line":446,"column":46},"end":{"line":446,"column":61}}},"23":{"name":"(anonymous_23)","decl":{"start":{"line":461,"column":22},"end":{"line":461,"column":29}},"loc":{"start":{"line":461,"column":33},"end":{"line":461,"column":58}}},"24":{"name":"(anonymous_24)","decl":{"start":{"line":503,"column":113},"end":{"line":503,"column":114}},"loc":{"start":{"line":503,"column":118},"end":{"line":503,"column":142}}},"25":{"name":"(anonymous_25)","decl":{"start":{"line":521,"column":38},"end":{"line":521,"column":43}},"loc":{"start":{"line":521,"column":49},"end":{"line":531,"column":1}}},"26":{"name":"(anonymous_26)","decl":{"start":{"line":533,"column":41},"end":{"line":533,"column":51}},"loc":{"start":{"line":533,"column":53},"end":{"line":540,"column":1}}},"27":{"name":"(anonymous_27)","decl":{"start":{"line":536,"column":32},"end":{"line":536,"column":38}},"loc":{"start":{"line":536,"column":41},"end":{"line":539,"column":3}}}},"branchMap":{"0":{"loc":{"start":{"line":90,"column":20},"end":{"line":90,"column":69}},"type":"binary-expr","locations":[{"start":{"line":90,"column":20},"end":{"line":90,"column":29}},{"start":{"line":90,"column":34},"end":{"line":90,"column":49}},{"start":{"line":90,"column":53},"end":{"line":90,"column":68}}]},"1":{"loc":{"start":{"line":91,"column":2},"end":{"line":91,"column":31}},"type":"if","locations":[{"start":{"line":91,"column":2},"end":{"line":91,"column":31}},{"start":{},"end":{}}]},"2":{"loc":{"start":{"line":116,"column":2},"end":{"line":136,"column":3}},"type":"if","locations":[{"start":{"line":116,"column":2},"end":{"line":136,"column":3}},{"start":{"line":119,"column":9},"end":{"line":136,"column":3}}]},"3":{"loc":{"start":{"line":141,"column":4},"end":{"line":153,"column":5}},"type":"if","locations":[{"start":{"line":141,"column":4},"end":{"line":153,"column":5}},{"start":{},"end":{}}]},"4":{"loc":{"start":{"line":143,"column":6},"end":{"line":151,"column":7}},"type":"if","locations":[{"start":{"line":143,"column":6},"end":{"line":151,"column":7}},{"start":{"line":145,"column":13},"end":{"line":151,"column":7}}]},"5":{"loc":{"start":{"line":224,"column":4},"end":{"line":224,"column":38}},"type":"if","locations":[{"start":{"line":224,"column":4},"end":{"line":224,"column":38}},{"start":{},"end":{}}]},"6":{"loc":{"start":{"line":227,"column":4},"end":{"line":250,"column":5}},"type":"if","locations":[{"start":{"line":227,"column":4},"end":{"line":250,"column":5}},{"start":{},"end":{}}]},"7":{"loc":{"start":{"line":231,"column":6},"end":{"line":249,"column":7}},"type":"if","locations":[{"start":{"line":231,"column":6},"end":{"line":249,"column":7}},{"start":{},"end":{}}]},"8":{"loc":{"start":{"line":255,"column":11},"end":{"line":255,"column":34}},"type":"binary-expr","locations":[{"start":{"line":255,"column":11},"end":{"line":255,"column":25}},{"start":{"line":255,"column":29},"end":{"line":255,"column":34}}]},"9":{"loc":{"start":{"line":262,"column":2},"end":{"line":274,"column":3}},"type":"switch","locations":[{"start":{"line":263,"column":4},"end":{"line":265,"column":12}},{"start":{"line":266,"column":4},"end":{"line":268,"column":12}},{"start":{"line":269,"column":4},"end":{"line":271,"column":12}},{"start":{"line":272,"column":4},"end":{"line":273,"column":39}}]},"10":{"loc":{"start":{"line":289,"column":2},"end":{"line":296,"column":3}},"type":"if","locations":[{"start":{"line":289,"column":2},"end":{"line":296,"column":3}},{"start":{},"end":{}}]},"11":{"loc":{"start":{"line":290,"column":26},"end":{"line":290,"column":97}},"type":"cond-expr","locations":[{"start":{"line":290,"column":46},"end":{"line":290,"column":93}},{"start":{"line":290,"column":96},"end":{"line":290,"column":97}}]},"12":{"loc":{"start":{"line":291,"column":4},"end":{"line":295,"column":5}},"type":"if","locations":[{"start":{"line":291,"column":4},"end":{"line":295,"column":5}},{"start":{"line":293,"column":11},"end":{"line":295,"column":5}}]},"13":{"loc":{"start":{"line":298,"column":2},"end":{"line":298,"column":37}},"type":"if","locations":[{"start":{"line":298,"column":2},"end":{"line":298,"column":37}},{"start":{},"end":{}}]},"14":{"loc":{"start":{"line":300,"column":2},"end":{"line":308,"column":3}},"type":"if","locations":[{"start":{"line":300,"column":2},"end":{"line":308,"column":3}},{"start":{},"end":{}}]},"15":{"loc":{"start":{"line":303,"column":4},"end":{"line":307,"column":5}},"type":"if","locations":[{"start":{"line":303,"column":4},"end":{"line":307,"column":5}},{"start":{"line":305,"column":11},"end":{"line":307,"column":5}}]},"16":{"loc":{"start":{"line":346,"column":2},"end":{"line":348,"column":3}},"type":"if","locations":[{"start":{"line":346,"column":2},"end":{"line":348,"column":3}},{"start":{},"end":{}}]},"17":{"loc":{"start":{"line":350,"column":2},"end":{"line":352,"column":3}},"type":"if","locations":[{"start":{"line":350,"column":2},"end":{"line":352,"column":3}},{"start":{},"end":{}}]},"18":{"loc":{"start":{"line":350,"column":6},"end":{"line":350,"column":39}},"type":"binary-expr","locations":[{"start":{"line":350,"column":6},"end":{"line":350,"column":20}},{"start":{"line":350,"column":24},"end":{"line":350,"column":39}}]},"19":{"loc":{"start":{"line":359,"column":4},"end":{"line":359,"column":38}},"type":"if","locations":[{"start":{"line":359,"column":4},"end":{"line":359,"column":38}},{"start":{},"end":{}}]},"20":{"loc":{"start":{"line":362,"column":4},"end":{"line":386,"column":5}},"type":"if","locations":[{"start":{"line":362,"column":4},"end":{"line":386,"column":5}},{"start":{},"end":{}}]},"21":{"loc":{"start":{"line":366,"column":6},"end":{"line":385,"column":7}},"type":"if","locations":[{"start":{"line":366,"column":6},"end":{"line":385,"column":7}},{"start":{},"end":{}}]},"22":{"loc":{"start":{"line":391,"column":11},"end":{"line":391,"column":34}},"type":"binary-expr","locations":[{"start":{"line":391,"column":11},"end":{"line":391,"column":25}},{"start":{"line":391,"column":29},"end":{"line":391,"column":34}}]},"23":{"loc":{"start":{"line":396,"column":2},"end":{"line":396,"column":54}},"type":"if","locations":[{"start":{"line":396,"column":2},"end":{"line":396,"column":54}},{"start":{},"end":{}}]},"24":{"loc":{"start":{"line":396,"column":6},"end":{"line":396,"column":43}},"type":"binary-expr","locations":[{"start":{"line":396,"column":6},"end":{"line":396,"column":21}},{"start":{"line":396,"column":25},"end":{"line":396,"column":43}}]},"25":{"loc":{"start":{"line":447,"column":4},"end":{"line":449,"column":5}},"type":"if","locations":[{"start":{"line":447,"column":4},"end":{"line":449,"column":5}},{"start":{},"end":{}}]},"26":{"loc":{"start":{"line":452,"column":4},"end":{"line":458,"column":5}},"type":"if","locations":[{"start":{"line":452,"column":4},"end":{"line":458,"column":5}},{"start":{},"end":{}}]},"27":{"loc":{"start":{"line":464,"column":4},"end":{"line":491,"column":5}},"type":"switch","locations":[{"start":{"line":465,"column":6},"end":{"line":465,"column":25}},{"start":{"line":466,"column":6},"end":{"line":469,"column":14}},{"start":{"line":471,"column":6},"end":{"line":475,"column":14}},{"start":{"line":477,"column":6},"end":{"line":480,"column":14}},{"start":{"line":482,"column":6},"end":{"line":482,"column":19}},{"start":{"line":483,"column":6},"end":{"line":487,"column":14}},{"start":{"line":489,"column":6},"end":{"line":490,"column":54}}]},"28":{"loc":{"start":{"line":497,"column":4},"end":{"line":510,"column":5}},"type":"if","locations":[{"start":{"line":497,"column":4},"end":{"line":510,"column":5}},{"start":{"line":505,"column":11},"end":{"line":510,"column":5}}]}},"s":{"0":0,"1":0,"2":0,"3":0,"4":0,"5":0,"6":0,"7":0,"8":0,"9":0,"10":0,"11":0,"12":0,"13":0,"14":0,"15":0,"16":0,"17":0,"18":0,"19":0,"20":0,"21":0,"22":0,"23":0,"24":0,"25":0,"26":0,"27":0,"28":0,"29":0,"30":0,"31":0,"32":0,"33":0,"34":0,"35":0,"36":0,"37":0,"38":0,"39":0,"40":0,"41":0,"42":0,"43":0,"44":0,"45":0,"46":0,"47":0,"48":0,"49":0,"50":0,"51":0,"52":0,"53":0,"54":0,"55":0,"56":0,"57":0,"58":0,"59":0,"60":0,"61":0,"62":0,"63":0,"64":0,"65":0,"66":0,"67":0,"68":0,"69":0,"70":0,"71":0,"72":0,"73":0,"74":0,"75":0,"76":0,"77":0,"78":0,"79":0,"80":0,"81":0,"82":0,"83":0,"84":0,"85":0,"86":0,"87":0,"88":0,"89":0,"90":0,"91":0,"92":0,"93":0,"94":0,"95":0,"96":0,"97":0,"98":0,"99":0,"100":0,"101":0,"102":0,"103":0,"104":0,"105":0,"106":0,"107":0,"108":0,"109":0,"110":0,"111":0,"112":0,"113":0,"114":0,"115":0,"116":0,"117":0,"118":0,"119":0,"120":0,"121":0,"122":0,"123":0,"124":0,"125":0,"126":0,"127":0,"128":0,"129":0,"130":0,"131":0,"132":0,"133":0,"134":0,"135":0,"136":0,"137":0,"138":0,"139":0,"140":0,"141":0,"142":0,"143":0,"144":0,"145":0,"146":0,"147":0,"148":0,"149":0,"150":0,"151":0,"152":0,"153":0,"154":0,"155":0,"156":0,"157":0,"158":0,"159":0,"160":0,"161":0,"162":0,"163":0,"164":0,"165":0,"166":0,"167":0,"168":0,"169":0,"170":0,"171":0,"172":0,"173":0,"174":0,"175":0,"176":0,"177":0,"178":0,"179":0,"180":0,"181":0,"182":0,"183":0,"184":0,"185":0,"186":0},"f":{"0":0,"1":0,"2":0,"3":0,"4":0,"5":0,"6":0,"7":0,"8":0,"9":0,"10":0,"11":0,"12":0,"13":0,"14":0,"15":0,"16":0,"17":0,"18":0,"19":0,"20":0,"21":0,"22":0,"23":0,"24":0,"25":0,"26":0,"27":0},"b":{"0":[0,0,0],"1":[0,0],"2":[0,0],"3":[0,0],"4":[0,0],"5":[0,0],"6":[0,0],"7":[0,0],"8":[0,0],"9":[0,0,0,0],"10":[0,0],"11":[0,0],"12":[0,0],"13":[0,0],"14":[0,0],"15":[0,0],"16":[0,0],"17":[0,0],"18":[0,0],"19":[0,0],"20":[0,0],"21":[0,0],"22":[0,0],"23":[0,0],"24":[0,0],"25":[0,0],"26":[0,0],"27":[0,0,0,0,0,0,0],"28":[0,0]}}
,"C:\\Users\\windows11\\ZXP\\byesmoke-v0\\byesmoke-v00\\src\\utils\\accessibility.ts": {"path":"C:\\Users\\windows11\\ZXP\\byesmoke-v0\\byesmoke-v00\\src\\utils\\accessibility.ts","statementMap":{"0":{"start":{"line":1,"column":0},"end":{"line":1,"column":56}},"1":{"start":{"line":3,"column":41},"end":{"line":11,"column":1}},"2":{"start":{"line":4,"column":2},"end":{"line":10,"column":3}},"3":{"start":{"line":5,"column":34},"end":{"line":5,"column":81}},"4":{"start":{"line":6,"column":4},"end":{"line":6,"column":33}},"5":{"start":{"line":8,"column":4},"end":{"line":8,"column":66}},"6":{"start":{"line":9,"column":4},"end":{"line":9,"column":17}},"7":{"start":{"line":3,"column":13},"end":{"line":3,"column":41}},"8":{"start":{"line":13,"column":38},"end":{"line":15,"column":1}},"9":{"start":{"line":14,"column":2},"end":{"line":14,"column":54}},"10":{"start":{"line":13,"column":13},"end":{"line":13,"column":38}},"11":{"start":{"line":17,"column":37},"end":{"line":19,"column":1}},"12":{"start":{"line":18,"column":2},"end":{"line":18,"column":52}},"13":{"start":{"line":17,"column":13},"end":{"line":17,"column":37}},"14":{"start":{"line":22,"column":13},"end":{"line":63,"column":2}},"15":{"start":{"line":66,"column":13},"end":{"line":73,"column":2}},"16":{"start":{"line":76,"column":38},"end":{"line":79,"column":1}},"17":{"start":{"line":77,"column":18},"end":{"line":77,"column":99}},"18":{"start":{"line":78,"column":2},"end":{"line":78,"column":34}},"19":{"start":{"line":76,"column":13},"end":{"line":76,"column":38}},"20":{"start":{"line":81,"column":31},"end":{"line":84,"column":1}},"21":{"start":{"line":82,"column":18},"end":{"line":82,"column":69}},"22":{"start":{"line":83,"column":2},"end":{"line":83,"column":34}},"23":{"start":{"line":81,"column":13},"end":{"line":81,"column":31}},"24":{"start":{"line":86,"column":35},"end":{"line":89,"column":1}},"25":{"start":{"line":87,"column":18},"end":{"line":87,"column":67}},"26":{"start":{"line":88,"column":2},"end":{"line":88,"column":34}},"27":{"start":{"line":86,"column":13},"end":{"line":86,"column":35}},"28":{"start":{"line":91,"column":39},"end":{"line":94,"column":1}},"29":{"start":{"line":92,"column":18},"end":{"line":92,"column":75}},"30":{"start":{"line":93,"column":2},"end":{"line":93,"column":34}},"31":{"start":{"line":91,"column":13},"end":{"line":91,"column":39}},"32":{"start":{"line":97,"column":38},"end":{"line":99,"column":1}},"33":{"start":{"line":98,"column":2},"end":{"line":98,"column":30}},"34":{"start":{"line":97,"column":13},"end":{"line":97,"column":38}},"35":{"start":{"line":101,"column":42},"end":{"line":104,"column":1}},"36":{"start":{"line":102,"column":21},"end":{"line":102,"column":56}},"37":{"start":{"line":103,"column":2},"end":{"line":103,"column":66}},"38":{"start":{"line":101,"column":13},"end":{"line":101,"column":42}},"39":{"start":{"line":106,"column":42},"end":{"line":110,"column":1}},"40":{"start":{"line":107,"column":2},"end":{"line":107,"column":42}},"41":{"start":{"line":107,"column":18},"end":{"line":107,"column":42}},"42":{"start":{"line":108,"column":2},"end":{"line":108,"column":45}},"43":{"start":{"line":108,"column":18},"end":{"line":108,"column":45}},"44":{"start":{"line":109,"column":2},"end":{"line":109,"column":32}},"45":{"start":{"line":106,"column":13},"end":{"line":106,"column":42}},"46":{"start":{"line":113,"column":38},"end":{"line":122,"column":1}},"47":{"start":{"line":116,"column":2},"end":{"line":121,"column":4}},"48":{"start":{"line":113,"column":13},"end":{"line":113,"column":38}},"49":{"start":{"line":125,"column":34},"end":{"line":135,"column":1}},"50":{"start":{"line":127,"column":19},"end":{"line":132,"column":4}},"51":{"start":{"line":134,"column":2},"end":{"line":134,"column":18}},"52":{"start":{"line":125,"column":13},"end":{"line":125,"column":34}},"53":{"start":{"line":138,"column":13},"end":{"line":144,"column":2}},"54":{"start":{"line":147,"column":33},"end":{"line":151,"column":1}},"55":{"start":{"line":150,"column":2},"end":{"line":150,"column":18}},"56":{"start":{"line":147,"column":13},"end":{"line":147,"column":33}},"57":{"start":{"line":154,"column":34},"end":{"line":162,"column":1}},"58":{"start":{"line":155,"column":2},"end":{"line":161,"column":3}},"59":{"start":{"line":156,"column":34},"end":{"line":156,"column":81}},"60":{"start":{"line":157,"column":4},"end":{"line":157,"column":33}},"61":{"start":{"line":159,"column":4},"end":{"line":159,"column":66}},"62":{"start":{"line":160,"column":4},"end":{"line":160,"column":17}},"63":{"start":{"line":154,"column":13},"end":{"line":154,"column":34}},"64":{"start":{"line":165,"column":37},"end":{"line":175,"column":1}},"65":{"start":{"line":166,"column":2},"end":{"line":174,"column":4}},"66":{"start":{"line":165,"column":13},"end":{"line":165,"column":37}},"67":{"start":{"line":178,"column":48},"end":{"line":188,"column":1}},"68":{"start":{"line":179,"column":2},"end":{"line":187,"column":4}},"69":{"start":{"line":178,"column":13},"end":{"line":178,"column":48}}},"fnMap":{"0":{"name":"(anonymous_0)","decl":{"start":{"line":3,"column":41},"end":{"line":3,"column":46}},"loc":{"start":{"line":3,"column":70},"end":{"line":11,"column":1}}},"1":{"name":"(anonymous_1)","decl":{"start":{"line":13,"column":38},"end":{"line":13,"column":39}},"loc":{"start":{"line":13,"column":64},"end":{"line":15,"column":1}}},"2":{"name":"(anonymous_2)","decl":{"start":{"line":17,"column":37},"end":{"line":17,"column":38}},"loc":{"start":{"line":17,"column":64},"end":{"line":19,"column":1}}},"3":{"name":"(anonymous_3)","decl":{"start":{"line":76,"column":38},"end":{"line":76,"column":39}},"loc":{"start":{"line":76,"column":75},"end":{"line":79,"column":1}}},"4":{"name":"(anonymous_4)","decl":{"start":{"line":81,"column":31},"end":{"line":81,"column":32}},"loc":{"start":{"line":81,"column":73},"end":{"line":84,"column":1}}},"5":{"name":"(anonymous_5)","decl":{"start":{"line":86,"column":35},"end":{"line":86,"column":36}},"loc":{"start":{"line":86,"column":63},"end":{"line":89,"column":1}}},"6":{"name":"(anonymous_6)","decl":{"start":{"line":91,"column":39},"end":{"line":91,"column":40}},"loc":{"start":{"line":91,"column":82},"end":{"line":94,"column":1}}},"7":{"name":"(anonymous_7)","decl":{"start":{"line":97,"column":38},"end":{"line":97,"column":39}},"loc":{"start":{"line":97,"column":88},"end":{"line":99,"column":1}}},"8":{"name":"(anonymous_8)","decl":{"start":{"line":101,"column":42},"end":{"line":101,"column":43}},"loc":{"start":{"line":101,"column":85},"end":{"line":104,"column":1}}},"9":{"name":"(anonymous_9)","decl":{"start":{"line":106,"column":42},"end":{"line":106,"column":43}},"loc":{"start":{"line":106,"column":67},"end":{"line":110,"column":1}}},"10":{"name":"(anonymous_10)","decl":{"start":{"line":113,"column":38},"end":{"line":113,"column":41}},"loc":{"start":{"line":113,"column":43},"end":{"line":122,"column":1}}},"11":{"name":"(anonymous_11)","decl":{"start":{"line":125,"column":34},"end":{"line":125,"column":37}},"loc":{"start":{"line":125,"column":39},"end":{"line":135,"column":1}}},"12":{"name":"(anonymous_12)","decl":{"start":{"line":147,"column":33},"end":{"line":147,"column":34}},"loc":{"start":{"line":147,"column":62},"end":{"line":151,"column":1}}},"13":{"name":"(anonymous_13)","decl":{"start":{"line":154,"column":34},"end":{"line":154,"column":39}},"loc":{"start":{"line":154,"column":63},"end":{"line":162,"column":1}}},"14":{"name":"(anonymous_14)","decl":{"start":{"line":165,"column":37},"end":{"line":165,"column":40}},"loc":{"start":{"line":165,"column":42},"end":{"line":175,"column":1}}},"15":{"name":"(anonymous_15)","decl":{"start":{"line":178,"column":48},"end":{"line":178,"column":51}},"loc":{"start":{"line":178,"column":53},"end":{"line":188,"column":1}}}},"branchMap":{"0":{"loc":{"start":{"line":107,"column":2},"end":{"line":107,"column":42}},"type":"if","locations":[{"start":{"line":107,"column":2},"end":{"line":107,"column":42}},{"start":{},"end":{}}]},"1":{"loc":{"start":{"line":108,"column":2},"end":{"line":108,"column":45}},"type":"if","locations":[{"start":{"line":108,"column":2},"end":{"line":108,"column":45}},{"start":{},"end":{}}]}},"s":{"0":0,"1":0,"2":0,"3":0,"4":0,"5":0,"6":0,"7":0,"8":0,"9":0,"10":0,"11":0,"12":0,"13":0,"14":0,"15":0,"16":0,"17":0,"18":0,"19":0,"20":0,"21":0,"22":0,"23":0,"24":0,"25":0,"26":0,"27":0,"28":0,"29":0,"30":0,"31":0,"32":0,"33":0,"34":0,"35":0,"36":0,"37":0,"38":0,"39":0,"40":0,"41":0,"42":0,"43":0,"44":0,"45":0,"46":0,"47":0,"48":0,"49":0,"50":0,"51":0,"52":0,"53":0,"54":0,"55":0,"56":0,"57":0,"58":0,"59":0,"60":0,"61":0,"62":0,"63":0,"64":0,"65":0,"66":0,"67":0,"68":0,"69":0},"f":{"0":0,"1":0,"2":0,"3":0,"4":0,"5":0,"6":0,"7":0,"8":0,"9":0,"10":0,"11":0,"12":0,"13":0,"14":0,"15":0},"b":{"0":[0,0],"1":[0,0]}}
,"C:\\Users\\windows11\\ZXP\\byesmoke-v0\\byesmoke-v00\\src\\utils\\animationOptimizer.ts": {"path":"C:\\Users\\windows11\\ZXP\\byesmoke-v0\\byesmoke-v00\\src\\utils\\animationOptimizer.ts","statementMap":{"0":{"start":{"line":6,"column":0},"end":{"line":6,"column":50}},"1":{"start":{"line":18,"column":54},"end":{"line":18,"column":63}},"2":{"start":{"line":19,"column":45},"end":{"line":19,"column":54}},"3":{"start":{"line":26,"column":20},"end":{"line":51,"column":6}},"4":{"start":{"line":53,"column":4},"end":{"line":53,"column":70}},"5":{"start":{"line":61,"column":23},"end":{"line":69,"column":6}},"6":{"start":{"line":72,"column":23},"end":{"line":72,"column":70}},"7":{"start":{"line":74,"column":4},"end":{"line":74,"column":76}},"8":{"start":{"line":81,"column":27},"end":{"line":81,"column":44}},"9":{"start":{"line":82,"column":45},"end":{"line":82,"column":47}},"10":{"start":{"line":85,"column":4},"end":{"line":91,"column":5}},"11":{"start":{"line":86,"column":18},"end":{"line":86,"column":44}},"12":{"start":{"line":87,"column":6},"end":{"line":90,"column":7}},"13":{"start":{"line":88,"column":8},"end":{"line":88,"column":35}},"14":{"start":{"line":89,"column":8},"end":{"line":89,"column":73}},"15":{"start":{"line":94,"column":22},"end":{"line":94,"column":97}},"16":{"start":{"line":95,"column":4},"end":{"line":101,"column":5}},"17":{"start":{"line":96,"column":22},"end":{"line":96,"column":41}},"18":{"start":{"line":97,"column":6},"end":{"line":100,"column":7}},"19":{"start":{"line":98,"column":8},"end":{"line":98,"column":39}},"20":{"start":{"line":99,"column":8},"end":{"line":99,"column":71}},"21":{"start":{"line":103,"column":4},"end":{"line":103,"column":46}},"22":{"start":{"line":104,"column":4},"end":{"line":104,"column":79}},"23":{"start":{"line":111,"column":22},"end":{"line":111,"column":32}},"24":{"start":{"line":113,"column":4},"end":{"line":135,"column":5}},"25":{"start":{"line":116,"column":19},"end":{"line":116,"column":50}},"26":{"start":{"line":117,"column":32},"end":{"line":117,"column":56}},"27":{"start":{"line":119,"column":6},"end":{"line":119,"column":75}},"28":{"start":{"line":119,"column":35},"end":{"line":119,"column":73}},"29":{"start":{"line":121,"column":36},"end":{"line":128,"column":8}},"30":{"start":{"line":130,"column":6},"end":{"line":130,"column":49}},"31":{"start":{"line":131,"column":6},"end":{"line":131,"column":88}},"32":{"start":{"line":134,"column":6},"end":{"line":134,"column":70}},"33":{"start":{"line":149,"column":21},"end":{"line":149,"column":52}},"34":{"start":{"line":150,"column":27},"end":{"line":150,"column":62}},"35":{"start":{"line":150,"column":48},"end":{"line":150,"column":61}},"36":{"start":{"line":152,"column":24},"end":{"line":152,"column":70}},"37":{"start":{"line":152,"column":52},"end":{"line":152,"column":66}},"38":{"start":{"line":153,"column":28},"end":{"line":153,"column":80}},"39":{"start":{"line":153,"column":62},"end":{"line":153,"column":76}},"40":{"start":{"line":154,"column":28},"end":{"line":156,"column":9}},"41":{"start":{"line":155,"column":36},"end":{"line":155,"column":52}},"42":{"start":{"line":158,"column":38},"end":{"line":158,"column":40}},"43":{"start":{"line":160,"column":4},"end":{"line":162,"column":5}},"44":{"start":{"line":161,"column":6},"end":{"line":161,"column":84}},"45":{"start":{"line":164,"column":4},"end":{"line":166,"column":5}},"46":{"start":{"line":165,"column":6},"end":{"line":165,"column":91}},"47":{"start":{"line":168,"column":4},"end":{"line":170,"column":5}},"48":{"start":{"line":169,"column":6},"end":{"line":169,"column":77}},"49":{"start":{"line":172,"column":4},"end":{"line":179,"column":6}},"50":{"start":{"line":186,"column":4},"end":{"line":186,"column":43}},"51":{"start":{"line":193,"column":4},"end":{"line":193,"column":23}},"52":{"start":{"line":194,"column":4},"end":{"line":194,"column":30}},"53":{"start":{"line":195,"column":4},"end":{"line":195,"column":57}},"54":{"start":{"line":17,"column":0},"end":{"line":17,"column":13}},"55":{"start":{"line":199,"column":0},"end":{"line":199,"column":34}}},"fnMap":{"0":{"name":"(anonymous_0)","decl":{"start":{"line":24,"column":2},"end":{"line":24,"column":8}},"loc":{"start":{"line":24,"column":68},"end":{"line":54,"column":3}}},"1":{"name":"(anonymous_1)","decl":{"start":{"line":59,"column":2},"end":{"line":59,"column":8}},"loc":{"start":{"line":59,"column":74},"end":{"line":75,"column":3}}},"2":{"name":"(anonymous_2)","decl":{"start":{"line":80,"column":2},"end":{"line":80,"column":8}},"loc":{"start":{"line":80,"column":79},"end":{"line":105,"column":3}}},"3":{"name":"(anonymous_3)","decl":{"start":{"line":110,"column":10},"end":{"line":110,"column":16}},"loc":{"start":{"line":110,"column":86},"end":{"line":136,"column":3}}},"4":{"name":"(anonymous_4)","decl":{"start":{"line":119,"column":24},"end":{"line":119,"column":31}},"loc":{"start":{"line":119,"column":35},"end":{"line":119,"column":73}}},"5":{"name":"(anonymous_5)","decl":{"start":{"line":141,"column":2},"end":{"line":141,"column":8}},"loc":{"start":{"line":141,"column":23},"end":{"line":180,"column":3}}},"6":{"name":"(anonymous_6)","decl":{"start":{"line":150,"column":43},"end":{"line":150,"column":44}},"loc":{"start":{"line":150,"column":48},"end":{"line":150,"column":61}}},"7":{"name":"(anonymous_7)","decl":{"start":{"line":152,"column":40},"end":{"line":152,"column":41}},"loc":{"start":{"line":152,"column":52},"end":{"line":152,"column":66}}},"8":{"name":"(anonymous_8)","decl":{"start":{"line":153,"column":50},"end":{"line":153,"column":51}},"loc":{"start":{"line":153,"column":62},"end":{"line":153,"column":76}}},"9":{"name":"(anonymous_9)","decl":{"start":{"line":155,"column":24},"end":{"line":155,"column":25}},"loc":{"start":{"line":155,"column":36},"end":{"line":155,"column":52}}},"10":{"name":"(anonymous_10)","decl":{"start":{"line":185,"column":2},"end":{"line":185,"column":8}},"loc":{"start":{"line":185,"column":26},"end":{"line":187,"column":3}}},"11":{"name":"(anonymous_11)","decl":{"start":{"line":192,"column":2},"end":{"line":192,"column":8}},"loc":{"start":{"line":192,"column":19},"end":{"line":196,"column":3}}}},"branchMap":{"0":{"loc":{"start":{"line":53,"column":11},"end":{"line":53,"column":69}},"type":"binary-expr","locations":[{"start":{"line":53,"column":11},"end":{"line":53,"column":62}},{"start":{"line":53,"column":66},"end":{"line":53,"column":69}}]},"1":{"loc":{"start":{"line":72,"column":23},"end":{"line":72,"column":70}},"type":"cond-expr","locations":[{"start":{"line":72,"column":41},"end":{"line":72,"column":42}},{"start":{"line":72,"column":45},"end":{"line":72,"column":70}}]},"2":{"loc":{"start":{"line":72,"column":45},"end":{"line":72,"column":70}},"type":"cond-expr","locations":[{"start":{"line":72,"column":65},"end":{"line":72,"column":66}},{"start":{"line":72,"column":69},"end":{"line":72,"column":70}}]},"3":{"loc":{"start":{"line":74,"column":12},"end":{"line":74,"column":61}},"type":"binary-expr","locations":[
[...]
,"C:\\Users\\windows11\\ZXP\\byesmoke-v0\\byesmoke-v00\\src\\utils\\typography.ts": {"path":"C:\\Users\\windows11\\ZXP\\byesmoke-v0\\byesmoke-v00\\src\\utils\\typography.ts","statementMap":{"0":{"start":{"line":2,"column":0},"end":{"line":2,"column":44}},"1":{"start":{"line":5,"column":28},"end":{"line":10,"column":1}},"2":{"start":{"line":6,"column":2},"end":{"line":9,"column":4}},"3":{"start":{"line":5,"column":13},"end":{"line":5,"column":28}},"4":{"start":{"line":13,"column":13},"end":{"line":135,"column":2}},"5":{"start":{"line":138,"column":31},"end":{"line":146,"column":1}},"6":{"start":{"line":142,"column":2},"end":{"line":145,"column":4}},"7":{"start":{"line":138,"column":13},"end":{"line":138,"column":31}}},"fnMap":{"0":{"name":"(anonymous_0)","decl":{"start":{"line":5,"column":28},"end":{"line":5,"column":29}},"loc":{"start":{"line":5,"column":78},"end":{"line":10,"column":1}}},"1":{"name":"(anonymous_1)","decl":{"start":{"line":138,"column":31},"end":{"line":138,"column":null}},"loc":{"start":{"line":141,"column":15},"end":{"line":146,"column":1}}}},"branchMap":{"0":{"loc":{"start":{"line":140,"column":2},"end":{"line":140,"column":36}},"type":"default-arg","locations":[{"start":{"line":140,"column":34},"end":{"line":140,"column":36}}]}},"s":{"0":0,"1":0,"2":0,"3":0,"4":0,"5":0,"6":0,"7":0},"f":{"0":0,"1":0},"b":{"0":[0]}}
,"C:\\Users\\windows11\\ZXP\\byesmoke-v0\\byesmoke-v00\\src\\utils\\validation.ts": {"path":"C:\\Users\\windows11\\ZXP\\byesmoke-v0\\byesmoke-v00\\src\\utils\\validation.ts","statementMap":{"0":{"start":{"line":11,"column":29},"end":{"line":43,"column":1}},"1":{"start":{"line":12,"column":27},"end":{"line":12,"column":29}},"2":{"start":{"line":14,"column":2},"end":{"line":17,"column":3}},"3":{"start":{"line":15,"column":4},"end":{"line":15,"column":37}},"4":{"start":{"line":16,"column":4},"end":{"line":16,"column":38}},"5":{"start":{"line":19,"column":2},"end":{"line":21,"column":3}},"6":{"start":{"line":20,"column":4},"end":{"line":20,"column":58}},"7":{"start":{"line":24,"column":21},"end":{"line":24,"column":155}},"8":{"start":{"line":26,"column":2},"end":{"line":28,"column":3}},"9":{"start":{"line":27,"column":4},"end":{"line":27,"column":40}},"10":{"start":{"line":31,"column":28},"end":{"line":36,"column":4}},"11":{"start":{"line":38,"column":2},"end":{"line":40,"column":3}},"12":{"start":{"line":38,"column":40},"end":{"line":38,"column":59}},"13":{"start":{"line":39,"column":4},"end":{"line":39,"column":53}},"14":{"start":{"line":42,"column":2},"end":{"line":42,"column":50}},"15":{"start":{"line":11,"column":13},"end":{"line":11,"column":29}},"16":{"start":{"line":46,"column":32},"end":{"line":93,"column":1}},"17":{"start":{"line":47,"column":27},"end":{"line":47,"column":29}},"18":{"start":{"line":49,"column":2},"end":{"line":52,"column":3}},"19":{"start":{"line":50,"column":4},"end":{"line":50,"column":40}},"20":{"start":{"line":51,"column":4},"end":{"line":51,"column":38}},"21":{"start":{"line":54,"column":2},"end":{"line":56,"column":3}},"22":{"start":{"line":55,"column":4},"end":{"line":55,"column":63}},"23":{"start":{"line":58,"column":2},"end":{"line":60,"column":3}},"24":{"start":{"line":59,"column":4},"end":{"line":59,"column":61}},"25":{"start":{"line":63,"column":2},"end":{"line":65,"column":3}},"26":{"start":{"line":64,"column":4},"end":{"line":64,"column":71}},"27":{"start":{"line":68,"column":2},"end":{"line":70,"column":3}},"28":{"start":{"line":69,"column":4},"end":{"line":69,"column":71}},"29":{"start":{"line":73,"column":2},"end":{"line":75,"column":3}},"30":{"start":{"line":74,"column":4},"end":{"line":74,"column":61}},"31":{"start":{"line":78,"column":2},"end":{"line":80,"column":3}},"32":{"start":{"line":79,"column":4},"end":{"line":79,"column":72}},"33":{"start":{"line":83,"column":24},"end":{"line":86,"column":4}},"34":{"start":{"line":88,"column":2},"end":{"line":90,"column":3}},"35":{"start":{"line":89,"column":4},"end":{"line":89,"column":63}},"36":{"start":{"line":92,"column":2},"end":{"line":92,"column":50}},"37":{"start":{"line":46,"column":13},"end":{"line":46,"column":32}},"38":{"start":{"line":96,"column":35},"end":{"line":143,"column":1}},"39":{"start":{"line":97,"column":27},"end":{"line":97,"column":29}},"40":{"start":{"line":99,"column":2},"end":{"line":102,"column":3}},"41":{"start":{"line":100,"column":4},"end":{"line":100,"column":44}},"42":{"start":{"line":101,"column":4},"end":{"line":101,"column":38}},"43":{"start":{"line":105,"column":2},"end":{"line":107,"column":3}},"44":{"start":{"line":106,"column":4},"end":{"line":106,"column":67}},"45":{"start":{"line":109,"column":2},"end":{"line":111,"column":3}},"46":{"start":{"line":110,"column":4},"end":{"line":110,"column":64}},"47":{"start":{"line":114,"column":28},"end":{"line":114,"column":52}},"48":{"start":{"line":115,"column":2},"end":{"line":117,"column":3}},"49":{"start":{"line":116,"column":4},"end":{"line":116,"column":60}},"50":{"start":{"line":120,"column":22},"end":{"line":127,"column":4}},"51":{"start":{"line":129,"column":2},"end":{"line":131,"column":3}},"52":{"start":{"line":129,"column":34},"end":{"line":129,"column":59}},"53":{"start":{"line":130,"column":4},"end":{"line":130,"column":62}},"54":{"start":{"line":134,"column":2},"end":{"line":136,"column":3}},"55":{"start":{"line":135,"column":4},"end":{"line":135,"column":68}},"56":{"start":{"line":138,"column":2},"end":{"line":140,"column":3}},"57":{"start":{"line":139,"column":4},"end":{"line":139,"column":75}},"58":{"start":{"line":142,"column":2},"end":{"line":142,"column":50}},"59":{"start":{"line":96,"column":13},"end":{"line":96,"column":35}},"60":{"start":{"line":146,"column":32},"end":{"line":191,"column":1}},"61":{"start":{"line":147,"column":27},"end":{"line":147,"column":29}},"62":{"start":{"line":149,"column":2},"end":{"line":152,"column":3}},"63":{"start":{"line":150,"column":4},"end":{"line":150,"column":40}},"64":{"start":{"line":151,"column":4},"end":{"line":151,"column":38}},"65":{"start":{"line":155,"column":2},"end":{"line":157,"column":3}},"66":{"start":{"line":156,"column":4},"end":{"line":156,"column":63}},"67":{"start":{"line":159,"column":2},"end":{"line":161,"column":3}},"68":{"start":{"line":160,"column":4},"end":{"line":160,"column":60}},"69":{"start":{"line":164,"column":24},"end":{"line":164,"column":42}},"70":{"start":{"line":165,"column":2},"end":{"line":167,"column":3}},"71":{"start":{"line":166,"column":4},"end":{"line":166,"column":88}},"72":{"start":{"line":170,"column":2},"end":{"line":172,"column":3}},"73":{"start":{"line":171,"column":4},"end":{"line":171,"column":63}},"74":{"start":{"line":175,"column":2},"end":{"line":177,"column":3}},"75":{"start":{"line":176,"column":4},"end":{"line":176,"column":61}},"76":{"start":{"line":180,"column":28},"end":{"line":184,"column":4}},"77":{"start":{"line":186,"column":2},"end":{"line":188,"column":3}},"78":{"start":{"line":187,"column":4},"end":{"line":187,"column":59}},"79":{"start":{"line":190,"column":2},"end":{"line":190,"column":50}},"80":{"start":{"line":146,"column":13},"end":{"line":146,"column":32}},"81":{"start":{"line":194,"column":36},"end":{"line":213,"column":1}},"82":{"start":{"line":195,"column":27},"end":{"line":195,"column":29}},"83":{"start":{"line":197,"column":2},"end":{"line":199,"column":3}},"84":{"start":{"line":198,"column":4},"end":{"line":198,"column":37}},"85":{"start":{"line":202,"column":2},"end":{"line":204,"column":3}},"86":{"start":{"line":203,"column":4},"end":{"line":203,"column":69}},"87":{"start":{"line":207,"column":28},"end":{"line":207,"column":44}},"88":{"start":{"line":208,"column":2},"end":{"line":210,"column":3}},"89":{"start":{"line":209,"column":4},"end":{"line":209,"column":70}},"90":{"start":{"line":212,"column":2},"end":{"line":212,"column":50}},"91":{"start":{"line":194,"column":13},"end":{"line":194,"column":36}},"92":{"start":{"line":216,"column":30},"end":{"line":243,"column":1}},"93":{"start":{"line":223,"column":27},"end":{"line":223,"column":29}},"94":{"start":{"line":226,"column":22},"end":{"line":226,"column":42}},"95":{"start":{"line":227,"column":25},"end":{"line":227,"column":51}},"96":{"start":{"line":228,"column":28},"end":{"line":228,"column":60}},"97":{"start":{"line":229,"column":25},"end":{"line":229,"column":51}},"98":{"start":{"line":232,"column":2},"end":{"line":232,"column":37}},"99":{"start":{"line":233,"column":2},"end":{"line":233,"column":40}},"100":{"start":{"line":234,"column":2},"end":{"line":234,"column":43}},"101":{"start":{"line":235,"column":2},"end":{"line":235,"column":40}},"102":{"start":{"line":238,"column":2},"end":{"line":240,"column":3}},"103":{"start":{"line":239,"column":4},"end":{"line":239,"column":42}},"104":{"start":{"line":242,"column":2},"end":{"line":242,"column":50}},"105":{"start":{"line":216,"column":13},"end":{"line":216,"column":30}},"106":{"start":{"line":246,"column":30},"end":{"line":261,"column":1}},"107":{"start":{"line":247,"column":27},"end":{"line":247,"column":29}},"108":{"start":{"line":249,"column":2},"end":{"line":254,"column":3}},"109":{"start":{"line":250,"column":4},"end":{"line":250,"column":37}},"110":{"start":{"line":252,"column":24},"end":{"line":252,"column":44}},"111":{"start":{"line":253,"column":4},"end":{"line":253,"column":39}},"112":{"start":{"line":256,"column":2},"end":{"line":258,"column":3}},"113":{"start":{"line":257,"column":4},"end":{"line":257,"column":40}},"114":{"start":{"line":260,"column":2},"end":{"line":260,"column":50}},"115":{"start":{"line":246,"column":13},"end":{"line":246,"column":30}},"116":{"start":{"line":264,"column":35},"end":{"line":269,"column":1}},"117":{"start":{"line":265,"column":2},"end":{"line":268,"column":22}},"118":{"start":{"line":264,"column":13},"end":{"line":264,"column":35}},"119":{"start":{"line":271,"column":32},"end":{"line":277,"column":1}},"120":{"start":{"line":272,"column":2},"end":{"line":276,"column":22}},"121":{"start":{"line":271,"column":13},"end":{"line":271,"column":32}},"122":{"start":{"line":279,"column":29},"end":{"line":284,"column":1}},"123":{"start":{"line":280,"column":2},"end":{"line":283,"column":23}},"124":{"start":{"line":279,"column":13},"end":{"line":279,"column":29}}},"fnMap":{"0":{"name":"(anonymous_0)","decl":{"start":{"line":11,"column":29},"end":{"line":11,"column":30}},"loc":{"start":{"line":11,"column":65},"end":{"line":43,"column":1}}},"1":{"name":"(anonymous_1)","decl":{"start":{"line":38,"column":29},"end":{"line":38,"column":36}},"loc":{"start":{"line":38,"column":40},"end":{"line":38,"column":59}}},"2":{"name":"(anonymous_2)","decl":{"start":{"line":46,"column":32},"end":{"line":46,"column":33}},"loc":{"start":{"line":46,"column":71},"end":{"line":93,"column":1}}},"3":{"name":"(anonymous_3)","decl":{"start":{"line":96,"column":35},"end":{"line":96,"column":36}},"loc":{"start":{"line":96,"column":77},"end":{"line":143,"column":1}}},"4":{"name":"(anonymous_4)","decl":{"start":{"line":129,"column":23},"end":{"line":129,"column":30}},"loc":{"start":{"line":129,"column":34},"end":{"line":129,"column":59}}},"5":{"name":"(anonymous_5)","decl":{"start":{"line":146,"column":32},"end":{"line":146,"column":33}},"loc":{"start":{"line":146,"column":71},"end":{"line":191,"column":1}}},"6":{"name":"(anonymous_6)","decl":{"start":{"line":194,"column":36},"end":{"line":194,"column":37}},"loc":{"start":{"line":194,"column":79},"end":{"line":213,"column":1}}},"7":{"name":"(anonymous_7)","decl":{"start":{"line":216,"column":30},"end":{"line":216,"column":null}},"loc":{"start":{"line":222,"column":22},"end":{"line":243,"column":1}}},"8":{"name":"(anonymous_8)","decl":{"start":{"line":246,"column":30},"end":{"line":246,"column":31}},"loc":{"start":{"line":246,"column":84},"end":{"line":261,"column":1}}},"9":{"name":"(anonymous_9)","decl":{"start":{"line":264,"column":35},"end":{"line":264,"column":36}},"loc":{"start":{"line":264,"column":67},"end":{"line":269,"column":1}}},"10":{"name":"(anonymous_10)","decl":{"start":{"line":271,"column":32},"end":{"line":271,"column":33}},"loc":{"start":{"line":271,"column":61},"end":{"line":277,"column":1}}},"11":{"name":"(anonymous_11)","decl":{"start":{"line":279,"column":29},"end":{"line":279,"column":30}},"loc":{"start":{"line":279,"column":55},"end":{"line":284,"column":1}}}},"branchMap":{"0":{"loc":{"start":{"line":14,"column":2},"end":{"line":17,"column":3}},"type":"if","locations":[{"start":{"line":14,"column":2},"end":{"line":17,"column":3}},{"start":{},"end":{}}]},"1":{"loc":{"start":{"line":19,"column":2},"end":{"line":21,"column":3}},"type":"if","locations":[{"start":{"line":19,"column":2},"end":{"line":21,"column":3}},{"start":{},"end":{}}]},"2":{"loc":{"start":{"line":26,"column":2},"end":{"line":28,"column":3}},"type":"if","locations":[{"start":{"line":26,"column":2},"end":{"line":28,"column":3}},{"start":{},"end":{}}]},"3":{"loc":{"start":{"line":38,"column":2},"end":{"line":40,"column":3}},"type":"if","locations":[{"start":{"line":38,"column":2},"end":{"line":40,"column":3}},{"start":{},"end":{}}]},"4":{"loc":{"start":{"line":49,"column":2},"end":{"line":52,"column":3}},"type":"if","locations":[{"start":{"line":49,"column":2},"end":{"line":52,"column":3}},{"start":{},"end":{}}]},"5":{"loc":{"start":{"line":54,"column":2},"end":{"line":56,"column":3}},"type":"if","locations":[{"start":{"line":54,"column":2},"end":{"line":56,"column":3}},{"start":{},"end":{}}]},"6":{"loc":{"start":{"line":58,"column":2},"end":{"line":60,"column":3}},"type":"if","locations":[{"start":{"line":58,"column":2},"end":{"line":60,"column":3}},{"start":{},"end":{}}]},"7":{"loc":{"start":{"line":63,"column":2},"end":{"line":65,"column":3}},"type":"if","locations":[{"start":{"line":63,"column":2},"end":{"line":65,"column":3}},{"start":{},"end":{}}]},"8":{"loc":{"start":{"line":68,"column":2},"end":{"line":70,"column":3}},"type":"if","locations":[{"start":{"line":68,"column":2},"end":{"line":70,"column":3}},{"start":{},"end":{}}]},"9":{"loc":{"start":{"line":73,"column":2},"end":{"line":75,"column":3}},"type":"if","locations":[{"start":{"line":73,"column":2},"end":{"line":75,"column":3}},{"start":{},"end":{}}]},"10":{"loc":{"start":{"line":78,"column":2},"end":{"line":80,"column":3}},"type":"if","locations":[{"start":{"line":78,"column":2},"end":{"line":80,"column":3}},{"start":{},"end":{}}]},"11":{"loc":{"start":{"line":88,"column":2},"end":{"line":90,"column":3}},"type":"if","locations":[{"start":{"line":88,"column":2},"end":{"line":90,"column":3}},{"start":{},"end":{}}]},"12":{"loc":{"start":{"line":99,"column":2},"end":{"line":102,"column":3}},"type":"if","locations":[{"start":{"line":99,"column":2},"end":{"line":102,"column":3}},{"start":{},"end":{}}]},"13":{"loc":{"start":{"line":105,"column":2},"end":{"line":107,"column":3}},"type":"if","locations":[{"start":{"line":105,"column":2},"end":{"line":107,"column":3}},{"start":{},"end":{}}]},"14":{"loc":{"start":{"line":109,"column":2},"end":{"line":111,"column":3}},"type":"if","locations":[{"start":{"line":109,"column":2},"end":{"line":111,"column":3}},{"start":{},"end":{}}]},"15":{"loc":{"start":{"line":115,"column":2},"end":{"line":117,"column":3}},"type":"if","locations":[{"start":{"line":115,"column":2},"end":{"line":117,"column":3}},{"start":{},"end":{}}]},"16":{"loc":{"start":{"line":129,"column":2},"end":{"line":131,"column":3}},"type":"if","locations":[{"start":{"line":129,"column":2},"end":{"line":131,"column":3}},{"start":{},"end":{}}]},"17":{"loc":{"start":{"line":134,"column":2},"end":{"line":136,"column":3}},"type":"if","locations":[{"start":{"line":134,"column":2},"end":{"line":136,"column":3}},{"start":{},"end":{}}]},"18":{"loc":{"start":{"line":138,"column":2},"end":{"line":140,"column":3}},"type":"if","locations":[{"start":{"line":138,"column":2},"end":{"line":140,"column":3}},{"start":{},"end":{}}]},"19":{"loc":{"start":{"line":149,"column":2},"end":{"line":152,"column":3}},"type":"if","locations":[{"start":{"line":149,"column":2},"end":{"line":152,"column":3}},{"start":{},"end":{}}]},"20":{"loc":{"start":{"line":155,"column":2},"end":{"line":157,"column":3}},"type":"if","locations":[{"start":{"line":155,"column":2},"end":{"line":157,"column":3}},{"start":{},"end":{}}]},"21":{"loc":{"start":{"line":159,"column":2},"end":{"line":161,"column":3}},"type":"if","locations":[{"start":{"line":159,"column":2},"end":{"line":161,"column":3}},{"start":{},"end":{}}]},"22":{"loc":{"start":{"line":165,"column":2},"end":{"line":167,"column":3}},"type":"if","locations":[{"start":{"line":165,"column":2},"end":{"line":167,"column":3}},{"start":{},"end":{}}]},"23":{"loc":{"start":{"line":170,"column":2},"end":{"line":172,"column":3}},"type":"if","locations":[{"start":{"line":170,"column":2},"end":{"line":172,"column":3}},{"start":{},"end":{}}]},"24":{"loc":{"start":{"line":175,"column":2},"end":{"line":177,"column":3}},"type":"if","locations":[{"start":{"line":175,"column":2},"end":{"line":177,"column":3}},{"start":{},"end":{}}]},"25":{"loc":{"start":{"line":186,"column":2},"end":{"line":188,"column":3}},"type":"if","locations":[{"start":{"line":186,"column":2},"end":{"line":188,"column":3}},{"start":{},"end":{}}]},"26":{"loc":{"start":{"line":197,"column":2},"end":{"line":199,"column":3}},"type":"if","locations":[{"start":{"line":197,"column":2},"end":{"line":199,"column":3}},{"start":{},"end":{}}]},"27":{"loc":{"start":{"line":202,"column":2},"end":{"line":204,"column":3}},"type":"if","locations":[{"start":{"line":202,"column":2},"end":{"line":204,"column":3}},{"start":{},"end":{}}]},"28":{"loc":{"start":{"line":202,"column":6},"end":{"line":202,"column":57}},"type":"binary-expr","locations":[{"start":{"line":202,"column":6},"end":{"line":202,"column":29}},{"start":{"line":202,"column":33},"end":{"line":202,"column":57}}]},"29":{"loc":{"start":{"line":208,"column":2},"end":{"line":210,"column":3}},"type":"if","locations":[{"start":{"line":208,"column":2},"end":{"line":210,"column":3}},{"start":{},"end":{}}]},"30":{"loc":{"start":{"line":238,"column":2},"end":{"line":240,"column":3}},"type":"if","locations":[{"start":{"line":238,"column":2},"end":{"line":240,"column":3}},{"start":{},"end":{}}]},"31":{"loc":{"start":{"line":249,"column":2},"end":{"line":254,"column":3}},"type":"if","locations":[{"start":{"line":249,"column":2},"end":{"line":254,"column":3}},{"start":{"line":251,"column":9},"end":{"line":254,"column":3}}]},"32":{"loc":{"start":{"line":256,"column":2},"end":{"line":258,"column":3}},"type":"if","locations":[{"start":{"line":256,"column":2},"end":{"line":258,"column":3}},{"start":{},"end":{}}]}},"s":{"0":0,"1":0,"2":0,"3":0,"4":0,"5":0,"6":0,"7":0,"8":0,"9":0,"10":0,"11":0,"12":0,"13":0,"14":0,"15":0,"16":0,"17":0,"18":0,"19":0,"20":0,"21":0,"22":0,"23":0,"24":0,"25":0,"26":0,"27":0,"28":0,"29":0,"30":0,"31":0,"32":0,"33":0,"34":0,"35":0,"36":0,"37":0,"38":0,"39":0,"40":0,"41":0,"42":0,"43":0,"44":0,"45":0,"46":0,"47":0,"48":0,"49":0,"50":0,"51":0,"52":0,"53":0,"54":0,"55":0,"56":0,"57":0,"58":0,"59":0,"60":0,"61":0,"62":0,"63":0,"64":0,"65":0,"66":0,"67":0,"68":0,"69":0,"70":0,"71":0,"72":0,"73":0,"74":0,"75":0,"76":0,"77":0,"78":0,"79":0,"80":0,"81":0,"82":0,"83":0,"84":0,"85":0,"86":0,"87":0,"88":0,"89":0,"90":0,"91":0,"92":0,"93":0,"94":0,"95":0,"96":0,"97":0,"98":0,"99":0,"100":0,"101":0,"102":0,"103":0,"104":0,"105":0,"106":0,"107":0,"108":0,"109":0,"110":0,"111":0,"112":0,"113":0,"114":0,"115":0,"116":0,"117":0,"118":0,"119":0,"120":0,"121":0,"122":0,"123":0,"124":0},"f":{"0":0,"1":0,"2":0,"3":0,"4":0,"5":0,"6":0,"7":0,"8":0,"9":0,"10":0,"11":0},"b":{"0":[0,0],"1":[0,0],"2":[0,0],"3":[0,0],"4":[0,0],"5":[0,0],"6":[0,0],"7":[0,0],"8":[0,0],"9":[0,0],"10":[0,0],"11":[0,0],"12":[0,0],"13":[0,0],"14":[0,0],"15":[0,0],"16":[0,0],"17":[0,0],"18":[0,0],"19":[0,0],"20":[0,0],"21":[0,0],"22":[0,0],"23":[0,0],"24":[0,0],"25":[0,0],"26":[0,0],"27":[0,0],"28":[0,0],"29":[0,0],"30":[0,0],"31":[0,0],"32":[0,0]}}
}
