TN:
SF:src\hooks\useInterstitialAd.ts
FN:23,(anonymous_0)
FN:27,(anonymous_1)
FN:28,(anonymous_2)
FN:32,(anonymous_3)
FN:38,(anonymous_4)
FN:74,(anonymous_5)
FN:80,(anonymous_6)
FN:81,(anonymous_7)
FNF:8
FNH:0
FNDA:0,(anonymous_0)
FNDA:0,(anonymous_1)
FNDA:0,(anonymous_2)
FNDA:0,(anonymous_3)
FNDA:0,(anonymous_4)
FNDA:0,(anonymous_5)
FNDA:0,(anonymous_6)
FNDA:0,(anonymous_7)
DA:1,0
DA:2,0
DA:23,0
DA:24,0
DA:27,0
DA:28,0
DA:29,0
DA:32,0
DA:38,0
DA:39,0
DA:40,0
DA:41,0
DA:44,0
DA:46,0
DA:49,0
DA:51,0
DA:53,0
DA:54,0
DA:61,0
DA:63,0
DA:74,0
DA:78,0
DA:80,0
DA:81,0
DA:82,0
DA:86,0
DA:89,0
LF:27
LH:0
BRDA:38,0,0,0
BRDA:39,1,0,0
BRDA:39,1,1,0
BRDA:61,2,0,0
BRDA:61,2,1,0
BRDA:76,3,0,0
BRF:6
BRH:0
end_of_record
TN:
SF:src\hooks\useInterstitialAd.web.ts
FN:18,(anonymous_0)
FN:19,(anonymous_1)
FN:38,(anonymous_2)
FN:42,(anonymous_3)
FNF:4
FNH:0
FNDA:0,(anonymous_0)
FNDA:0,(anonymous_1)
FNDA:0,(anonymous_2)
FNDA:0,(anonymous_3)
DA:1,0
DA:18,0
DA:19,0
DA:20,0
DA:21,0
DA:24,0
DA:38,0
DA:42,0
DA:43,0
DA:46,0
DA:49,0
LF:11
LH:0
BRDA:19,0,0,0
BRDA:40,1,0,0
BRF:2
BRH:0
end_of_record
TN:
SF:src\hooks\useTranslation.ts
FN:4,useTranslation
FN:10,(anonymous_1)
FN:30,(anonymous_2)
FN:46,useTranslationFor
FNF:4
FNH:0
FNDA:0,useTranslation
FNDA:0,(anonymous_1)
FNDA:0,(anonymous_2)
FNDA:0,useTranslationFor
DA:1,0
DA:2,0
DA:4,0
DA:5,0
DA:7,0
DA:10,0
DA:12,0
DA:13,0
DA:15,0
DA:16,0
DA:17,0
DA:20,0
DA:24,0
DA:25,0
DA:29,0
DA:30,0
DA:31,0
DA:35,0
DA:38,0
DA:46,0
DA:47,0
DA:48,0
LF:22
LH:0
BRDA:16,0,0,0
BRDA:16,0,1,0
BRDA:16,1,0,0
BRDA:16,1,1,0
BRDA:16,1,2,0
BRDA:24,2,0,0
BRDA:24,2,1,0
BRDA:29,3,0,0
BRDA:29,3,1,0
BRF:9
BRH:0
end_of_record
TN:
SF:src\services\adMob.web.ts
FN:6,(anonymous_0)
FN:10,(anonymous_1)
FN:18,(anonymous_2)
FN:25,(anonymous_3)
FNF:4
FNH:0
FNDA:0,(anonymous_0)
FNDA:0,(anonymous_1)
FNDA:0,(anonymous_2)
FNDA:0,(anonymous_3)
DA:3,0
DA:7,0
DA:14,0
DA:15,0
DA:19,0
DA:23,0
DA:25,0
DA:26,0
DA:28,0
LF:9
LH:0
BRDA:12,0,0,0
BRF:1
BRH:0
end_of_record
TN:
SF:src\services\analytics.ts
FN:9,(anonymous_1)
FN:13,(anonymous_2)
FN:25,(anonymous_3)
FN:42,(anonymous_4)
FN:59,(anonymous_5)
FN:75,(anonymous_6)
FN:81,(anonymous_7)
FN:87,(anonymous_8)
FN:94,(anonymous_9)
FN:102,(anonymous_10)
FN:109,(anonymous_11)
FN:116,(anonymous_12)
FN:120,(anonymous_13)
FN:126,(anonymous_14)
FN:132,(anonymous_15)
FN:139,(anonymous_16)
FN:147,(anonymous_17)
FN:153,(anonymous_18)
FN:161,(anonymous_19)
FN:168,(anonymous_20)
FN:175,(anonymous_21)
FNF:21
FNH:0
FNDA:0,(anonymous_1)
FNDA:0,(anonymous_2)
FNDA:0,(anonymous_3)
FNDA:0,(anonymous_4)
FNDA:0,(anonymous_5)
FNDA:0,(anonymous_6)
FNDA:0,(anonymous_7)
FNDA:0,(anonymous_8)
FNDA:0,(anonymous_9)
FNDA:0,(anonymous_10)
FNDA:0,(anonymous_11)
FNDA:0,(anonymous_12)
FNDA:0,(anonymous_13)
FNDA:0,(anonymous_14)
FNDA:0,(anonymous_15)
FNDA:0,(anonymous_16)
FNDA:0,(anonymous_17)
FNDA:0,(anonymous_18)
FNDA:0,(anonymous_19)
FNDA:0,(anonymous_20)
FNDA:0,(anonymous_21)
DA:1,0
DA:2,0
DA:3,0
DA:6,0
DA:9,0
DA:10,0
DA:11,0
DA:14,0
DA:25,0
DA:26,0
DA:27,0
DA:28,0
DA:29,0
DA:32,0
DA:33,0
DA:35,0
DA:42,0
DA:43,0
DA:44,0
DA:45,0
DA:46,0
DA:49,0
DA:50,0
DA:52,0
DA:59,0
DA:60,0
DA:61,0
DA:62,0
DA:63,0
DA:66,0
DA:67,0
DA:69,0
DA:75,0
DA:76,0
DA:81,0
DA:82,0
DA:87,0
DA:88,0
DA:94,0
DA:95,0
DA:102,0
DA:103,0
DA:109,0
DA:110,0
DA:116,0
DA:117,0
DA:120,0
DA:121,0
DA:126,0
DA:127,0
DA:132,0
DA:133,0
DA:139,0
DA:140,0
DA:147,0
DA:148,0
DA:153,0
DA:154,0
DA:161,0
DA:162,0
DA:168,0
DA:169,0
DA:175,0
DA:176,0
DA:182,0
LF:65
LH:0
BRDA:10,0,0,0
BRDA:10,0,1,0
BRDA:27,1,0,0
BRDA:27,1,1,0
BRDA:27,2,0,0
BRDA:27,2,1,0
BRDA:44,3,0,0
BRDA:44,3,1,0
BRDA:44,4,0,0
BRDA:44,4,1,0
BRDA:61,5,0,0
BRDA:61,5,1,0
BRDA:61,6,0,0
BRDA:61,6,1,0
BRDA:112,7,0,0
BRDA:112,7,1,0
BRF:16
BRH:0
end_of_record
TN:
SF:src\services\auth.ts
FN:23,(anonymous_0)
FN:54,(anonymous_1)
FN:102,(anonymous_2)
FN:127,(anonymous_3)
FN:142,(anonymous_4)
FN:179,(anonymous_5)
FN:193,(anonymous_6)
FN:208,(anonymous_7)
FN:228,(anonymous_8)
FNF:9
FNH:0
FNDA:0,(anonymous_0)
FNDA:0,(anonymous_1)
FNDA:0,(anonymous_2)
FNDA:0,(anonymous_3)
FNDA:0,(anonymous_4)
FNDA:0,(anonymous_5)
FNDA:0,(anonymous_6)
FNDA:0,(anonymous_7)
FNDA:0,(anonymous_8)
DA:1,0
DA:2,0
DA:9,0
DA:11,0
DA:12,0
DA:13,0
DA:20,0
DA:23,0
DA:25,0
DA:39,0
DA:40,0
DA:41,0
DA:42,0
DA:46,0
DA:47,0
DA:51,0
DA:54,0
DA:61,0
DA:63,0
DA:64,0
DA:66,0
DA:69,0
DA:77,0
DA:78,0
DA:79,0
DA:80,0
DA:84,0
DA:85,0
DA:88,0
DA:91,0
DA:93,0
DA:94,0
DA:96,0
DA:98,0
DA:102,0
DA:103,0
DA:105,0
DA:108,0
DA:110,0
DA:111,0
DA:112,0
DA:113,0
DA:117,0
DA:118,0
DA:119,0
DA:121,0
DA:123,0
DA:127,0
DA:128,0
DA:130,0
DA:131,0
DA:134,0
DA:135,0
DA:137,0
DA:138,0
DA:142,0
DA:143,0
DA:145,0
DA:173,0
DA:176,0
DA:177,0
DA:178,0
DA:179,0
DA:181,0
DA:183,0
DA:186,0
DA:189,0
DA:193,0
DA:194,0
DA:195,0
DA:196,0
DA:198,0
DA:199,0
DA:201,0
DA:203,0
DA:204,0
DA:208,0
DA:209,0
DA:210,0
DA:211,0
DA:214,0
DA:220,0
DA:222,0
DA:224,0
DA:228,0
DA:229,0
DA:230,0
DA:231,0
DA:232,0
DA:233,0
DA:234,0
DA:235,0
DA:237,0
DA:239,0
DA:240,0
LF:95
LH:0
BRDA:40,0,0,0
BRDA:40,0,1,0
BRDA:42,1,0,0
BRDA:42,1,1,0
BRDA:46,2,0,0
BRDA:46,2,1,0
BRDA:46,3,0,0
BRDA:46,3,1,0
BRDA:66,4,0,0
BRDA:66,4,1,0
BRDA:77,5,0,0
BRDA:77,5,1,0
BRDA:110,6,0,0
BRDA:110,6,1,0
BRDA:178,7,0,0
BRDA:178,7,1,0
BRDA:181,8,0,0
BRDA:181,8,1,0
BRDA:198,9,0,0
BRDA:198,9,1,0
BRDA:214,10,0,0
BRDA:214,10,1,0
BRDA:214,10,2,0
BRDA:214,10,3,0
BRDA:214,10,4,0
BRDA:220,11,0,0
BRDA:220,11,1,0
BRDA:231,12,0,0
BRDA:231,12,1,0
BRDA:231,13,0,0
BRDA:231,13,1,0
BRF:31
BRH:0
end_of_record
TN:
SF:src\services\subscription.ts
FN:88,(anonymous_0)
FN:97,(anonymous_1)
FN:103,(anonymous_2)
FN:111,(anonymous_3)
FN:115,(anonymous_4)
FN:121,(anonymous_5)
FN:130,(anonymous_6)
FN:132,(anonymous_7)
FN:139,(anonymous_8)
FN:176,(anonymous_9)
FN:203,(anonymous_10)
FN:222,(anonymous_11)
FN:244,(anonymous_12)
FN:259,(anonymous_13)
FN:279,(anonymous_14)
FN:288,(anonymous_15)
FN:314,(anonymous_16)
FN:345,(anonymous_17)
FN:357,(anonymous_18)
FN:380,(anonymous_19)
FN:395,(anonymous_20)
FN:440,(anonymous_21)
FN:446,(anonymous_22)
FN:461,(anonymous_23)
FN:503,(anonymous_24)
FN:521,(anonymous_25)
FN:533,(anonymous_26)
FN:536,(anonymous_27)
FNF:28
FNH:0
FNDA:0,(anonymous_0)
FNDA:0,(anonymous_1)
FNDA:0,(anonymous_2)
FNDA:0,(anonymous_3)
FNDA:0,(anonymous_4)
FNDA:0,(anonymous_5)
FNDA:0,(anonymous_6)
FNDA:0,(anonymous_7)
FNDA:0,(anonymous_8)
FNDA:0,(anonymous_9)
FNDA:0,(anonymous_10)
FNDA:0,(anonymous_11)
FNDA:0,(anonymous_12)
FNDA:0,(anonymous_13)
FNDA:0,(anonymous_14)
FNDA:0,(anonymous_15)
FNDA:0,(anonymous_16)
FNDA:0,(anonymous_17)
FNDA:0,(anonymous_18)
FNDA:0,(anonymous_19)
FNDA:0,(anonymous_20)
FNDA:0,(anonymous_21)
FNDA:0,(anonymous_22)
FNDA:0,(anonymous_23)
FNDA:0,(anonymous_24)
FNDA:0,(anonymous_25)
FNDA:0,(anonymous_26)
FNDA:0,(anonymous_27)
DA:1,0
DA:2,0
DA:3,0
DA:9,0
DA:29,0
DA:77,0
DA:88,0
DA:90,0
DA:91,0
DA:94,0
DA:97,0
DA:98,0
DA:103,0
DA:109,0
DA:111,0
DA:112,0
DA:115,0
DA:116,0
DA:118,0
DA:121,0
DA:122,0
DA:125,0
DA:130,0
DA:132,0
DA:139,0
DA:140,0
DA:141,0
DA:143,0
DA:144,0
DA:146,0
DA:152,0
DA:161,0
DA:171,0
DA:172,0
DA:176,0
DA:180,0
DA:181,0
DA:189,0
DA:190,0
DA:192,0
DA:198,0
DA:199,0
DA:203,0
DA:204,0
DA:205,0
DA:206,0
DA:211,0
DA:217,0
DA:218,0
DA:222,0
DA:223,0
DA:224,0
DA:227,0
DA:228,0
DA:229,0
DA:231,0
DA:233,0
DA:234,0
DA:239,0
DA:244,0
DA:248,0
DA:252,0
DA:254,0
DA:255,0
DA:259,0
DA:260,0
DA:262,0
DA:264,0
DA:265,0
DA:267,0
DA:268,0
DA:270,0
DA:271,0
DA:273,0
DA:276,0
DA:279,0
DA:280,0
DA:281,0
DA:282,0
DA:283,0
DA:285,0
DA:288,0
DA:289,0
DA:290,0
DA:291,0
DA:292,0
DA:294,0
DA:298,0
DA:300,0
DA:301,0
DA:303,0
DA:304,0
DA:306,0
DA:310,0
DA:314,0
DA:315,0
DA:316,0
DA:317,0
DA:318,0
DA:320,0
DA:330,0
DA:331,0
DA:333,0
DA:339,0
DA:340,0
DA:341,0
DA:345,0
DA:346,0
DA:347,0
DA:350,0
DA:351,0
DA:354,0
DA:357,0
DA:358,0
DA:359,0
DA:362,0
DA:363,0
DA:364,0
DA:366,0
DA:368,0
DA:369,0
DA:375,0
DA:380,0
DA:384,0
DA:388,0
DA:390,0
DA:391,0
DA:395,0
DA:396,0
DA:397,0
DA:401,0
DA:440,0
DA:445,0
DA:446,0
DA:447,0
DA:448,0
DA:452,0
DA:453,0
DA:454,0
DA:461,0
DA:464,0
DA:468,0
DA:469,0
DA:473,0
DA:475,0
DA:479,0
DA:480,0
DA:485,0
DA:487,0
DA:490,0
DA:495,0
DA:497,0
DA:499,0
DA:501,0
DA:503,0
DA:506,0
DA:512,0
DA:513,0
DA:521,0
DA:523,0
DA:533,0
DA:536,0
DA:538,0
LF:163
LH:0
BRDA:90,0,0,0
BRDA:90,0,1,0
BRDA:90,0,2,0
BRDA:91,1,0,0
BRDA:91,1,1,0
BRDA:116,2,0,0
BRDA:116,2,1,0
BRDA:141,3,0,0
BRDA:141,3,1,0
BRDA:143,4,0,0
BRDA:143,4,1,0
BRDA:224,5,0,0
BRDA:224,5,1,0
BRDA:227,6,0,0
BRDA:227,6,1,0
BRDA:231,7,0,0
BRDA:231,7,1,0
BRDA:255,8,0,0
BRDA:255,8,1,0
BRDA:262,9,0,0
BRDA:262,9,1,0
BRDA:262,9,2,0
BRDA:262,9,3,0
BRDA:289,10,0,0
BRDA:289,10,1,0
BRDA:290,11,0,0
BRDA:290,11,1,0
BRDA:291,12,0,0
BRDA:291,12,1,0
BRDA:298,13,0,0
BRDA:298,13,1,0
BRDA:300,14,0,0
BRDA:300,14,1,0
BRDA:303,15,0,0
BRDA:303,15,1,0
BRDA:346,16,0,0
BRDA:346,16,1,0
BRDA:350,17,0,0
BRDA:350,17,1,0
BRDA:350,18,0,0
BRDA:350,18,1,0
BRDA:359,19,0,0
BRDA:359,19,1,0
BRDA:362,20,0,0
BRDA:362,20,1,0
BRDA:366,21,0,0
BRDA:366,21,1,0
BRDA:391,22,0,0
BRDA:391,22,1,0
BRDA:396,23,0,0
BRDA:396,23,1,0
BRDA:396,24,0,0
BRDA:396,24,1,0
BRDA:447,25,0,0
BRDA:447,25,1,0
BRDA:452,26,0,0
BRDA:452,26,1,0
BRDA:464,27,0,0
BRDA:464,27,1,0
BRDA:464,27,2,0
BRDA:464,27,3,0
BRDA:464,27,4,0
BRDA:464,27,5,0
BRDA:464,27,6,0
BRDA:497,28,0,0
BRDA:497,28,1,0
BRF:66
BRH:0
end_of_record
TN:
SF:src\utils\accessibility.ts
FN:3,(anonymous_0)
FN:13,(anonymous_1)
FN:17,(anonymous_2)
FN:76,(anonymous_3)
FN:81,(anonymous_4)
FN:86,(anonymous_5)
FN:91,(anonymous_6)
FN:97,(anonymous_7)
FN:101,(anonymous_8)
FN:106,(anonymous_9)
FN:113,(anonymous_10)
FN:125,(anonymous_11)
FN:147,(anonymous_12)
FN:154,(anonymous_13)
FN:165,(anonymous_14)
FN:178,(anonymous_15)
FNF:16
FNH:0
FNDA:0,(anonymous_0)
FNDA:0,(anonymous_1)
FNDA:0,(anonymous_2)
FNDA:0,(anonymous_3)
FNDA:0,(anonymous_4)
FNDA:0,(anonymous_5)
FNDA:0,(anonymous_6)
FNDA:0,(anonymous_7)
FNDA:0,(anonymous_8)
FNDA:0,(anonymous_9)
FNDA:0,(anonymous_10)
FNDA:0,(anonymous_11)
FNDA:0,(anonymous_12)
FNDA:0,(anonymous_13)
FNDA:0,(anonymous_14)
FNDA:0,(anonymous_15)
DA:1,0
DA:3,0
DA:4,0
DA:5,0
DA:6,0
DA:8,0
DA:9,0
DA:13,0
DA:14,0
DA:17,0
DA:18,0
DA:22,0
DA:66,0
DA:76,0
DA:77,0
DA:78,0
DA:81,0
DA:82,0
DA:83,0
DA:86,0
DA:87,0
DA:88,0
DA:91,0
DA:92,0
DA:93,0
DA:97,0
DA:98,0
DA:101,0
DA:102,0
DA:103,0
DA:106,0
DA:107,0
DA:108,0
DA:109,0
DA:113,0
DA:116,0
DA:125,0
DA:127,0
DA:134,0
DA:138,0
DA:147,0
DA:150,0
DA:154,0
DA:155,0
DA:156,0
DA:157,0
DA:159,0
DA:160,0
DA:165,0
DA:166,0
DA:178,0
DA:179,0
LF:52
LH:0
BRDA:107,0,0,0
BRDA:107,0,1,0
BRDA:108,1,0,0
BRDA:108,1,1,0
BRF:4
BRH:0
end_of_record
TN:
SF:src\utils\animationOptimizer.ts
FN:24,(anonymous_0)
FN:59,(anonymous_1)
FN:80,(anonymous_2)
FN:110,(anonymous_3)
FN:119,(anonymous_4)
FN:141,(anonymous_5)
FN:150,(anonymous_6)
FN:152,(anonymous_7)
FN:153,(anonymous_8)
FN:155,(anonymous_9)
FN:185,(anonymous_10)
FN:192,(anonymous_11)
FNF:12
FNH:0
FNDA:0,(anonymous_0)
FNDA:0,(anonymous_1)
FNDA:0,(anonymous_2)
FNDA:0,(anonymous_3)
FNDA:0,(anonymous_4)
FNDA:0,(anonymous_5)
FNDA:0,(anonymous_6)
FNDA:0,(anonymous_7)
FNDA:0,(anonymous_8)
FNDA:0,(anonymous_9)
FNDA:0,(anonymous_10)
FNDA:0,(anonymous_11)
DA:6,0
DA:17,0
DA:18,0
DA:19,0
DA:26,0
DA:53,0
DA:61,0
DA:72,0
DA:74,0
DA:81,0
DA:82,0
DA:85,0
DA:86,0
DA:87,0
DA:88,0
DA:89,0
DA:94,0
DA:95,0
DA:96,0
DA:97,0
DA:98,0
DA:99,0
DA:103,0
DA:104,0
DA:111,0
DA:113,0
DA:116,0
DA:117,0
DA:119,0
DA:121,0
DA:130,0
DA:131,0
DA:134,0
DA:149,0
DA:150,0
DA:152,0
DA:153,0
DA:154,0
DA:155,0
DA:158,0
DA:160,0
DA:161,0
DA:164,0
DA:165,0
DA:168,0
DA:169,0
DA:172,0
DA:186,0
DA:193,0
DA:194,0
DA:195,0
DA:199,0
LF:52
LH:0
BRDA:53,0,0,0
BRDA:53,0,1,0
BRDA:72,1,0,0
BRDA:72,1,1,0
BRDA:72,2,0,0
BRDA:72,2,1,0
BRDA:74,3,0,0
BRDA:74,3,1,0
BRDA:87,4,0,0
BRDA:87,4,1,0
BRDA:94,5,0,0
BRDA:94,5,1,0
BRDA:94,6,0,0
BRDA:94,6,1,0
BRDA:95,7,0,0
BRDA:95,7,1,0
BRDA:97,8,0,0
BRDA:97,8,1,0
BRDA:154,9,0,0
BRDA:154,9,1,0
BRDA:160,10,0,0
BRDA:160,10,1,0
BRDA:164,11,0,0
BRDA:164,11,1,0
BRDA:168,12,0,0
BRDA:168,12,1,0
BRF:26
BRH:0
end_of_record
TN:
SF:src\utils\constants.ts
FNF:0
FNH:0
DA:1,0
DA:52,0
DA:103,0
DA:149,0
DA:231,0
DA:437,0
DA:480,0
DA:568,0
DA:745,0
DA:756,0
LF:10
LH:0
BRF:0
BRH:0
end_of_record
TN:
SF:src\utils\costMonitoring.ts
FN:75,(anonymous_1)
FN:89,(anonymous_2)
FN:103,(anonymous_3)
FN:116,(anonymous_4)
FN:139,(anonymous_5)
FN:163,(anonymous_6)
FN:180,(anonymous_7)
FN:192,(anonymous_8)
FN:200,(anonymous_9)
FN:215,(anonymous_10)
FN:222,(anonymous_11)
FN:237,(anonymous_12)
FN:238,(anonymous_13)
FN:239,(anonymous_14)
FN:240,(anonymous_15)
FN:285,(anonymous_16)
FN:315,(anonymous_17)
FN:332,(anonymous_18)
FN:349,(anonymous_19)
FN:352,(anonymous_20)
FN:364,(anonymous_21)
FN:367,(anonymous_22)
FN:373,(anonymous_23)
FN:390,(anonymous_24)
FN:400,(anonymous_25)
FN:401,(anonymous_26)
FN:402,(anonymous_27)
FN:403,(anonymous_28)
FN:404,(anonymous_29)
FN:405,(anonymous_30)
FN:406,(anonymous_31)
FN:407,(anonymous_32)
FNF:32
FNH:0
FNDA:0,(anonymous_1)
FNDA:0,(anonymous_2)
FNDA:0,(anonymous_3)
FNDA:0,(anonymous_4)
FNDA:0,(anonymous_5)
FNDA:0,(anonymous_6)
FNDA:0,(anonymous_7)
FNDA:0,(anonymous_8)
FNDA:0,(anonymous_9)
FNDA:0,(anonymous_10)
FNDA:0,(anonymous_11)
FNDA:0,(anonymous_12)
FNDA:0,(anonymous_13)
FNDA:0,(anonymous_14)
FNDA:0,(anonymous_15)
FNDA:0,(anonymous_16)
FNDA:0,(anonymous_17)
FNDA:0,(anonymous_18)
FNDA:0,(anonymous_19)
FNDA:0,(anonymous_20)
FNDA:0,(anonymous_21)
FNDA:0,(anonymous_22)
FNDA:0,(anonymous_23)
FNDA:0,(anonymous_24)
FNDA:0,(anonymous_25)
FNDA:0,(anonymous_26)
FNDA:0,(anonymous_27)
FNDA:0,(anonymous_28)
FNDA:0,(anonymous_29)
FNDA:0,(anonymous_30)
FNDA:0,(anonymous_31)
FNDA:0,(anonymous_32)
DA:7,0
DA:8,0
DA:11,0
DA:18,0
DA:25,0
DA:54,0
DA:55,0
DA:62,0
DA:70,0
DA:76,0
DA:77,0
DA:78,0
DA:82,0
DA:83,0
DA:90,0
DA:91,0
DA:92,0
DA:96,0
DA:97,0
DA:104,0
DA:105,0
DA:106,0
DA:110,0
DA:117,0
DA:120,0
DA:121,0
DA:125,0
DA:126,0
DA:130,0
DA:131,0
DA:132,0
DA:140,0
DA:142,0
DA:144,0
DA:145,0
DA:146,0
DA:147,0
DA:149,0
DA:150,0
DA:151,0
DA:155,0
DA:158,0
DA:159,0
DA:163,0
DA:170,0
DA:173,0
DA:181,0
DA:182,0
DA:183,0
DA:185,0
DA:193,0
DA:194,0
DA:201,0
DA:203,0
DA:216,0
DA:223,0
DA:225,0
DA:226,0
DA:228,0
DA:229,0
DA:230,0
DA:231,0
DA:232,0
DA:237,0
DA:238,0
DA:239,0
DA:240,0
DA:243,0
DA:244,0
DA:245,0
DA:247,0
DA:260,0
DA:261,0
DA:263,0
DA:265,0
DA:268,0
DA:291,0
DA:292,0
DA:293,0
DA:295,0
DA:296,0
DA:297,0
DA:298,0
DA:299,0
DA:301,0
DA:304,0
DA:316,0
DA:317,0
DA:319,0
DA:320,0
DA:321,0
DA:322,0
DA:323,0
DA:324,0
DA:325,0
DA:326,0
DA:333,0
DA:336,0
DA:337,0
DA:338,0
DA:339,0
DA:340,0
DA:341,0
DA:344,0
DA:348,0
DA:349,0
DA:350,0
DA:352,0
DA:356,0
DA:358,0
DA:365,0
DA:366,0
DA:367,0
DA:368,0
DA:372,0
DA:373,0
DA:374,0
DA:375,0
DA:378,0
DA:379,0
DA:380,0
DA:383,0
DA:391,0
DA:392,0
DA:399,0
DA:400,0
DA:401,0
DA:402,0
DA:403,0
DA:404,0
DA:405,0
DA:406,0
DA:407,0
DA:410,0
LF:134
LH:0
BRDA:75,0,0,0
BRDA:89,1,0,0
BRDA:103,2,0,0
BRDA:120,3,0,0
BRDA:120,3,1,0
BRDA:125,4,0,0
BRDA:125,4,1,0
BRDA:131,5,0,0
BRDA:131,5,1,0
BRDA:140,6,0,0
BRDA:140,6,1,0
BRDA:146,7,0,0
BRDA:146,7,1,0
BRDA:149,8,0,0
BRDA:149,8,1,0
BRDA:158,9,0,0
BRDA:158,9,1,0
BRDA:222,10,0,0
BRDA:231,11,0,0
BRDA:231,11,1,0
BRDA:243,12,0,0
BRDA:243,12,1,0
BRDA:296,13,0,0
BRDA:296,13,1,0
BRDA:298,14,0,0
BRDA:298,14,1,0
BRDA:339,15,0,0
BRDA:339,15,1,0
BRDA:368,16,0,0
BRDA:368,16,1,0
BRDA:375,17,0,0
BRDA:375,17,1,0
BRDA:378,18,0,0
BRDA:378,18,1,0
BRDA:392,19,0,0
BRDA:392,19,1,0
BRF:36
BRH:0
end_of_record
TN:
SF:src\utils\featureHealthMonitor.ts
FN:32,(anonymous_1)
FN:60,(anonymous_2)
FN:78,(anonymous_3)
FN:103,(anonymous_4)
FN:146,(anonymous_5)
FN:159,(anonymous_6)
FN:229,(anonymous_7)
FN:244,(anonymous_8)
FN:256,(anonymous_9)
FN:272,(anonymous_10)
FN:273,(anonymous_11)
FN:274,(anonymous_12)
FN:277,(anonymous_13)
FN:278,(anonymous_14)
FN:279,(anonymous_15)
FN:282,(anonymous_16)
FN:283,(anonymous_17)
FN:284,(anonymous_18)
FN:287,(anonymous_19)
FN:288,(anonymous_20)
FN:289,(anonymous_21)
FN:292,(anonymous_22)
FN:293,(anonymous_23)
FN:294,(anonymous_24)
FNF:24
FNH:0
FNDA:0,(anonymous_1)
FNDA:0,(anonymous_2)
FNDA:0,(anonymous_3)
FNDA:0,(anonymous_4)
FNDA:0,(anonymous_5)
FNDA:0,(anonymous_6)
FNDA:0,(anonymous_7)
FNDA:0,(anonymous_8)
FNDA:0,(anonymous_9)
FNDA:0,(anonymous_10)
FNDA:0,(anonymous_11)
FNDA:0,(anonymous_12)
FNDA:0,(anonymous_13)
FNDA:0,(anonymous_14)
FNDA:0,(anonymous_15)
FNDA:0,(anonymous_16)
FNDA:0,(anonymous_17)
FNDA:0,(anonymous_18)
FNDA:0,(anonymous_19)
FNDA:0,(anonymous_20)
FNDA:0,(anonymous_21)
FNDA:0,(anonymous_22)
FNDA:0,(anonymous_23)
FNDA:0,(anonymous_24)
DA:6,0
DA:7,0
DA:25,0
DA:26,0
DA:27,0
DA:33,0
DA:34,0
DA:36,0
DA:45,0
DA:46,0
DA:48,0
DA:49,0
DA:51,0
DA:53,0
DA:61,0
DA:62,0
DA:64,0
DA:65,0
DA:66,0
DA:67,0
DA:68,0
DA:71,0
DA:79,0
DA:80,0
DA:82,0
DA:83,0
DA:84,0
DA:85,0
DA:86,0
DA:88,0
DA:89,0
DA:92,0
DA:93,0
DA:96,0
DA:104,0
DA:105,0
DA:107,0
DA:108,0
DA:109,0
DA:112,0
DA:114,0
DA:115,0
DA:116,0
DA:118,0
DA:119,0
DA:120,0
DA:121,0
DA:122,0
DA:123,0
DA:124,0
DA:125,0
DA:126,0
DA:127,0
DA:128,0
DA:131,0
DA:138,0
DA:139,0
DA:147,0
DA:148,0
DA:149,0
DA:151,0
DA:152,0
DA:167,0
DA:168,0
DA:170,0
DA:171,0
DA:172,0
DA:173,0
DA:174,0
DA:176,0
DA:177,0
DA:179,0
DA:180,0
DA:181,0
DA:182,0
DA:184,0
DA:186,0
DA:187,0
DA:188,0
DA:189,0
DA:195,0
DA:197,0
DA:198,0
DA:201,0
DA:202,0
DA:205,0
DA:214,0
DA:215,0
DA:230,0
DA:231,0
DA:232,0
DA:233,0
DA:234,0
DA:237,0
DA:245,0
DA:246,0
DA:247,0
DA:249,0
DA:257,0
DA:258,0
DA:259,0
DA:260,0
DA:262,0
DA:270,0
DA:272,0
DA:273,0
DA:274,0
DA:277,0
DA:278,0
DA:279,0
DA:282,0
DA:283,0
DA:284,0
DA:287,0
DA:288,0
DA:289,0
DA:292,0
DA:293,0
DA:294,0
DA:297,0
LF:120
LH:0
BRDA:36,0,0,0
BRDA:36,0,1,0
BRDA:65,1,0,0
BRDA:65,1,1,0
BRDA:83,2,0,0
BRDA:83,2,1,0
BRDA:85,3,0,0
BRDA:85,3,1,0
BRDA:88,4,0,0
BRDA:88,4,1,0
BRDA:108,5,0,0
BRDA:108,5,1,0
BRDA:108,6,0,0
BRDA:108,6,1,0
BRDA:118,7,0,0
BRDA:118,7,1,0
BRDA:122,8,0,0
BRDA:122,8,1,0
BRDA:126,9,0,0
BRDA:126,9,1,0
BRDA:177,10,0,0
BRDA:177,10,1,0
BRDA:180,11,0,0
BRDA:180,11,1,0
BRDA:181,12,0,0
BRDA:181,12,1,0
BRDA:186,13,0,0
BRDA:186,13,1,0
BRDA:188,14,0,0
BRDA:188,14,1,0
BRDA:197,15,0,0
BRDA:197,15,1,0
BRDA:201,16,0,0
BRDA:201,16,1,0
BRDA:232,17,0,0
BRDA:232,17,1,0
BRF:36
BRH:0
end_of_record
TN:
SF:src\utils\firebaseOptimizer.ts
FN:23,(anonymous_0)
FN:40,(anonymous_1)
FN:47,(anonymous_2)
FN:74,(anonymous_3)
FN:89,(anonymous_4)
FN:116,(anonymous_5)
FN:143,(anonymous_6)
FN:144,(anonymous_7)
FN:155,(anonymous_8)
FN:181,(anonymous_9)
FN:193,(anonymous_10)
FN:203,(anonymous_11)
FN:209,(anonymous_12)
FN:242,(anonymous_13)
FN:257,(anonymous_14)
FN:277,(anonymous_15)
FN:283,(anonymous_16)
FN:289,(anonymous_17)
FN:306,(anonymous_18)
FN:312,(anonymous_19)
FN:331,(anonymous_20)
FN:339,(anonymous_21)
FN:348,(anonymous_22)
FN:355,(anonymous_23)
FN:364,(anonymous_24)
FN:368,(anonymous_25)
FN:373,(anonymous_26)
FNF:27
FNH:0
FNDA:0,(anonymous_0)
FNDA:0,(anonymous_1)
FNDA:0,(anonymous_2)
FNDA:0,(anonymous_3)
FNDA:0,(anonymous_4)
FNDA:0,(anonymous_5)
FNDA:0,(anonymous_6)
FNDA:0,(anonymous_7)
FNDA:0,(anonymous_8)
FNDA:0,(anonymous_9)
FNDA:0,(anonymous_10)
FNDA:0,(anonymous_11)
FNDA:0,(anonymous_12)
FNDA:0,(anonymous_13)
FNDA:0,(anonymous_14)
FNDA:0,(anonymous_15)
FNDA:0,(anonymous_16)
FNDA:0,(anonymous_17)
FNDA:0,(anonymous_18)
FNDA:0,(anonymous_19)
FNDA:0,(anonymous_20)
FNDA:0,(anonymous_21)
FNDA:0,(anonymous_22)
FNDA:0,(anonymous_23)
FNDA:0,(anonymous_24)
FNDA:0,(anonymous_25)
FNDA:0,(anonymous_26)
DA:7,0
DA:8,0
DA:10,0
DA:14,0
DA:15,0
DA:16,0
DA:17,0
DA:18,0
DA:24,0
DA:25,0
DA:27,0
DA:28,0
DA:29,0
DA:30,0
DA:34,0
DA:41,0
DA:48,0
DA:51,0
DA:52,0
DA:53,0
DA:57,0
DA:58,0
DA:59,0
DA:63,0
DA:65,0
DA:67,0
DA:68,0
DA:76,0
DA:77,0
DA:78,0
DA:82,0
DA:83,0
DA:84,0
DA:85,0
DA:91,0
DA:92,0
DA:94,0
DA:95,0
DA:96,0
DA:100,0
DA:101,0
DA:102,0
DA:106,0
DA:109,0
DA:110,0
DA:117,0
DA:120,0
DA:121,0
DA:124,0
DA:126,0
DA:128,0
DA:129,0
DA:130,0
DA:131,0
DA:133,0
DA:135,0
DA:136,0
DA:144,0
DA:145,0
DA:146,0
DA:148,0
DA:149,0
DA:156,0
DA:164,0
DA:174,0
DA:175,0
DA:176,0
DA:182,0
DA:189,0
DA:190,0
DA:193,0
DA:194,0
DA:204,0
DA:206,0
DA:207,0
DA:209,0
DA:210,0
DA:213,0
DA:214,0
DA:215,0
DA:216,0
DA:218,0
DA:219,0
DA:221,0
DA:224,0
DA:225,0
DA:226,0
DA:227,0
DA:228,0
DA:230,0
DA:235,0
DA:243,0
DA:244,0
DA:245,0
DA:246,0
DA:248,0
DA:251,0
DA:258,0
DA:259,0
DA:260,0
DA:262,0
DA:267,0
DA:272,0
DA:273,0
DA:274,0
DA:275,0
DA:278,0
DA:279,0
DA:284,0
DA:285,0
DA:295,0
DA:296,0
DA:298,0
DA:307,0
DA:308,0
DA:309,0
DA:313,0
DA:314,0
DA:327,0
DA:332,0
DA:333,0
DA:340,0
DA:341,0
DA:342,0
DA:349,0
DA:356,0
DA:357,0
DA:364,0
DA:365,0
DA:368,0
DA:369,0
DA:373,0
DA:374,0
DA:378,0
DA:379,0
DA:380,0
DA:384,0
DA:387,0
LF:138
LH:0
BRDA:25,0,0,0
BRDA:25,0,1,0
BRDA:28,1,0,0
BRDA:28,1,1,0
BRDA:51,2,0,0
BRDA:51,2,1,0
BRDA:51,3,0,0
BRDA:51,3,1,0
BRDA:57,4,0,0
BRDA:57,4,1,0
BRDA:76,5,0,0
BRDA:76,5,1,0
BRDA:76,6,0,0
BRDA:76,6,1,0
BRDA:82,7,0,0
BRDA:82,7,1,0
BRDA:82,8,0,0
BRDA:82,8,1,0
BRDA:91,9,0,0
BRDA:91,9,1,0
BRDA:100,10,0,0
BRDA:100,10,1,0
BRDA:100,11,0,0
BRDA:100,11,1,0
BRDA:106,12,0,0
BRDA:106,12,1,0
BRDA:121,13,0,0
BRDA:121,13,1,0
BRDA:128,14,0,0
BRDA:128,14,1,0
BRDA:189,15,0,0
BRDA:189,15,1,0
BRDA:204,16,0,0
BRDA:204,16,1,0
BRDA:258,17,0,0
BRDA:258,17,1,0
BRDA:277,18,0,0
BRDA:283,19,0,0
BRDA:378,20,0,0
BRDA:378,20,1,0
BRF:40
BRH:0
end_of_record
TN:
SF:src\utils\geminiOptimizer.ts
FN:72,(anonymous_1)
FN:114,(anonymous_2)
FN:170,(anonymous_3)
FN:219,(anonymous_4)
FN:264,(anonymous_5)
FN:295,(anonymous_6)
FN:380,(anonymous_7)
FN:458,(anonymous_8)
FN:466,(anonymous_9)
FN:509,(anonymous_10)
FN:537,(anonymous_11)
FN:547,(anonymous_12)
FN:550,(anonymous_13)
FN:564,(anonymous_14)
FN:567,(anonymous_15)
FN:570,(anonymous_16)
FN:573,(anonymous_17)
FNF:17
FNH:0
FNDA:0,(anonymous_1)
FNDA:0,(anonymous_2)
FNDA:0,(anonymous_3)
FNDA:0,(anonymous_4)
FNDA:0,(anonymous_5)
FNDA:0,(anonymous_6)
FNDA:0,(anonymous_7)
FNDA:0,(anonymous_8)
FNDA:0,(anonymous_9)
FNDA:0,(anonymous_10)
FNDA:0,(anonymous_11)
FNDA:0,(anonymous_12)
FNDA:0,(anonymous_13)
FNDA:0,(anonymous_14)
FNDA:0,(anonymous_15)
FNDA:0,(anonymous_16)
FNDA:0,(anonymous_17)
DA:11,0
DA:13,0
DA:15,0
DA:18,0
DA:24,0
DA:57,0
DA:58,0
DA:65,0
DA:66,0
DA:67,0
DA:73,0
DA:74,0
DA:75,0
DA:77,0
DA:80,0
DA:81,0
DA:82,0
DA:83,0
DA:87,0
DA:88,0
DA:89,0
DA:90,0
DA:91,0
DA:96,0
DA:97,0
DA:98,0
DA:99,0
DA:102,0
DA:103,0
DA:106,0
DA:107,0
DA:116,0
DA:117,0
DA:118,0
DA:121,0
DA:122,0
DA:123,0
DA:125,0
DA:126,0
DA:136,0
DA:137,0
DA:138,0
DA:139,0
DA:143,0
DA:144,0
DA:148,0
DA:149,0
DA:151,0
DA:152,0
DA:155,0
DA:156,0
DA:159,0
DA:162,0
DA:163,0
DA:171,0
DA:172,0
DA:173,0
DA:176,0
DA:177,0
DA:178,0
DA:187,0
DA:188,0
DA:189,0
DA:190,0
DA:192,0
DA:195,0
DA:196,0
DA:197,0
DA:199,0
DA:200,0
DA:201,0
DA:204,0
DA:205,0
DA:207,0
DA:209,0
DA:212,0
DA:224,0
DA:225,0
DA:226,0
DA:228,0
DA:230,0
DA:231,0
DA:234,0
DA:235,0
DA:236,0
DA:238,0
DA:239,0
DA:240,0
DA:244,0
DA:245,0
DA:247,0
DA:248,0
DA:249,0
DA:252,0
DA:253,0
DA:256,0
DA:257,0
DA:272,0
DA:273,0
DA:274,0
DA:284,0
DA:285,0
DA:288,0
DA:301,0
DA:304,0
DA:305,0
DA:306,0
DA:307,0
DA:311,0
DA:318,0
DA:319,0
DA:320,0
DA:321,0
DA:325,0
DA:326,0
DA:327,0
DA:328,0
DA:332,0
DA:333,0
DA:351,0
DA:352,0
DA:353,0
DA:355,0
DA:358,0
DA:362,0
DA:365,0
DA:366,0
DA:368,0
DA:371,0
DA:372,0
DA:373,0
DA:382,0
DA:383,0
DA:384,0
DA:385,0
DA:389,0
DA:396,0
DA:397,0
DA:398,0
DA:402,0
DA:403,0
DA:404,0
DA:405,0
DA:409,0
DA:411,0
DA:413,0
DA:414,0
DA:415,0
DA:417,0
DA:420,0
DA:444,0
DA:445,0
DA:447,0
DA:450,0
DA:451,0
DA:460,0
DA:473,0
DA:474,0
DA:475,0
DA:476,0
DA:485,0
DA:487,0
DA:495,0
DA:496,0
DA:510,0
DA:511,0
DA:514,0
DA:520,0
DA:525,0
DA:526,0
DA:528,0
DA:530,0
DA:538,0
DA:540,0
DA:543,0
DA:544,0
DA:545,0
DA:547,0
DA:548,0
DA:550,0
DA:553,0
DA:554,0
DA:555,0
DA:556,0
DA:563,0
DA:565,0
DA:568,0
DA:571,0
DA:574,0
DA:577,0
LF:190
LH:0
BRDA:75,0,0,0
BRDA:75,0,1,0
BRDA:80,1,0,0
BRDA:80,1,1,0
BRDA:88,2,0,0
BRDA:88,2,1,0
BRDA:90,3,0,0
BRDA:90,3,1,0
BRDA:91,4,0,0
BRDA:91,4,1,0
BRDA:96,5,0,0
BRDA:96,5,1,0
BRDA:114,6,0,0
BRDA:116,7,0,0
BRDA:116,7,1,0
BRDA:116,8,0,0
BRDA:116,8,1,0
BRDA:126,9,0,0
BRDA:126,9,1,0
BRDA:136,10,0,0
BRDA:136,10,1,0
BRDA:143,11,0,0
BRDA:143,11,1,0
BRDA:151,12,0,0
BRDA:151,12,1,0
BRDA:155,13,0,0
BRDA:155,13,1,0
BRDA:159,14,0,0
BRDA:159,14,1,0
BRDA:178,15,0,0
BRDA:178,15,1,0
BRDA:197,16,0,0
BRDA:197,16,1,0
BRDA:199,17,0,0
BRDA:199,17,1,0
BRDA:228,18,0,0
BRDA:228,18,1,0
BRDA:235,19,0,0
BRDA:235,19,1,0
BRDA:236,20,0,0
BRDA:236,20,1,0
BRDA:238,21,0,0
BRDA:238,21,1,0
BRDA:247,22,0,0
BRDA:247,22,1,0
BRDA:297,23,0,0
BRDA:299,24,0,0
BRDA:305,25,0,0
BRDA:305,25,1,0
BRDA:314,26,0,0
BRDA:314,26,1,0
BRDA:319,27,0,0
BRDA:319,27,1,0
BRDA:326,28,0,0
BRDA:326,28,1,0
BRDA:333,29,0,0
BRDA:333,29,1,0
BRDA:340,30,0,0
BRDA:340,30,1,0
BRDA:341,31,0,0
BRDA:341,31,1,0
BRDA:358,32,0,0
BRDA:358,32,1,0
BRDA:380,33,0,0
BRDA:383,34,0,0
BRDA:383,34,1,0
BRDA:392,35,0,0
BRDA:392,35,1,0
BRDA:397,36,0,0
BRDA:397,36,1,0
BRDA:403,37,0,0
BRDA:403,37,1,0
BRDA:458,38,0,0
BRDA:458,39,0,0
BRDA:476,40,0,0
BRDA:476,40,1,0
BRDA:556,41,0,0
BRDA:556,41,1,0
BRF:78
BRH:0
end_of_record
TN:
SF:src\utils\helpers.ts
FN:6,(anonymous_0)
FN:35,(anonymous_1)
FN:53,(anonymous_2)
FN:63,(anonymous_3)
FN:69,(anonymous_4)
FN:78,(anonymous_5)
FN:82,(anonymous_6)
FN:86,(anonymous_7)
FN:92,(anonymous_8)
FN:96,(anonymous_9)
FN:105,(anonymous_10)
FN:114,(anonymous_11)
FN:136,(anonymous_12)
FN:144,(anonymous_13)
FN:183,(anonymous_14)
FN:262,(anonymous_15)
FN:270,(anonymous_16)
FN:287,(anonymous_17)
FN:447,(anonymous_18)
FN:457,(anonymous_19)
FN:478,(anonymous_20)
FN:499,(anonymous_21)
FN:521,(anonymous_22)
FN:538,(anonymous_23)
FN:593,(anonymous_24)
FN:612,(anonymous_25)
FN:648,(anonymous_26)
FN:753,(anonymous_27)
FN:757,(anonymous_28)
FN:762,(anonymous_29)
FN:768,(anonymous_30)
FN:782,(anonymous_31)
FN:790,(anonymous_32)
FN:826,(anonymous_33)
FN:876,(anonymous_34)
FN:917,(anonymous_35)
FN:925,(anonymous_36)
FN:949,(anonymous_37)
FNF:38
FNH:0
FNDA:0,(anonymous_0)
FNDA:0,(anonymous_1)
FNDA:0,(anonymous_2)
FNDA:0,(anonymous_3)
FNDA:0,(anonymous_4)
FNDA:0,(anonymous_5)
FNDA:0,(anonymous_6)
FNDA:0,(anonymous_7)
FNDA:0,(anonymous_8)
FNDA:0,(anonymous_9)
FNDA:0,(anonymous_10)
FNDA:0,(anonymous_11)
FNDA:0,(anonymous_12)
FNDA:0,(anonymous_13)
FNDA:0,(anonymous_14)
FNDA:0,(anonymous_15)
FNDA:0,(anonymous_16)
FNDA:0,(anonymous_17)
FNDA:0,(anonymous_18)
FNDA:0,(anonymous_19)
FNDA:0,(anonymous_20)
FNDA:0,(anonymous_21)
FNDA:0,(anonymous_22)
FNDA:0,(anonymous_23)
FNDA:0,(anonymous_24)
FNDA:0,(anonymous_25)
FNDA:0,(anonymous_26)
FNDA:0,(anonymous_27)
FNDA:0,(anonymous_28)
FNDA:0,(anonymous_29)
FNDA:0,(anonymous_30)
FNDA:0,(anonymous_31)
FNDA:0,(anonymous_32)
FNDA:0,(anonymous_33)
FNDA:0,(anonymous_34)
FNDA:0,(anonymous_35)
FNDA:0,(anonymous_36)
FNDA:0,(anonymous_37)
DA:2,0
DA:3,0
DA:4,0
DA:6,0
DA:7,0
DA:8,0
DA:10,0
DA:11,0
DA:12,0
DA:13,0
DA:14,0
DA:18,0
DA:19,0
DA:20,0
DA:23,0
DA:27,0
DA:35,0
DA:36,0
DA:37,0
DA:39,0
DA:40,0
DA:43,0
DA:44,0
DA:46,0
DA:47,0
DA:50,0
DA:53,0
DA:54,0
DA:56,0
DA:57,0
DA:58,0
DA:60,0
DA:63,0
DA:64,0
DA:69,0
DA:70,0
DA:78,0
DA:79,0
DA:82,0
DA:83,0
DA:84,0
DA:86,0
DA:92,0
DA:93,0
DA:96,0
DA:97,0
DA:99,0
DA:100,0
DA:102,0
DA:105,0
DA:106,0
DA:108,0
DA:109,0
DA:111,0
DA:114,0
DA:115,0
DA:117,0
DA:118,0
DA:119,0
DA:121,0
DA:122,0
DA:123,0
DA:125,0
DA:126,0
DA:129,0
DA:130,0
DA:133,0
DA:136,0
DA:137,0
DA:138,0
DA:140,0
DA:144,0
DA:145,0
DA:147,0
DA:182,0
DA:183,0
DA:184,0
DA:186,0
DA:189,0
DA:261,0
DA:262,0
DA:263,0
DA:265,0
DA:270,0
DA:274,0
DA:275,0
DA:279,0
DA:280,0
DA:281,0
DA:283,0
DA:287,0
DA:289,0
DA:290,0
DA:343,0
DA:344,0
DA:345,0
DA:346,0
DA:350,0
DA:351,0
DA:405,0
DA:406,0
DA:407,0
DA:408,0
DA:412,0
DA:415,0
DA:416,0
DA:417,0
DA:418,0
DA:421,0
DA:422,0
DA:423,0
DA:427,0
DA:428,0
DA:429,0
DA:430,0
DA:431,0
DA:432,0
DA:433,0
DA:434,0
DA:435,0
DA:436,0
DA:437,0
DA:438,0
DA:442,0
DA:443,0
DA:447,0
DA:448,0
DA:450,0
DA:453,0
DA:457,0
DA:459,0
DA:460,0
DA:465,0
DA:474,0
DA:478,0
DA:479,0
DA:480,0
DA:483,0
DA:485,0
DA:486,0
DA:487,0
DA:495,0
DA:499,0
DA:500,0
DA:501,0
DA:502,0
DA:505,0
DA:508,0
DA:510,0
DA:517,0
DA:521,0
DA:522,0
DA:523,0
DA:526,0
DA:527,0
DA:529,0
DA:538,0
DA:545,0
DA:546,0
DA:547,0
DA:551,0
DA:552,0
DA:553,0
DA:562,0
DA:563,0
DA:564,0
DA:573,0
DA:574,0
DA:575,0
DA:589,0
DA:593,0
DA:594,0
DA:595,0
DA:598,0
DA:599,0
DA:601,0
DA:603,0
DA:612,0
DA:619,0
DA:620,0
DA:621,0
DA:629,0
DA:631,0
DA:632,0
DA:641,0
DA:648,0
DA:661,0
DA:664,0
DA:665,0
DA:666,0
DA:667,0
DA:670,0
DA:671,0
DA:672,0
DA:673,0
DA:676,0
DA:677,0
DA:678,0
DA:679,0
DA:680,0
DA:683,0
DA:684,0
DA:685,0
DA:686,0
DA:687,0
DA:688,0
DA:690,0
DA:694,0
DA:696,0
DA:697,0
DA:699,0
DA:701,0
DA:703,0
DA:704,0
DA:706,0
DA:707,0
DA:709,0
DA:710,0
DA:712,0
DA:716,0
DA:717,0
DA:718,0
DA:719,0
DA:720,0
DA:722,0
DA:725,0
DA:729,0
DA:730,0
DA:732,0
DA:736,0
DA:737,0
DA:738,0
DA:739,0
DA:741,0
DA:744,0
DA:753,0
DA:754,0
DA:757,0
DA:758,0
DA:759,0
DA:762,0
DA:763,0
DA:764,0
DA:765,0
DA:768,0
DA:770,0
DA:771,0
DA:774,0
DA:776,0
DA:782,0
DA:784,0
DA:787,0
DA:790,0
DA:791,0
DA:793,0
DA:795,0
DA:797,0
DA:798,0
DA:800,0
DA:801,0
DA:803,0
DA:807,0
DA:813,0
DA:826,0
DA:827,0
DA:828,0
DA:829,0
DA:832,0
DA:833,0
DA:835,0
DA:836,0
DA:847,0
DA:850,0
DA:851,0
DA:852,0
DA:853,0
DA:854,0
DA:855,0
DA:856,0
DA:857,0
DA:858,0
DA:859,0
DA:860,0
DA:861,0
DA:863,0
DA:866,0
DA:876,0
DA:877,0
DA:878,0
DA:880,0
DA:882,0
DA:884,0
DA:892,0
DA:900,0
DA:908,0
DA:917,0
DA:918,0
DA:919,0
DA:920,0
DA:922,0
DA:925,0
DA:927,0
DA:928,0
DA:931,0
DA:934,0
DA:935,0
DA:938,0
DA:939,0
DA:941,0
DA:942,0
DA:945,0
DA:949,0
DA:952,0
LF:313
LH:0
BRDA:11,0,0,0
BRDA:11,0,1,0
BRDA:11,1,0,0
BRDA:11,1,1,0
BRDA:18,2,0,0
BRDA:18,2,1,0
BRDA:23,3,0,0
BRDA:23,3,1,0
BRDA:36,4,0,0
BRDA:36,4,1,0
BRDA:36,5,0,0
BRDA:36,5,1,0
BRDA:54,6,0,0
BRDA:54,6,1,0
BRDA:54,7,0,0
BRDA:54,7,1,0
BRDA:54,7,2,0
BRDA:64,8,0,0
BRDA:64,8,1,0
BRDA:64,8,2,0
BRDA:97,9,0,0
BRDA:97,9,1,0
BRDA:106,10,0,0
BRDA:106,10,1,0
BRDA:115,11,0,0
BRDA:115,11,1,0
BRDA:125,12,0,0
BRDA:125,12,1,0
BRDA:129,13,0,0
BRDA:129,13,1,0
BRDA:136,14,0,0
BRDA:145,15,0,0
BRDA:145,15,1,0
BRDA:274,16,0,0
BRDA:274,16,1,0
BRDA:275,17,0,0
BRDA:275,17,1,0
BRDA:287,18,0,0
BRDA:289,19,0,0
BRDA:289,19,1,0
BRDA:291,20,0,0
BRDA:291,20,1,0
BRDA:291,21,0,0
BRDA:291,21,1,0
BRDA:292,22,0,0
BRDA:292,22,1,0
BRDA:292,23,0,0
BRDA:292,23,1,0
BRDA:293,24,0,0
BRDA:293,24,1,0
BRDA:293,25,0,0
BRDA:293,25,1,0
BRDA:294,26,0,0
BRDA:294,26,1,0
BRDA:294,27,0,0
BRDA:294,27,1,0
BRDA:295,28,0,0
BRDA:295,28,1,0
BRDA:295,29,0,0
BRDA:295,29,1,0
BRDA:296,30,0,0
BRDA:296,30,1,0
BRDA:296,31,0,0
BRDA:296,31,1,0
BRDA:297,32,0,0
BRDA:297,32,1,0
BRDA:297,33,0,0
BRDA:297,33,1,0
BRDA:298,34,0,0
BRDA:298,34,1,0
BRDA:298,35,0,0
BRDA:298,35,1,0
BRDA:299,36,0,0
BRDA:299,36,1,0
BRDA:299,37,0,0
BRDA:299,37,1,0
BRDA:300,38,0,0
BRDA:300,38,1,0
BRDA:300,39,0,0
BRDA:300,39,1,0
BRDA:301,40,0,0
BRDA:301,40,1,0
BRDA:301,41,0,0
BRDA:301,41,1,0
BRDA:302,42,0,0
BRDA:302,42,1,0
BRDA:302,43,0,0
BRDA:302,43,1,0
BRDA:303,44,0,0
BRDA:303,44,1,0
BRDA:303,45,0,0
BRDA:303,45,1,0
BRDA:304,46,0,0
BRDA:304,46,1,0
BRDA:304,47,0,0
BRDA:304,47,1,0
BRDA:305,48,0,0
BRDA:305,48,1,0
BRDA:305,49,0,0
BRDA:305,49,1,0
BRDA:306,50,0,0
BRDA:306,50,1,0
BRDA:306,51,0,0
BRDA:306,51,1,0
BRDA:307,52,0,0
BRDA:307,52,1,0
BRDA:307,53,0,0
BRDA:307,53,1,0
BRDA:308,54,0,0
BRDA:308,54,1,0
BRDA:308,55,0,0
BRDA:308,55,1,0
BRDA:309,56,0,0
BRDA:309,56,1,0
BRDA:309,57,0,0
BRDA:309,57,1,0
BRDA:310,58,0,0
BRDA:310,58,1,0
BRDA:310,59,0,0
BRDA:310,59,1,0
BRDA:311,60,0,0
BRDA:311,60,1,0
BRDA:311,61,0,0
BRDA:311,61,1,0
BRDA:312,62,0,0
BRDA:312,62,1,0
BRDA:312,63,0,0
BRDA:312,63,1,0
BRDA:313,64,0,0
BRDA:313,64,1,0
BRDA:313,65,0,0
BRDA:313,65,1,0
BRDA:314,66,0,0
BRDA:314,66,1,0
BRDA:314,67,0,0
BRDA:314,67,1,0
BRDA:315,68,0,0
BRDA:315,68,1,0
BRDA:315,69,0,0
BRDA:315,69,1,0
BRDA:316,70,0,0
BRDA:316,70,1,0
BRDA:316,71,0,0
BRDA:316,71,1,0
BRDA:317,72,0,0
BRDA:317,72,1,0
BRDA:317,73,0,0
BRDA:317,73,1,0
BRDA:318,74,0,0
BRDA:318,74,1,0
BRDA:318,75,0,0
BRDA:318,75,1,0
BRDA:319,76,0,0
BRDA:319,76,1,0
BRDA:319,77,0,0
BRDA:319,77,1,0
BRDA:320,78,0,0
BRDA:320,78,1,0
BRDA:320,79,0,0
BRDA:320,79,1,0
BRDA:321,80,0,0
BRDA:321,80,1,0
BRDA:321,81,0,0
BRDA:321,81,1,0
BRDA:322,82,0,0
BRDA:322,82,1,0
BRDA:322,83,0,0
BRDA:322,83,1,0
BRDA:323,84,0,0
BRDA:323,84,1,0
BRDA:323,85,0,0
BRDA:323,85,1,0
BRDA:324,86,0,0
BRDA:324,86,1,0
BRDA:324,87,0,0
BRDA:324,87,1,0
BRDA:325,88,0,0
BRDA:325,88,1,0
BRDA:325,89,0,0
BRDA:325,89,1,0
BRDA:326,90,0,0
BRDA:326,90,1,0
BRDA:326,91,0,0
BRDA:326,91,1,0
BRDA:327,92,0,0
BRDA:327,92,1,0
BRDA:327,93,0,0
BRDA:327,93,1,0
BRDA:328,94,0,0
BRDA:328,94,1,0
BRDA:328,95,0,0
BRDA:328,95,1,0
BRDA:329,96,0,0
BRDA:329,96,1,0
BRDA:329,97,0,0
BRDA:329,97,1,0
BRDA:330,98,0,0
BRDA:330,98,1,0
BRDA:330,99,0,0
BRDA:330,99,1,0
BRDA:331,100,0,0
BRDA:331,100,1,0
BRDA:331,101,0,0
BRDA:331,101,1,0
BRDA:332,102,0,0
BRDA:332,102,1,0
BRDA:332,103,0,0
BRDA:332,103,1,0
BRDA:333,104,0,0
BRDA:333,104,1,0
BRDA:333,105,0,0
BRDA:333,105,1,0
BRDA:334,106,0,0
BRDA:334,106,1,0
BRDA:334,107,0,0
BRDA:334,107,1,0
BRDA:335,108,0,0
BRDA:335,108,1,0
BRDA:335,109,0,0
BRDA:335,109,1,0
BRDA:336,110,0,0
BRDA:336,110,1,0
BRDA:336,111,0,0
BRDA:336,111,1,0
BRDA:337,112,0,0
BRDA:337,112,1,0
BRDA:337,113,0,0
BRDA:337,113,1,0
BRDA:338,114,0,0
BRDA:338,114,1,0
BRDA:338,115,0,0
BRDA:338,115,1,0
BRDA:339,116,0,0
BRDA:339,116,1,0
BRDA:339,117,0,0
BRDA:339,117,1,0
BRDA:344,118,0,0
BRDA:344,118,1,0
BRDA:350,119,0,0
BRDA:350,119,1,0
BRDA:352,120,0,0
BRDA:352,120,1,0
BRDA:352,121,0,0
BRDA:352,121,1,0
BRDA:353,122,0,0
BRDA:353,122,1,0
BRDA:353,123,0,0
BRDA:353,123,1,0
BRDA:354,124,0,0
BRDA:354,124,1,0
BRDA:354,125,0,0
BRDA:354,125,1,0
BRDA:355,126,0,0
BRDA:355,126,1,0
BRDA:355,127,0,0
BRDA:355,127,1,0
BRDA:356,128,0,0
BRDA:356,128,1,0
BRDA:356,129,0,0
BRDA:356,129,1,0
BRDA:357,130,0,0
BRDA:357,130,1,0
BRDA:357,131,0,0
BRDA:357,131,1,0
BRDA:358,132,0,0
BRDA:358,132,1,0
BRDA:358,133,0,0
BRDA:358,133,1,0
BRDA:359,134,0,0
BRDA:359,134,1,0
BRDA:359,135,0,0
BRDA:359,135,1,0
BRDA:360,136,0,0
BRDA:360,136,1,0
BRDA:360,137,0,0
BRDA:360,137,1,0
BRDA:361,138,0,0
BRDA:361,138,1,0
BRDA:361,139,0,0
BRDA:361,139,1,0
BRDA:362,140,0,0
BRDA:362,140,1,0
BRDA:362,141,0,0
BRDA:362,141,1,0
BRDA:363,142,0,0
BRDA:363,142,1,0
BRDA:363,143,0,0
BRDA:363,143,1,0
BRDA:364,144,0,0
BRDA:364,144,1,0
BRDA:364,145,0,0
BRDA:364,145,1,0
BRDA:365,146,0,0
BRDA:365,146,1,0
BRDA:365,147,0,0
BRDA:365,147,1,0
BRDA:366,148,0,0
BRDA:366,148,1,0
BRDA:366,149,0,0
BRDA:366,149,1,0
BRDA:367,150,0,0
BRDA:367,150,1,0
BRDA:367,151,0,0
BRDA:367,151,1,0
BRDA:368,152,0,0
BRDA:368,152,1,0
BRDA:368,153,0,0
BRDA:368,153,1,0
BRDA:369,154,0,0
BRDA:369,154,1,0
BRDA:369,155,0,0
BRDA:369,155,1,0
BRDA:370,156,0,0
BRDA:370,156,1,0
BRDA:370,157,0,0
BRDA:370,157,1,0
BRDA:371,158,0,0
BRDA:371,158,1,0
BRDA:371,159,0,0
BRDA:371,159,1,0
BRDA:372,160,0,0
BRDA:372,160,1,0
BRDA:372,161,0,0
BRDA:372,161,1,0
BRDA:373,162,0,0
BRDA:373,162,1,0
BRDA:373,163,0,0
BRDA:373,163,1,0
BRDA:374,164,0,0
BRDA:374,164,1,0
BRDA:374,165,0,0
BRDA:374,165,1,0
BRDA:375,166,0,0
BRDA:375,166,1,0
BRDA:375,167,0,0
BRDA:375,167,1,0
BRDA:376,168,0,0
BRDA:376,168,1,0
BRDA:376,169,0,0
BRDA:376,169,1,0
BRDA:377,170,0,0
BRDA:377,170,1,0
BRDA:377,171,0,0
BRDA:377,171,1,0
BRDA:378,172,0,0
BRDA:378,172,1,0
BRDA:378,173,0,0
BRDA:378,173,1,0
BRDA:379,174,0,0
BRDA:379,174,1,0
BRDA:379,175,0,0
BRDA:379,175,1,0
BRDA:380,176,0,0
BRDA:380,176,1,0
BRDA:380,177,0,0
BRDA:380,177,1,0
BRDA:381,178,0,0
BRDA:381,178,1,0
BRDA:381,179,0,0
BRDA:381,179,1,0
BRDA:382,180,0,0
BRDA:382,180,1,0
BRDA:382,181,0,0
BRDA:382,181,1,0
BRDA:383,182,0,0
BRDA:383,182,1,0
BRDA:383,183,0,0
BRDA:383,183,1,0
BRDA:384,184,0,0
BRDA:384,184,1,0
BRDA:384,185,0,0
BRDA:384,185,1,0
BRDA:385,186,0,0
BRDA:385,186,1,0
BRDA:385,187,0,0
BRDA:385,187,1,0
BRDA:386,188,0,0
BRDA:386,188,1,0
BRDA:386,189,0,0
BRDA:386,189,1,0
BRDA:387,190,0,0
BRDA:387,190,1,0
BRDA:387,191,0,0
BRDA:387,191,1,0
BRDA:388,192,0,0
BRDA:388,192,1,0
BRDA:388,193,0,0
BRDA:388,193,1,0
BRDA:389,194,0,0
BRDA:389,194,1,0
BRDA:389,195,0,0
BRDA:389,195,1,0
BRDA:390,196,0,0
BRDA:390,196,1,0
BRDA:390,197,0,0
BRDA:390,197,1,0
BRDA:391,198,0,0
BRDA:391,198,1,0
BRDA:391,199,0,0
BRDA:391,199,1,0
BRDA:392,200,0,0
BRDA:392,200,1,0
BRDA:392,201,0,0
BRDA:392,201,1,0
BRDA:393,202,0,0
BRDA:393,202,1,0
BRDA:393,203,0,0
BRDA:393,203,1,0
BRDA:394,204,0,0
BRDA:394,204,1,0
BRDA:394,205,0,0
BRDA:394,205,1,0
BRDA:395,206,0,0
BRDA:395,206,1,0
BRDA:395,207,0,0
BRDA:395,207,1,0
BRDA:396,208,0,0
BRDA:396,208,1,0
BRDA:396,209,0,0
BRDA:396,209,1,0
BRDA:397,210,0,0
BRDA:397,210,1,0
BRDA:397,211,0,0
BRDA:397,211,1,0
BRDA:398,212,0,0
BRDA:398,212,1,0
BRDA:398,213,0,0
BRDA:398,213,1,0
BRDA:399,214,0,0
BRDA:399,214,1,0
BRDA:399,215,0,0
BRDA:399,215,1,0
BRDA:400,216,0,0
BRDA:400,216,1,0
BRDA:400,217,0,0
BRDA:400,217,1,0
BRDA:401,218,0,0
BRDA:401,218,1,0
BRDA:401,219,0,0
BRDA:401,219,1,0
BRDA:406,220,0,0
BRDA:406,220,1,0
BRDA:415,221,0,0
BRDA:415,221,1,0
BRDA:416,222,0,0
BRDA:416,222,1,0
BRDA:421,223,0,0
BRDA:421,223,1,0
BRDA:421,224,0,0
BRDA:421,224,1,0
BRDA:427,225,0,0
BRDA:427,225,1,0
BRDA:430,226,0,0
BRDA:430,226,1,0
BRDA:433,227,0,0
BRDA:433,227,1,0
BRDA:436,228,0,0
BRDA:436,228,1,0
BRDA:448,229,0,0
BRDA:448,229,1,0
BRDA:453,230,0,0
BRDA:453,230,1,0
BRDA:457,231,0,0
BRDA:459,232,0,0
BRDA:459,232,1,0
BRDA:460,233,0,0
BRDA:460,233,1,0
BRDA:479,234,0,0
BRDA:479,234,1,0
BRDA:486,235,0,0
BRDA:486,235,1,0
BRDA:486,236,0,0
BRDA:486,236,1,0
BRDA:500,237,0,0
BRDA:500,237,1,0
BRDA:501,238,0,0
BRDA:501,238,1,0
BRDA:502,239,0,0
BRDA:502,239,1,0
BRDA:505,240,0,0
BRDA:505,240,1,0
BRDA:505,241,0,0
BRDA:505,241,1,0
BRDA:526,242,0,0
BRDA:526,242,1,0
BRDA:527,243,0,0
BRDA:527,243,1,0
BRDA:527,244,0,0
BRDA:527,244,1,0
BRDA:546,245,0,0
BRDA:546,245,1,0
BRDA:552,246,0,0
BRDA:552,246,1,0
BRDA:563,247,0,0
BRDA:563,247,1,0
BRDA:574,248,0,0
BRDA:574,248,1,0
BRDA:574,249,0,0
BRDA:574,249,1,0
BRDA:579,250,0,0
BRDA:579,250,1,0
BRDA:580,251,0,0
BRDA:580,251,1,0
BRDA:581,252,0,0
BRDA:581,252,1,0
BRDA:582,253,0,0
BRDA:582,253,1,0
BRDA:583,254,0,0
BRDA:583,254,1,0
BRDA:598,255,0,0
BRDA:598,255,1,0
BRDA:601,256,0,0
BRDA:601,256,1,0
BRDA:601,257,0,0
BRDA:601,257,1,0
BRDA:612,258,0,0
BRDA:620,259,0,0
BRDA:620,259,1,0
BRDA:620,260,0,0
BRDA:620,260,1,0
BRDA:631,261,0,0
BRDA:631,261,1,0
BRDA:673,262,0,0
BRDA:673,262,1,0
BRDA:683,263,0,0
BRDA:683,263,1,0
BRDA:683,264,0,0
BRDA:683,264,1,0
BRDA:685,265,0,0
BRDA:685,265,1,0
BRDA:687,266,0,0
BRDA:687,266,1,0
BRDA:694,267,0,0
BRDA:694,267,1,0
BRDA:694,267,2,0
BRDA:694,267,3,0
BRDA:694,267,4,0
BRDA:696,268,0,0
BRDA:696,268,1,0
BRDA:716,269,0,0
BRDA:716,269,1,0
BRDA:717,270,0,0
BRDA:717,270,1,0
BRDA:719,271,0,0
BRDA:719,271,1,0
BRDA:729,272,0,0
BRDA:729,272,1,0
BRDA:736,273,0,0
BRDA:736,273,1,0
BRDA:738,274,0,0
BRDA:738,274,1,0
BRDA:774,275,0,0
BRDA:774,275,1,0
BRDA:778,276,0,0
BRDA:778,276,1,0
BRDA:787,277,0,0
BRDA:787,277,1,0
BRDA:791,278,0,0
BRDA:791,278,1,0
BRDA:798,279,0,0
BRDA:798,279,1,0
BRDA:798,279,2,0
BRDA:800,280,0,0
BRDA:800,280,1,0
BRDA:800,281,0,0
BRDA:800,281,1,0
BRDA:829,282,0,0
BRDA:829,282,1,0
BRDA:835,283,0,0
BRDA:835,283,1,0
BRDA:835,284,0,0
BRDA:835,284,1,0
BRDA:850,285,0,0
BRDA:850,285,1,0
BRDA:850,286,0,0
BRDA:850,286,1,0
BRDA:854,287,0,0
BRDA:854,287,1,0
BRDA:854,288,0,0
BRDA:854,288,1,0
BRDA:858,289,0,0
BRDA:858,289,1,0
BRDA:876,290,0,0
BRDA:882,291,0,0
BRDA:882,291,1,0
BRDA:882,291,2,0
BRDA:882,291,3,0
BRDA:885,292,0,0
BRDA:885,292,1,0
BRDA:886,293,0,0
BRDA:886,293,1,0
BRDA:893,294,0,0
BRDA:893,294,1,0
BRDA:894,295,0,0
BRDA:894,295,1,0
BRDA:901,296,0,0
BRDA:901,296,1,0
BRDA:902,297,0,0
BRDA:902,297,1,0
BRDA:909,298,0,0
BRDA:909,298,1,0
BRDA:910,299,0,0
BRDA:910,299,1,0
BRDA:919,300,0,0
BRDA:919,300,1,0
BRDA:920,301,0,0
BRDA:920,301,1,0
BRDA:922,302,0,0
BRDA:922,302,1,0
BRDA:922,302,2,0
BRDA:922,302,3,0
BRDA:927,303,0,0
BRDA:927,303,1,0
BRDA:928,304,0,0
BRDA:928,304,1,0
BRDA:938,305,0,0
BRDA:938,305,1,0
BRDA:941,306,0,0
BRDA:941,306,1,0
BRF:619
BRH:0
end_of_record
TN:
SF:src\utils\initializeCommunityStats.ts
FN:16,(anonymous_0)
FN:48,(anonymous_1)
FNF:2
FNH:0
FNDA:0,(anonymous_0)
FNDA:0,(anonymous_1)
DA:8,0
DA:9,0
DA:10,0
DA:16,0
DA:17,0
DA:18,0
DA:21,0
DA:22,0
DA:24,0
DA:25,0
DA:26,0
DA:30,0
DA:32,0
DA:34,0
DA:35,0
DA:38,0
DA:40,0
DA:48,0
DA:49,0
DA:50,0
DA:51,0
DA:52,0
DA:53,0
DA:55,0
DA:56,0
LF:25
LH:0
BRDA:24,0,0,0
BRDA:24,0,1,0
BRF:2
BRH:0
end_of_record
TN:
SF:src\utils\lungcatHealth.ts
FN:19,(anonymous_0)
FN:95,(anonymous_1)
FN:102,(anonymous_2)
FNF:3
FNH:0
FNDA:0,(anonymous_0)
FNDA:0,(anonymous_1)
FNDA:0,(anonymous_2)
DA:19,0
DA:20,0
DA:21,0
DA:28,0
DA:29,0
DA:34,0
DA:35,0
DA:36,0
DA:37,0
DA:38,0
DA:39,0
DA:40,0
DA:41,0
DA:43,0
DA:47,0
DA:49,0
DA:50,0
DA:51,0
DA:54,0
DA:55,0
DA:56,0
DA:57,0
DA:62,0
DA:68,0
DA:69,0
DA:70,0
DA:71,0
DA:72,0
DA:73,0
DA:74,0
DA:75,0
DA:76,0
DA:77,0
DA:78,0
DA:79,0
DA:81,0
DA:82,0
DA:85,0
DA:95,0
DA:96,0
DA:102,0
DA:103,0
DA:105,0
DA:107,0
DA:109,0
DA:111,0
DA:113,0
LF:47
LH:0
BRDA:20,0,0,0
BRDA:20,0,1,0
BRDA:28,1,0,0
BRDA:28,1,1,0
BRDA:34,2,0,0
BRDA:34,2,1,0
BRDA:36,3,0,0
BRDA:36,3,1,0
BRDA:38,4,0,0
BRDA:38,4,1,0
BRDA:40,5,0,0
BRDA:40,5,1,0
BRDA:49,6,0,0
BRDA:49,6,1,0
BRDA:54,7,0,0
BRDA:54,7,1,0
BRDA:56,8,0,0
BRDA:56,8,1,0
BRDA:68,9,0,0
BRDA:68,9,1,0
BRDA:71,10,0,0
BRDA:71,10,1,0
BRDA:74,11,0,0
BRDA:74,11,1,0
BRDA:77,12,0,0
BRDA:77,12,1,0
BRDA:105,13,0,0
BRDA:105,13,1,0
BRDA:105,13,2,0
BRDA:105,13,3,0
BRF:30
BRH:0
end_of_record
TN:
SF:src\utils\missionTranslations.ts
FN:357,(anonymous_0)
FN:368,(anonymous_1)
FN:375,(anonymous_2)
FN:408,(anonymous_3)
FN:416,(anonymous_4)
FN:421,(anonymous_5)
FN:431,(anonymous_6)
FN:450,(anonymous_7)
FN:483,(anonymous_8)
FN:489,(anonymous_9)
FN:516,(anonymous_10)
FN:517,(anonymous_11)
FN:523,(anonymous_12)
FNF:13
FNH:0
FNDA:0,(anonymous_0)
FNDA:0,(anonymous_1)
FNDA:0,(anonymous_2)
FNDA:0,(anonymous_3)
FNDA:0,(anonymous_4)
FNDA:0,(anonymous_5)
FNDA:0,(anonymous_6)
FNDA:0,(anonymous_7)
FNDA:0,(anonymous_8)
FNDA:0,(anonymous_9)
FNDA:0,(anonymous_10)
FNDA:0,(anonymous_11)
FNDA:0,(anonymous_12)
DA:7,0
DA:11,0
DA:81,0
DA:357,0
DA:362,0
DA:364,0
DA:367,0
DA:368,0
DA:372,0
DA:375,0
DA:376,0
DA:378,0
DA:379,0
DA:380,0
DA:392,0
DA:408,0
DA:413,0
DA:416,0
DA:417,0
DA:421,0
DA:422,0
DA:423,0
DA:424,0
DA:425,0
DA:426,0
DA:430,0
DA:431,0
DA:432,0
DA:433,0
DA:437,0
DA:438,0
DA:441,0
DA:442,0
DA:443,0
DA:447,0
DA:450,0
DA:451,0
DA:453,0
DA:454,0
DA:455,0
DA:467,0
DA:483,0
DA:487,0
DA:489,0
DA:490,0
DA:491,0
DA:492,0
DA:495,0
DA:496,0
DA:497,0
DA:498,0
DA:501,0
DA:516,0
DA:517,0
DA:523,0
DA:527,0
DA:529,0
DA:530,0
DA:531,0
DA:532,0
DA:536,0
DA:543,0
DA:550,0
LF:63
LH:0
BRDA:358,0,0,0
BRDA:359,1,0,0
BRDA:360,2,0,0
BRDA:367,3,0,0
BRDA:367,3,1,0
BRDA:378,4,0,0
BRDA:378,4,1,0
BRDA:409,5,0,0
BRDA:410,6,0,0
BRDA:417,7,0,0
BRDA:417,7,1,0
BRDA:453,8,0,0
BRDA:453,8,1,0
BRDA:485,9,0,0
BRDA:490,10,0,0
BRDA:490,10,1,0
BRDA:496,11,0,0
BRDA:496,11,1,0
BRDA:531,12,0,0
BRDA:531,12,1,0
BRF:20
BRH:0
end_of_record
TN:
SF:src\utils\offlineFirstStorage.ts
FN:51,(anonymous_1)
FN:76,(anonymous_2)
FN:94,(anonymous_3)
FN:99,(anonymous_4)
FN:108,(anonymous_5)
FN:136,(anonymous_6)
FN:162,(anonymous_7)
FN:175,(anonymous_8)
FN:236,(anonymous_9)
FN:240,(anonymous_10)
FN:247,(anonymous_11)
FN:251,(anonymous_12)
FN:258,(anonymous_13)
FN:275,(anonymous_14)
FN:296,(anonymous_15)
FN:304,(anonymous_16)
FN:319,(anonymous_17)
FN:332,(anonymous_18)
FN:333,(anonymous_19)
FN:341,(anonymous_20)
FN:344,(anonymous_21)
FN:347,(anonymous_22)
FN:350,(anonymous_23)
FN:351,(anonymous_24)
FNF:24
FNH:0
FNDA:0,(anonymous_1)
FNDA:0,(anonymous_2)
FNDA:0,(anonymous_3)
FNDA:0,(anonymous_4)
FNDA:0,(anonymous_5)
FNDA:0,(anonymous_6)
FNDA:0,(anonymous_7)
FNDA:0,(anonymous_8)
FNDA:0,(anonymous_9)
FNDA:0,(anonymous_10)
FNDA:0,(anonymous_11)
FNDA:0,(anonymous_12)
FNDA:0,(anonymous_13)
FNDA:0,(anonymous_14)
FNDA:0,(anonymous_15)
FNDA:0,(anonymous_16)
FNDA:0,(anonymous_17)
FNDA:0,(anonymous_18)
FNDA:0,(anonymous_19)
FNDA:0,(anonymous_20)
FNDA:0,(anonymous_21)
FNDA:0,(anonymous_22)
FNDA:0,(anonymous_23)
FNDA:0,(anonymous_24)
DA:7,0
DA:11,0
DA:36,0
DA:37,0
DA:44,0
DA:45,0
DA:46,0
DA:52,0
DA:53,0
DA:54,0
DA:56,0
DA:57,0
DA:59,0
DA:60,0
DA:61,0
DA:62,0
DA:65,0
DA:66,0
DA:68,0
DA:69,0
DA:77,0
DA:78,0
DA:84,0
DA:85,0
DA:87,0
DA:95,0
DA:96,0
DA:100,0
DA:101,0
DA:109,0
DA:110,0
DA:119,0
DA:122,0
DA:127,0
DA:130,0
DA:137,0
DA:138,0
DA:139,0
DA:141,0
DA:142,0
DA:145,0
DA:146,0
DA:148,0
DA:153,0
DA:155,0
DA:163,0
DA:164,0
DA:165,0
DA:167,0
DA:168,0
DA:176,0
DA:178,0
DA:179,0
DA:182,0
DA:183,0
DA:184,0
DA:187,0
DA:189,0
DA:191,0
DA:192,0
DA:194,0
DA:195,0
DA:198,0
DA:203,0
DA:204,0
DA:207,0
DA:209,0
DA:210,0
DA:211,0
DA:213,0
DA:219,0
DA:220,0
DA:225,0
DA:226,0
DA:229,0
DA:237,0
DA:241,0
DA:248,0
DA:252,0
DA:259,0
DA:260,0
DA:266,0
DA:268,0
DA:281,0
DA:282,0
DA:283,0
DA:285,0
DA:297,0
DA:298,0
DA:305,0
DA:308,0
DA:309,0
DA:310,0
DA:311,0
DA:312,0
DA:315,0
DA:319,0
DA:320,0
DA:323,0
DA:330,0
DA:332,0
DA:335,0
DA:337,0
DA:341,0
DA:344,0
DA:347,0
DA:350,0
DA:351,0
DA:354,0
LF:109
LH:0
BRDA:54,0,0,0
BRDA:54,0,1,0
BRDA:59,1,0,0
BRDA:59,1,1,0
BRDA:139,2,0,0
BRDA:139,2,1,0
BRDA:145,3,0,0
BRDA:145,3,1,0
BRDA:165,4,0,0
BRDA:165,4,1,0
BRDA:176,5,0,0
BRDA:176,5,1,0
BRDA:183,6,0,0
BRDA:183,6,1,0
BRDA:187,7,0,0
BRDA:187,7,1,0
BRDA:210,8,0,0
BRDA:210,8,1,0
BRDA:310,9,0,0
BRDA:310,9,1,0
BRF:20
BRH:0
end_of_record
TN:
SF:src\utils\performanceOptimizer.ts
FN:7,(anonymous_0)
FN:12,(anonymous_1)
FN:17,(anonymous_2)
FN:21,(anonymous_3)
FN:29,(anonymous_4)
FN:34,(anonymous_5)
FN:36,(anonymous_6)
FN:41,(anonymous_7)
FN:46,(anonymous_8)
FN:60,(anonymous_9)
FN:64,(anonymous_10)
FN:77,(anonymous_11)
FN:81,(anonymous_12)
FN:85,(anonymous_13)
FN:93,(anonymous_14)
FN:96,(anonymous_15)
FNF:16
FNH:3
FNDA:1,(anonymous_0)
FNDA:0,(anonymous_1)
FNDA:1,(anonymous_2)
FNDA:0,(anonymous_3)
FNDA:0,(anonymous_4)
FNDA:0,(anonymous_5)
FNDA:0,(anonymous_6)
FNDA:0,(anonymous_7)
FNDA:0,(anonymous_8)
FNDA:1,(anonymous_9)
FNDA:0,(anonymous_10)
FNDA:0,(anonymous_11)
FNDA:0,(anonymous_12)
FNDA:0,(anonymous_13)
FNDA:0,(anonymous_14)
FNDA:0,(anonymous_15)
DA:4,1
DA:6,1
DA:8,1
DA:9,1
DA:13,0
DA:14,0
DA:19,1
DA:22,0
DA:23,0
DA:29,1
DA:34,0
DA:35,0
DA:36,0
DA:41,1
DA:45,0
DA:46,0
DA:47,0
DA:48,0
DA:49,0
DA:50,0
DA:57,1
DA:61,1
DA:65,0
DA:66,0
DA:68,0
DA:69,0
DA:70,0
DA:71,0
DA:74,0
DA:78,0
DA:82,0
DA:86,0
DA:90,1
DA:93,1
DA:94,0
DA:96,0
DA:97,0
DA:99,0
DA:100,0
DA:103,0
DA:104,0
DA:105,0
LF:42
LH:11
BRDA:8,0,0,1
BRDA:8,0,1,0
BRDA:13,1,0,0
BRDA:13,1,1,0
BRDA:22,2,0,0
BRDA:22,2,1,0
BRDA:48,3,0,0
BRDA:48,3,1,0
BRDA:60,4,0,1
BRDA:66,5,0,0
BRDA:66,5,1,0
BRDA:69,6,0,0
BRDA:69,6,1,0
BRDA:99,7,0,0
BRDA:99,7,1,0
BRF:15
BRH:2
end_of_record
TN:
SF:src\utils\referrals.ts
FN:8,(anonymous_0)
FN:24,(anonymous_1)
FN:43,(anonymous_2)
FN:63,(anonymous_3)
FN:78,(anonymous_4)
FN:105,(anonymous_5)
FN:122,(anonymous_6)
FN:137,(anonymous_7)
FN:166,(anonymous_8)
FN:190,(anonymous_9)
FNF:10
FNH:0
FNDA:0,(anonymous_0)
FNDA:0,(anonymous_1)
FNDA:0,(anonymous_2)
FNDA:0,(anonymous_3)
FNDA:0,(anonymous_4)
FNDA:0,(anonymous_5)
FNDA:0,(anonymous_6)
FNDA:0,(anonymous_7)
FNDA:0,(anonymous_8)
FNDA:0,(anonymous_9)
DA:1,0
DA:2,0
DA:8,0
DA:9,0
DA:10,0
DA:12,0
DA:13,0
DA:16,0
DA:24,0
DA:25,0
DA:26,0
DA:27,0
DA:28,0
DA:30,0
DA:32,0
DA:34,0
DA:43,0
DA:44,0
DA:45,0
DA:46,0
DA:48,0
DA:49,0
DA:54,0
DA:55,0
DA:63,0
DA:64,0
DA:65,0
DA:69,0
DA:70,0
DA:78,0
DA:79,0
DA:80,0
DA:83,0
DA:84,0
DA:85,0
DA:86,0
DA:88,0
DA:89,0
DA:93,0
DA:95,0
DA:96,0
DA:105,0
DA:106,0
DA:108,0
DA:109,0
DA:110,0
DA:113,0
DA:122,0
DA:123,0
DA:125,0
DA:126,0
DA:129,0
DA:137,0
DA:138,0
DA:139,0
DA:142,0
DA:150,0
DA:152,0
DA:166,0
DA:167,0
DA:169,0
DA:170,0
DA:171,0
DA:179,0
DA:190,0
DA:191,0
DA:192,0
DA:195,0
DA:198,0
DA:201,0
DA:202,0
DA:203,0
DA:205,0
DA:206,0
LF:74
LH:0
BRDA:43,0,0,0
BRDA:48,1,0,0
BRDA:48,1,1,0
BRDA:64,2,0,0
BRDA:64,2,1,0
BRDA:64,3,0,0
BRDA:64,3,1,0
BRDA:79,4,0,0
BRDA:79,4,1,0
BRDA:88,5,0,0
BRDA:88,5,1,0
BRDA:106,6,0,0
BRDA:106,6,1,0
BRDA:109,7,0,0
BRDA:109,7,1,0
BRDA:122,8,0,0
BRDA:125,9,0,0
BRDA:125,9,1,0
BRDA:170,10,0,0
BRDA:170,10,1,0
BRDA:191,11,0,0
BRDA:191,11,1,0
BRDA:202,12,0,0
BRDA:202,12,1,0
BRDA:203,13,0,0
BRDA:203,13,1,0
BRF:26
BRH:0
end_of_record
TN:
SF:src\utils\socialProof.ts
FN:49,(anonymous_0)
FN:87,(anonymous_1)
FN:89,(anonymous_2)
FN:106,(anonymous_3)
FN:119,(anonymous_4)
FNF:5
FNH:0
FNDA:0,(anonymous_0)
FNDA:0,(anonymous_1)
FNDA:0,(anonymous_2)
FNDA:0,(anonymous_3)
FNDA:0,(anonymous_4)
DA:5,0
DA:42,0
DA:49,0
DA:54,0
DA:55,0
DA:60,0
DA:61,0
DA:62,0
DA:63,0
DA:64,0
DA:65,0
DA:66,0
DA:67,0
DA:68,0
DA:69,0
DA:70,0
DA:71,0
DA:73,0
DA:74,0
DA:77,0
DA:87,0
DA:88,0
DA:89,0
DA:90,0
DA:92,0
DA:106,0
DA:107,0
DA:109,0
DA:110,0
DA:113,0
DA:119,0
DA:120,0
DA:121,0
DA:122,0
DA:123,0
DA:125,0
LF:36
LH:0
BRDA:54,0,0,0
BRDA:54,0,1,0
BRDA:60,1,0,0
BRDA:60,1,1,0
BRDA:63,2,0,0
BRDA:63,2,1,0
BRDA:66,3,0,0
BRDA:66,3,1,0
BRDA:69,4,0,0
BRDA:69,4,1,0
BRDA:106,5,0,0
BRDA:109,6,0,0
BRDA:109,6,1,0
BRDA:120,7,0,0
BRDA:120,7,1,0
BRDA:122,8,0,0
BRDA:122,8,1,0
BRF:17
BRH:0
end_of_record
TN:
SF:src\utils\typography.ts
FN:5,(anonymous_0)
FN:138,(anonymous_1)
FNF:2
FNH:0
FNDA:0,(anonymous_0)
FNDA:0,(anonymous_1)
DA:2,0
DA:5,0
DA:6,0
DA:13,0
DA:138,0
DA:142,0
LF:6
LH:0
BRDA:140,0,0,0
BRF:1
BRH:0
end_of_record
TN:
SF:src\utils\validation.ts
FN:11,(anonymous_0)
FN:38,(anonymous_1)
FN:46,(anonymous_2)
FN:96,(anonymous_3)
FN:129,(anonymous_4)
FN:146,(anonymous_5)
FN:194,(anonymous_6)
FN:216,(anonymous_7)
FN:246,(anonymous_8)
FN:264,(anonymous_9)
FN:271,(anonymous_10)
FN:279,(anonymous_11)
FNF:12
FNH:0
FNDA:0,(anonymous_0)
FNDA:0,(anonymous_1)
FNDA:0,(anonymous_2)
FNDA:0,(anonymous_3)
FNDA:0,(anonymous_4)
FNDA:0,(anonymous_5)
FNDA:0,(anonymous_6)
FNDA:0,(anonymous_7)
FNDA:0,(anonymous_8)
FNDA:0,(anonymous_9)
FNDA:0,(anonymous_10)
FNDA:0,(anonymous_11)
DA:11,0
DA:12,0
DA:14,0
DA:15,0
DA:16,0
DA:19,0
DA:20,0
DA:24,0
DA:26,0
DA:27,0
DA:31,0
DA:38,0
DA:39,0
DA:42,0
DA:46,0
DA:47,0
DA:49,0
DA:50,0
DA:51,0
DA:54,0
DA:55,0
DA:58,0
DA:59,0
DA:63,0
DA:64,0
DA:68,0
DA:69,0
DA:73,0
DA:74,0
DA:78,0
DA:79,0
DA:83,0
DA:88,0
DA:89,0
DA:92,0
DA:96,0
DA:97,0
DA:99,0
DA:100,0
DA:101,0
DA:105,0
DA:106,0
DA:109,0
DA:110,0
DA:114,0
DA:115,0
DA:116,0
DA:120,0
DA:129,0
DA:130,0
DA:134,0
DA:135,0
DA:138,0
DA:139,0
DA:142,0
DA:146,0
DA:147,0
DA:149,0
DA:150,0
DA:151,0
DA:155,0
DA:156,0
DA:159,0
DA:160,0
DA:164,0
DA:165,0
DA:166,0
DA:170,0
DA:171,0
DA:175,0
DA:176,0
DA:180,0
DA:186,0
DA:187,0
DA:190,0
DA:194,0
DA:195,0
DA:197,0
DA:198,0
DA:202,0
DA:203,0
DA:207,0
DA:208,0
DA:209,0
DA:212,0
DA:216,0
DA:223,0
DA:226,0
DA:227,0
DA:228,0
DA:229,0
DA:232,0
DA:233,0
DA:234,0
DA:235,0
DA:238,0
DA:239,0
DA:242,0
DA:246,0
DA:247,0
DA:249,0
DA:250,0
DA:252,0
DA:253,0
DA:256,0
DA:257,0
DA:260,0
DA:264,0
DA:265,0
DA:271,0
DA:272,0
DA:279,0
DA:280,0
LF:113
LH:0
BRDA:14,0,0,0
BRDA:14,0,1,0
BRDA:19,1,0,0
BRDA:19,1,1,0
BRDA:26,2,0,0
BRDA:26,2,1,0
BRDA:38,3,0,0
BRDA:38,3,1,0
BRDA:49,4,0,0
BRDA:49,4,1,0
BRDA:54,5,0,0
BRDA:54,5,1,0
BRDA:58,6,0,0
BRDA:58,6,1,0
BRDA:63,7,0,0
BRDA:63,7,1,0
BRDA:68,8,0,0
BRDA:68,8,1,0
BRDA:73,9,0,0
BRDA:73,9,1,0
BRDA:78,10,0,0
BRDA:78,10,1,0
BRDA:88,11,0,0
BRDA:88,11,1,0
BRDA:99,12,0,0
BRDA:99,12,1,0
BRDA:105,13,0,0
BRDA:105,13,1,0
BRDA:109,14,0,0
BRDA:109,14,1,0
BRDA:115,15,0,0
BRDA:115,15,1,0
BRDA:129,16,0,0
BRDA:129,16,1,0
BRDA:134,17,0,0
BRDA:134,17,1,0
BRDA:138,18,0,0
BRDA:138,18,1,0
BRDA:149,19,0,0
BRDA:149,19,1,0
BRDA:155,20,0,0
BRDA:155,20,1,0
BRDA:159,21,0,0
BRDA:159,21,1,0
BRDA:165,22,0,0
BRDA:165,22,1,0
BRDA:170,23,0,0
BRDA:170,23,1,0
BRDA:175,24,0,0
BRDA:175,24,1,0
BRDA:186,25,0,0
BRDA:186,25,1,0
BRDA:197,26,0,0
BRDA:197,26,1,0
BRDA:202,27,0,0
BRDA:202,27,1,0
BRDA:202,28,0,0
BRDA:202,28,1,0
BRDA:208,29,0,0
BRDA:208,29,1,0
BRDA:238,30,0,0
BRDA:238,30,1,0
BRDA:249,31,0,0
BRDA:249,31,1,0
BRDA:256,32,0,0
BRDA:256,32,1,0
BRF:66
BRH:0
end_of_record
